2023-03-28 10:06:58,185 [INFO] Activator:176 - 


2023-03-28 10:06:58,187 [INFO] Activator:177 - !SESSION log4j initialized
2023-03-28 10:06:59,671 [INFO] LogOutputStream:77 - [STDOUT_REDIRECT] 
2023-03-28 10:07:18,852 [INFO] ApplicationProperties:184 - Using Application install path: /opt/st/stm32cubeide_1.12.0/plugins/com.st.stm32cube.common.mx_6.8.0.202302231600
2023-03-28 10:07:18,881 [INFO] DbMcusXml:78 - Set database path to: /opt/st/stm32cubeide_1.12.0/plugins/com.st.stm32cube.common.mx_6.8.0.202302231600//db//mcu/
2023-03-28 10:07:18,882 [INFO] ApiDb:274 - Set plugin database path to: /opt/st/stm32cubeide_1.12.0/plugins/com.st.stm32cube.common.mx_6.8.0.202302231600//db//plugins/boardmanager/
2023-03-28 10:07:18,884 [WARN] ApiDb:259 - Overriding images path with different value:  => /opt/st/stm32cubeide_1.12.0/plugins/com.st.stm32cube.common.mx_6.8.0.202302231600//db//plugins/mcufinder/images/
2023-03-28 10:07:18,893 [INFO] ApiDb:250 - Set database path to: /home/breno/.stmcufinder/plugins/mcufinder//mcu/
2023-03-28 10:07:18,895 [INFO] DbMcusAds:125 - Set database path to: /home/breno/.stmcufinder/plugins/mcufinder//mcu/
2023-03-28 10:07:18,990 [INFO] CrossReferenceDbSqlite:203 - Set database path to: /home/breno/.stmcufinder/plugins/mcufinder//mcu/cs/
2023-03-28 10:07:19,075 [INFO] RulesReader:64 - Compatibility file has been processed (293 Rules)
2023-03-28 10:07:19,117 [INFO] DbMcusXml:78 - Set database path to: /opt/st/stm32cubeide_1.12.0/plugins/com.st.stm32cube.common.mx_6.8.0.202302231600//db//mcu/
2023-03-28 10:07:19,117 [INFO] ApiDb:274 - Set plugin database path to: /opt/st/stm32cubeide_1.12.0/plugins/com.st.stm32cube.common.mx_6.8.0.202302231600//db//plugins/boardmanager/
2023-03-28 10:07:19,117 [INFO] ApiDb:261 - Set plugin images path to: /opt/st/stm32cubeide_1.12.0/plugins/com.st.stm32cube.common.mx_6.8.0.202302231600//db//plugins/mcufinder/images/
2023-03-28 10:07:19,117 [WARN] DbFile:41 - Overriding database path with different value: /home/breno/.stmcufinder/plugins/mcufinder/ => /home/breno/.stmcufinder/plugins/mcufinder
2023-03-28 10:07:19,117 [INFO] ApiDb:250 - Set database path to: /home/breno/.stmcufinder/plugins/mcufinder//mcu/
2023-03-28 10:07:19,118 [WARN] DbFile:41 - Overriding database path with different value: /home/breno/.stmcufinder/plugins/mcufinder/ => /home/breno/.stmcufinder/plugins/mcufinder
2023-03-28 10:07:19,118 [INFO] DbMcusAds:125 - Set database path to: /home/breno/.stmcufinder/plugins/mcufinder//mcu/
2023-03-28 10:07:19,118 [WARN] DbFile:41 - Overriding database path with different value: /home/breno/.stmcufinder/plugins/mcufinder/ => /home/breno/.stmcufinder/plugins/mcufinder
2023-03-28 10:07:19,118 [WARN] DbFile:41 - Overriding database path with different value: /home/breno/.stmcufinder/plugins/mcufinder/ => /home/breno/.stmcufinder/plugins/mcufinder
2023-03-28 10:07:19,118 [INFO] CrossReferenceDbSqlite:203 - Set database path to: /home/breno/.stmcufinder/plugins/mcufinder//mcu/cs/
2023-03-28 10:07:19,160 [INFO] MainPanel:253 - HeapMemory: 268435456
2023-03-28 10:07:19,262 [INFO] DbMcusXml:78 - Set database path to: /opt/st/stm32cubeide_1.12.0/plugins/com.st.stm32cube.common.mx_6.8.0.202302231600//db//mcu/
2023-03-28 10:07:19,262 [INFO] ApiDb:274 - Set plugin database path to: /opt/st/stm32cubeide_1.12.0/plugins/com.st.stm32cube.common.mx_6.8.0.202302231600//db//plugins/boardmanager/
2023-03-28 10:07:19,263 [INFO] ApiDb:261 - Set plugin images path to: /opt/st/stm32cubeide_1.12.0/plugins/com.st.stm32cube.common.mx_6.8.0.202302231600//db//plugins/mcufinder/images/
2023-03-28 10:07:19,263 [WARN] DbFile:41 - Overriding database path with different value: /home/breno/.stmcufinder/plugins/mcufinder/ => /home/breno/.stmcufinder/plugins/mcufinder
2023-03-28 10:07:19,263 [INFO] ApiDb:250 - Set database path to: /home/breno/.stmcufinder/plugins/mcufinder//mcu/
2023-03-28 10:07:19,263 [WARN] DbFile:41 - Overriding database path with different value: /home/breno/.stmcufinder/plugins/mcufinder/ => /home/breno/.stmcufinder/plugins/mcufinder
2023-03-28 10:07:19,263 [INFO] DbMcusAds:125 - Set database path to: /home/breno/.stmcufinder/plugins/mcufinder//mcu/
2023-03-28 10:07:19,263 [WARN] DbFile:41 - Overriding database path with different value: /home/breno/.stmcufinder/plugins/mcufinder/ => /home/breno/.stmcufinder/plugins/mcufinder
2023-03-28 10:07:19,263 [WARN] DbFile:41 - Overriding database path with different value: /home/breno/.stmcufinder/plugins/mcufinder/ => /home/breno/.stmcufinder/plugins/mcufinder
2023-03-28 10:07:19,263 [INFO] CrossReferenceDbSqlite:203 - Set database path to: /home/breno/.stmcufinder/plugins/mcufinder//mcu/cs/
2023-03-28 10:07:19,280 [INFO] ApplicationProperties:184 - Using Application install path: /opt/st/stm32cubeide_1.12.0/plugins/com.st.stm32cube.common.mx_6.8.0.202302231600
2023-03-28 10:07:19,281 [INFO] PluginManage:196 - Search for loadable plugins [exclusion list=, ]
2023-03-28 10:07:19,282 [INFO] PluginManage:310 - Check plugin analytics
2023-03-28 10:07:19,422 [INFO] AnalyticsPlugin:253 - Accepted Software Licenses: 
2023-03-28 10:07:19,422 [INFO] AnalyticsPlugin:255 - Accepted CMSIS Pack Licenses: 
2023-03-28 10:07:19,423 [INFO] AnalyticsPlugin:257 - Accepted Firmware Licenses: 
2023-03-28 10:07:19,429 [INFO] PluginManage:359 - Loaded plugin analytics (category:tool,tabindex:-1)
2023-03-28 10:07:19,430 [INFO] PluginManage:310 - Check plugin cadmodel
2023-03-28 10:07:19,465 [INFO] CADModel:105 - Init CAD model plugin
2023-03-28 10:07:19,466 [INFO] PluginManage:359 - Loaded plugin cadmodel (category:power,tabindex:5)
2023-03-28 10:07:19,466 [INFO] PluginManage:310 - Check plugin clock
2023-03-28 10:07:19,479 [INFO] PluginManage:359 - Loaded plugin clock (category:base,tabindex:2)
2023-03-28 10:07:19,479 [INFO] PluginManage:310 - Check plugin ddr
2023-03-28 10:07:19,481 [INFO] PluginManage:359 - Loaded plugin ddr (category:tool,tabindex:6)
2023-03-28 10:07:19,481 [INFO] PluginManage:310 - Check plugin filemanager
2023-03-28 10:07:19,632 [INFO] PluginManage:359 - Loaded plugin filemanager (category:base,tabindex:10)
2023-03-28 10:07:19,632 [INFO] PluginManage:310 - Check plugin ipmanager
2023-03-28 10:07:19,637 [INFO] PluginManage:359 - Loaded plugin ipmanager (category:base,tabindex:5)
2023-03-28 10:07:19,637 [INFO] PluginManage:310 - Check plugin lpbam
2023-03-28 10:07:19,647 [INFO] PluginManage:359 - Loaded plugin lpbam (category:base,tabindex:0)
2023-03-28 10:07:19,647 [INFO] PluginManage:310 - Check plugin pinoutandconfiguration
2023-03-28 10:07:19,653 [INFO] PluginManage:359 - Loaded plugin pinoutandconfiguration (category:base,tabindex:1)
2023-03-28 10:07:19,653 [INFO] PluginManage:310 - Check plugin pinoutconfig
2023-03-28 10:07:19,706 [WARN] SupportedApi:132 - Cannot load RTOS API schema: s4s-elt-must-match.1: The content of 'definitions' must match (annotation?, (simpleType | complexType)?, (unique | key | keyref)*)). A problem was found starting at: attribute.
2023-03-28 10:07:19,799 [INFO] PluginManage:359 - Loaded plugin pinoutconfig (category:base,tabindex:0)
2023-03-28 10:07:19,799 [INFO] PluginManage:310 - Check plugin power
2023-03-28 10:07:19,805 [INFO] PluginManage:359 - Loaded plugin power (category:power,tabindex:4)
2023-03-28 10:07:19,806 [INFO] PluginManage:310 - Check plugin projectmanager
2023-03-28 10:07:19,818 [INFO] PluginManage:359 - Loaded plugin projectmanager (category:projectmanager,tabindex:3)
2023-03-28 10:07:19,819 [INFO] PluginManage:310 - Check plugin thirdparty
2023-03-28 10:07:19,921 [WARN] IntegrityCheckThread:84 - waiting for thirdparty lock release [integrity check]
2023-03-28 10:07:19,921 [INFO] PluginManage:359 - Loaded plugin thirdparty (category:base,tabindex:-1)
2023-03-28 10:07:19,921 [INFO] IntegrityCheckThread:86 - entering critical section [integrity check]
2023-03-28 10:07:19,921 [INFO] PluginManage:310 - Check plugin tools
2023-03-28 10:07:19,922 [INFO] ThirdPartyUpdaterWithRetryManager:70 - Updater plugin not ready yet. [1/15]
2023-03-28 10:07:19,923 [INFO] PluginManage:359 - Loaded plugin tools (category:base,tabindex:7)
2023-03-28 10:07:19,923 [INFO] PluginManage:310 - Check plugin tutovideos
2023-03-28 10:07:20,085 [INFO] PluginManage:359 - Loaded plugin tutovideos (category:base,tabindex:-1)
2023-03-28 10:07:20,085 [INFO] PluginManage:310 - Check plugin updater
2023-03-28 10:07:20,096 [INFO] PluginManage:359 - Loaded plugin updater (category:base,tabindex:12)
2023-03-28 10:07:20,097 [INFO] PluginManage:283 - PluginManage : Loaded plugins [15]
2023-03-28 10:07:20,299 [INFO] PinOutPanel:1499 - setPackage(No Configuration,No Configuration)
2023-03-28 10:07:20,368 [INFO] CADModel:165 - CPN selected for project level
2023-03-28 10:07:20,368 [INFO] CADModel:114 - Register for checkConnection events
2023-03-28 10:07:20,383 [INFO] IPUIPlugin:80 - create IPUIPlugin
2023-03-28 10:07:20,384 [INFO] PluginManager:220 - loadIPPluginJar : add sai
2023-03-28 10:07:20,389 [INFO] IPUIPlugin:80 - create IPUIPlugin
2023-03-28 10:07:20,390 [INFO] PluginManager:220 - loadIPPluginJar : add gic
2023-03-28 10:07:20,392 [INFO] IPUIPlugin:80 - create IPUIPlugin
2023-03-28 10:07:20,392 [INFO] PluginManager:220 - loadIPPluginJar : add hash
2023-03-28 10:07:20,394 [INFO] IPUIPlugin:80 - create IPUIPlugin
2023-03-28 10:07:20,394 [INFO] PluginManager:220 - loadIPPluginJar : add i2c
2023-03-28 10:07:20,397 [INFO] IPUIPlugin:80 - create IPUIPlugin
2023-03-28 10:07:20,397 [INFO] PluginManager:220 - loadIPPluginJar : add ipddr
2023-03-28 10:07:20,404 [INFO] IPUIPlugin:80 - create IPUIPlugin
2023-03-28 10:07:20,404 [INFO] PluginManager:220 - loadIPPluginJar : add fmc
2023-03-28 10:07:20,409 [ERROR] LogOutputStream:75 - [STDERR_REDIRECT] SLF4J: Failed to load class "org.slf4j.impl.StaticLoggerBinder".
2023-03-28 10:07:20,410 [ERROR] LogOutputStream:75 - [STDERR_REDIRECT] SLF4J: Defaulting to no-operation (NOP) logger implementation
2023-03-28 10:07:20,410 [ERROR] LogOutputStream:75 - [STDERR_REDIRECT] SLF4J: See http://www.slf4j.org/codes.html#StaticLoggerBinder for further details.
2023-03-28 10:07:20,411 [INFO] IPUIPlugin:80 - create IPUIPlugin
2023-03-28 10:07:20,412 [INFO] PluginManager:220 - loadIPPluginJar : add mdma
2023-03-28 10:07:20,415 [INFO] IPUIPlugin:80 - create IPUIPlugin
2023-03-28 10:07:20,415 [INFO] PluginManager:220 - loadIPPluginJar : add usbx
2023-03-28 10:07:20,417 [INFO] IPUIPlugin:80 - create IPUIPlugin
2023-03-28 10:07:20,417 [INFO] PluginManager:220 - loadIPPluginJar : add tsc
2023-03-28 10:07:20,421 [INFO] IPUIPlugin:80 - create IPUIPlugin
2023-03-28 10:07:20,421 [INFO] PluginManager:220 - loadIPPluginJar : add lorawan
2023-03-28 10:07:20,423 [INFO] IPUIPlugin:80 - create IPUIPlugin
2023-03-28 10:07:20,423 [INFO] PluginManager:220 - loadIPPluginJar : add gfxmmu
2023-03-28 10:07:20,426 [INFO] IPUIPlugin:80 - create IPUIPlugin
2023-03-28 10:07:20,426 [INFO] PluginManager:220 - loadIPPluginJar : add resmgrutility
2023-03-28 10:07:20,427 [INFO] IPUIPlugin:80 - create IPUIPlugin
2023-03-28 10:07:20,428 [INFO] PluginManager:220 - loadIPPluginJar : add spi
2023-03-28 10:07:20,430 [INFO] IPUIPlugin:80 - create IPUIPlugin
2023-03-28 10:07:20,430 [INFO] PluginManager:220 - loadIPPluginJar : add nvic
2023-03-28 10:07:20,433 [INFO] IPUIPlugin:80 - create IPUIPlugin
2023-03-28 10:07:20,433 [INFO] PluginManager:220 - loadIPPluginJar : add can
2023-03-28 10:07:20,434 [INFO] IPUIPlugin:80 - create IPUIPlugin
2023-03-28 10:07:20,434 [INFO] PluginManager:220 - loadIPPluginJar : add tim
2023-03-28 10:07:20,437 [INFO] IPUIPlugin:80 - create IPUIPlugin
2023-03-28 10:07:20,438 [INFO] PluginManager:220 - loadIPPluginJar : add pdm2pcm
2023-03-28 10:07:20,440 [INFO] IPUIPlugin:80 - create IPUIPlugin
2023-03-28 10:07:20,441 [INFO] PluginManager:220 - loadIPPluginJar : add i2s
2023-03-28 10:07:20,442 [INFO] IPUIPlugin:80 - create IPUIPlugin
2023-03-28 10:07:20,442 [INFO] PluginManager:220 - loadIPPluginJar : add comp
2023-03-28 10:07:20,444 [INFO] IPUIPlugin:80 - create IPUIPlugin
2023-03-28 10:07:20,445 [INFO] PluginManager:220 - loadIPPluginJar : add aes
2023-03-28 10:07:20,447 [INFO] IPUIPlugin:80 - create IPUIPlugin
2023-03-28 10:07:20,447 [INFO] PluginManager:220 - loadIPPluginJar : add gtzc
2023-03-28 10:07:20,449 [INFO] IPUIPlugin:80 - create IPUIPlugin
2023-03-28 10:07:20,450 [INFO] PluginManager:220 - loadIPPluginJar : add ucpd
2023-03-28 10:07:20,453 [INFO] IPUIPlugin:80 - create IPUIPlugin
2023-03-28 10:07:20,453 [INFO] PluginManager:220 - loadIPPluginJar : add opamp
2023-03-28 10:07:20,459 [INFO] IPUIPlugin:80 - create IPUIPlugin
2023-03-28 10:07:20,460 [INFO] PluginManager:220 - loadIPPluginJar : add stm32_wpan
2023-03-28 10:07:20,463 [INFO] IPUIPlugin:80 - create IPUIPlugin
2023-03-28 10:07:20,463 [INFO] PluginManager:220 - loadIPPluginJar : add openamp
2023-03-28 10:07:20,466 [INFO] IPUIPlugin:80 - create IPUIPlugin
2023-03-28 10:07:20,466 [INFO] PluginManager:220 - loadIPPluginJar : add dfsdm
2023-03-28 10:07:20,467 [INFO] IPUIPlugin:80 - create IPUIPlugin
2023-03-28 10:07:20,468 [INFO] PluginManager:220 - loadIPPluginJar : add quadspi
2023-03-28 10:07:20,475 [INFO] IPUIPlugin:80 - create IPUIPlugin
2023-03-28 10:07:20,475 [INFO] PluginManager:220 - loadIPPluginJar : add dma
2023-03-28 10:07:20,477 [INFO] IPUIPlugin:80 - create IPUIPlugin
2023-03-28 10:07:20,477 [INFO] PluginManager:220 - loadIPPluginJar : add dma3
2023-03-28 10:07:20,478 [INFO] IPUIPlugin:80 - create IPUIPlugin
2023-03-28 10:07:20,479 [INFO] PluginManager:220 - loadIPPluginJar : add genericplugin
2023-03-28 10:07:20,483 [INFO] IPUIPlugin:80 - create IPUIPlugin
2023-03-28 10:07:20,483 [INFO] PluginManager:220 - loadIPPluginJar : add gpio
2023-03-28 10:07:20,486 [INFO] IPUIPlugin:80 - create IPUIPlugin
2023-03-28 10:07:20,486 [INFO] PluginManager:220 - loadIPPluginJar : add ts
2023-03-28 10:07:20,495 [INFO] IPUIPlugin:80 - create IPUIPlugin
2023-03-28 10:07:20,495 [INFO] PluginManager:220 - loadIPPluginJar : add linkedlist
2023-03-28 10:07:20,497 [INFO] IPUIPlugin:80 - create IPUIPlugin
2023-03-28 10:07:20,497 [INFO] PluginManager:220 - loadIPPluginJar : add fatfs
2023-03-28 10:07:20,498 [INFO] IPUIPlugin:80 - create IPUIPlugin
2023-03-28 10:07:20,498 [INFO] PluginManager:220 - loadIPPluginJar : add ltdc
2023-03-28 10:07:20,500 [INFO] IPUIPlugin:80 - create IPUIPlugin
2023-03-28 10:07:20,501 [INFO] PluginManager:220 - loadIPPluginJar : add touchsensing
2023-03-28 10:07:20,502 [INFO] IPUIPlugin:80 - create IPUIPlugin
2023-03-28 10:07:20,503 [INFO] PluginManager:220 - loadIPPluginJar : add cryp
2023-03-28 10:07:20,505 [INFO] IPUIPlugin:80 - create IPUIPlugin
2023-03-28 10:07:20,505 [INFO] PluginManager:220 - loadIPPluginJar : add i3c
2023-03-28 10:07:20,512 [INFO] IPUIPlugin:80 - create IPUIPlugin
2023-03-28 10:07:20,515 [INFO] PluginManager:220 - loadIPPluginJar : add plateformsettings
2023-03-28 10:07:20,520 [INFO] IPUIPlugin:80 - create IPUIPlugin
2023-03-28 10:07:20,521 [INFO] PluginManager:220 - loadIPPluginJar : add freertos
2023-03-28 10:07:20,523 [INFO] IPUIPlugin:80 - create IPUIPlugin
2023-03-28 10:07:20,523 [INFO] PluginManager:220 - loadIPPluginJar : add tracer_emb
2023-03-28 10:07:20,531 [INFO] IPUIPlugin:80 - create IPUIPlugin
2023-03-28 10:07:20,531 [INFO] PluginManager:220 - loadIPPluginJar : add adc
2023-03-28 10:07:20,534 [INFO] IPUIPlugin:80 - create IPUIPlugin
2023-03-28 10:07:20,534 [INFO] PluginManager:220 - loadIPPluginJar : add usart
2023-03-28 10:07:20,644 [INFO] CADModel:165 - CPN selected for project level
2023-03-28 10:07:20,644 [INFO] CADModel:114 - Register for checkConnection events
2023-03-28 10:07:20,644 [FATAL] Updater:308 - Updater called before beeing initialized
2023-03-28 10:07:20,644 [ERROR] CADModel:125 - Updater not yet initialized, retry later 
2023-03-28 10:07:20,744 [INFO] CADModel:165 - CPN selected for project level
2023-03-28 10:07:20,744 [INFO] CADModel:114 - Register for checkConnection events
2023-03-28 10:07:20,744 [FATAL] Updater:308 - Updater called before beeing initialized
2023-03-28 10:07:20,744 [ERROR] CADModel:125 - Updater not yet initialized, retry later 
2023-03-28 10:07:20,747 [FATAL] Updater:308 - Updater called before beeing initialized
2023-03-28 10:07:20,819 [FATAL] Updater:308 - Updater called before beeing initialized
2023-03-28 10:07:20,826 [INFO] DbMcusAds:53 - JSON generation date=Tue Mar 07 05:50:55 BRT 2023 (1678179055114)
2023-03-28 10:07:20,826 [FATAL] Updater:308 - Updater called before beeing initialized
2023-03-28 10:07:20,853 [WARN] DetailPanel:346 - Failed to get advertising image, set to default
2023-03-28 10:07:20,966 [FATAL] Updater:308 - Updater called before beeing initialized
2023-03-28 10:07:20,968 [FATAL] Updater:308 - Updater called before beeing initialized
2023-03-28 10:07:20,968 [FATAL] Updater:308 - Updater called before beeing initialized
2023-03-28 10:07:20,968 [WARN] DetailPanel:346 - Failed to get advertising image, set to default
2023-03-28 10:07:20,969 [FATAL] Updater:308 - Updater called before beeing initialized
2023-03-28 10:07:20,993 [ERROR] Updater:1120 - MainUpdater not yet initialized. External WinMGr cannot be set.
2023-03-28 10:07:20,994 [INFO] Updater:1056 - Updater Version found : 6.8.0
2023-03-28 10:07:21,008 [INFO] ApplicationProperties:184 - Using Application install path: /opt/st/stm32cubeide_1.12.0/plugins/com.st.stm32cube.common.mx_6.8.0.202302231600
2023-03-28 10:07:21,168 [INFO] MainUpdater:2854 - connection check result : 10
2023-03-28 10:07:21,169 [INFO] MainUpdater:283 - Updater Check For Update Now.
2023-03-28 10:07:21,169 [INFO] MicroXplorer:498 - Change Database Version : DB.6.0.80
2023-03-28 10:07:21,316 [INFO] CheckServerUpdateThread:120 - End of CheckServer Thread
2023-03-28 10:07:21,375 [INFO] MainUpdater:2854 - connection check result : 10
2023-03-28 10:07:21,707 [INFO] ApiDb:581 - Connected to CubeFinder SQLite database (/home/breno/.stmcufinder/plugins/mcufinder/mcu/cube-finder-db.db)
2023-03-28 10:07:21,767 [INFO] ApiDb:668 - CubeFinder database Data Model version=2.1
2023-03-28 10:07:21,767 [INFO] ApiDb:669 - CubeFinder database Configuration version=3.0.35
2023-03-28 10:07:21,768 [INFO] ApiDb:670 - CubeFinder database generation date=2023-03-10 (1678456172)
2023-03-28 10:07:21,768 [INFO] ApiDb:671 - CubeFinder database FW Pack versions=[FP-ATR-ASTRA1_V1.1.1, STM32Cube_FW_C0_V1.0.1, STM32Cube_FW_F0_V1.11.4, STM32Cube_FW_F3_V1.11.4, STM32Cube_FW_F4_V1.27.1, STM32Cube_FW_F7_V1.17.0, STM32Cube_FW_G0_V1.6.1, STM32Cube_FW_G4_V1.5.1, STM32Cube_FW_H5_V0.5.1, STM32Cube_FW_H5_V1.0.0, STM32Cube_FW_H7_V1.11.0, STM32Cube_FW_L0_V1.12.2, STM32Cube_FW_L5_V1.5.0, STM32Cube_FW_U5_V1.2.0, STM32Cube_FW_WBA_V1.0.0, STM32Cube_FW_WBA_V1.0.0RC1, STM32Cube_FW_WBA_V1.0.0RC3, STM32Cube_FW_WB_V1.15.0RC1, STM32Cube_FW_WB_V1.16.0, STM32Cube_FW_WB_V1.16.0RC2, STM32Cube_FW_WL_V1.3.0, X-CUBE-ALGOBUILD_V1.3.0, X-CUBE-ALS_V1.0.1, X-CUBE-AZRTOS-F4_V1.1.0, X-CUBE-AZRTOS-F7_V1.1.0, X-CUBE-AZRTOS-G0_V1.1.0, X-CUBE-AZRTOS-G4_V1.0.0, X-CUBE-AZRTOS-H7_V3.0.0, X-CUBE-AZRTOS-L4_V1.0.0, X-CUBE-AZRTOS-L5_V1.1.0, X-CUBE-AZRTOS-WB_V1.1.0, X-CUBE-AZRTOS-WL_V1.0.0, X-CUBE-BLE1_V6.2.4, X-CUBE-BLE2_V3.3.0, X-CUBE-BLEMGR_V1.3.0, X-CUBE-EEPRMA1_V4.1.0, X-CUBE-GNSS1_V6.0.0, X-CUBE-MEMS1_V9.1.0, X-CUBE-MEMS1_V9.4.0, X-CUBE-MEMS1_V9.5.0, X-CUBE-NFC4_V3.0.0, X-CUBE-NFC7_V1.0.0, X-CUBE-SFXS2LP1_V4.0.0, X-CUBE-SUBG2_V5.0.0]
2023-03-28 10:07:21,851 [INFO] DbBoardsSqlite:226 - include board P-NUCLEO-WB55-NUCLEO as a kit item of type 'Nucleo-64'
2023-03-28 10:07:21,852 [INFO] DbBoardsSqlite:226 - include board P-NUCLEO-WB55-USBDONGLE as a kit item of type 'Nucleo USB Dongle'
2023-03-28 10:07:21,852 [INFO] DbBoardsSqlite:226 - include board STEVAL-IDP005V1 as a kit item of type 'Evaluation Board'
2023-03-28 10:07:21,852 [INFO] DbBoardsSqlite:226 - include board STEVAL-IDP005V2 as a kit item of type 'Evaluation Board'
2023-03-28 10:07:21,886 [INFO] ApiDb:240 - Found 297 in-development CPN: [B-G473E-ZEST1S, B-WB1M-WPAN1, B-WL5M-SUBG1, NUCLEO-C031C6, NUCLEO-H503RB, NUCLEO-H563ZI, NUCLEO-U545RE-Q, NUCLEO-U5A5ZJ-Q, NUCLEO-WBA52CG, STEVAL-PROTEUS1, STEVAL-STWINBX1, STM320518-EVAL, STM32C0116-DK, STM32C011D6Y3TR, STM32C011D6Y6TR, STM32C011F4P3, STM32C011F4P6, STM32C011F4U3, STM32C011F4U6TR, STM32C011F6P3, STM32C011F6P6, STM32C011F6U3, STM32C011F6U6TR, STM32C011J4M3, STM32C011J4M6, STM32C011J6M3, STM32C011J6M6, STM32C0316-DK, STM32C031C4T3, STM32C031C4T6, STM32C031C4U3, STM32C031C4U6, STM32C031C6T3, STM32C031C6T6, STM32C031C6U3, STM32C031C6U6, STM32C031F4P3, STM32C031F4P6, STM32C031F6P3, STM32C031F6P6, STM32C031G4U3, STM32C031G4U6, STM32C031G6U3, STM32C031G6U6, STM32C031K4T3, STM32C031K4T6, STM32C031K4U3, STM32C031K4U6, STM32C031K6T3, STM32C031K6T6, STM32C031K6U3, STM32C031K6U6, STM32G071K8TXN, STM32G071K8UXN, STM32G081GBU6N, STM32G081KBT6N, STM32G081KBUXN, STM32G0B1CCT6N, STM32G0B1KCT6, STM32G0B1NEY6TR, STM32G0B1RCT6N, STM32G0C1CCT6, STM32G0C1CCT6N, STM32G0C1CCU6N, STM32G0C1CET6N, STM32G0C1CEU6N, STM32G0C1KCT6, STM32G0C1NEY6TR, STM32G0C1RCI6N, STM32G0C1RCT6N, STM32G0C1REI6N, STM32G0C1RET6N, STM32G0C1VCI6, STM32G0C1VEI6, STM32G471CCT6, STM32G471CCU6, STM32G471CET3, STM32G471CET6, STM32G471CEU3, STM32G471CEU6, STM32G471MCT6, STM32G471MET3, STM32G471MET6, STM32G471MEY6TR, STM32G471QCT6, STM32G471QET3, STM32G471RCT6, STM32G471RET3, STM32G471RET6, STM32G471VCH6, STM32G471VCI6, STM32G471VCT6, STM32G471VEH3, STM32G471VEH6, STM32G471VEI3, STM32G471VEI6, STM32G471VET3, STM32G471VET6, STM32G474CCT6, STM32H503CBT6, STM32H503CBU6, STM32H503EBY6TR, STM32H503KBU6, STM32H503RBT6, STM32H562AGI6, STM32H562AII6, STM32H562IGK6, STM32H562IGT6, STM32H562IIK6, STM32H562IIT6, STM32H562RGT6, STM32H562RGV6, STM32H562RIT6, STM32H562RIV6, STM32H562VGT6, STM32H562VIT6, STM32H562ZGT6, STM32H562ZIT6, STM32H563AGI6, STM32H563AII3Q, STM32H563AII6, STM32H563IGK6, STM32H563IGT6, STM32H563IIK3Q, STM32H563IIK6, STM32H563IIT3Q, STM32H563IIT6, STM32H563MIY3QTR, STM32H563RGT6, STM32H563RGV6, STM32H563RIT6, STM32H563RIV6, STM32H563VGT6, STM32H563VIT3Q, STM32H563VIT6, STM32H563ZGT6, STM32H563ZIT3Q, STM32H563ZIT6, STM32H573AII3Q, STM32H573AII6, STM32H573I-DK, STM32H573IIK3Q, STM32H573IIK6, STM32H573IIT3Q, STM32H573IIT6, STM32H573MIY3QTR, STM32H573RIT6, STM32H573RIV6, STM32H573VIT3Q, STM32H573VIT6, STM32H573ZIT3Q, STM32H573ZIT6, STM32L4R5QGI6STR, STM32MP131AAE3, STM32MP131AAF3, STM32MP131AAG3, STM32MP131CAE3, STM32MP131CAF3, STM32MP131CAG3, STM32MP131DAE7, STM32MP131DAF7, STM32MP131DAG7, STM32MP131FAE7, STM32MP131FAF7, STM32MP131FAG7, STM32MP133AAE3, STM32MP133AAF3, STM32MP133AAG3, STM32MP133CAE3, STM32MP133CAF3, STM32MP133CAG3, STM32MP133DAE7, STM32MP133DAF7, STM32MP133DAG7, STM32MP133FAE7, STM32MP133FAF7, STM32MP133FAG7, STM32MP135AAE3, STM32MP135AAF3, STM32MP135AAG3, STM32MP135CAE3, STM32MP135CAF3, STM32MP135CAG3, STM32MP135DAE7, STM32MP135DAF7, STM32MP135DAG7, STM32MP135F-DK, STM32MP135FAE7, STM32MP135FAF7, STM32MP135FAF7T, STM32MP135FAF7U, STM32MP135FAG7, STM32U535CBT6, STM32U535CBT6Q, STM32U535CBU6, STM32U535CBU6Q, STM32U535CCT6, STM32U535CCT6Q, STM32U535CCU6, STM32U535CCU6Q, STM32U535CET6, STM32U535CET6Q, STM32U535CEU6, STM32U535CEU6Q, STM32U535JEY6QTR, STM32U535NCY6QTR, STM32U535NEY6QTR, STM32U535RBI6, STM32U535RBI6Q, STM32U535RBT6, STM32U535RBT6Q, STM32U535RCI6, STM32U535RCI6Q, STM32U535RCT6, STM32U535RCT6Q, STM32U535REI6, STM32U535REI6Q, STM32U535RET6, STM32U535RET6Q, STM32U535VCI6, STM32U535VCI6Q, STM32U535VCT6, STM32U535VCT6Q, STM32U535VEI6, STM32U535VEI6Q, STM32U535VET6, STM32U535VET6Q, STM32U545CET6, STM32U545CET6Q, STM32U545CEU6, STM32U545CEU6Q, STM32U545JEY6QTR, STM32U545NEY6QTR, STM32U545REI6, STM32U545REI6Q, STM32U545RET6, STM32U545RET6Q, STM32U545VEI6, STM32U545VEI6Q, STM32U545VET6, STM32U545VET6Q, STM32U595AIH6, STM32U595AIH6Q, STM32U595AJH6, STM32U595AJH6Q, STM32U595QII6, STM32U595QII6Q, STM32U595QJI6, STM32U595QJI6Q, STM32U595RIT6, STM32U595RIT6Q, STM32U595RJT6, STM32U595RJT6Q, STM32U595VIT6, STM32U595VIT6Q, STM32U595VJT6, STM32U595VJT6Q, STM32U595ZIT6, STM32U595ZIT6Q, STM32U595ZIY6QTR, STM32U595ZJT6, STM32U595ZJT6Q, STM32U595ZJY6QTR, STM32U599BJY6QTR, STM32U599NIH6Q, STM32U599NJH6Q, STM32U599VIT6Q, STM32U599VJT6, STM32U599VJT6Q, STM32U599ZIT6Q, STM32U599ZIY6QTR, STM32U599ZJT6Q, STM32U599ZJY6QTR, STM32U5A5AJH6, STM32U5A5AJH6Q, STM32U5A5QJI6, STM32U5A5QJI6Q, STM32U5A5RJT6, STM32U5A5RJT6Q, STM32U5A5VJT6, STM32U5A5VJT6Q, STM32U5A5ZJT6, STM32U5A5ZJT6Q, STM32U5A5ZJY6QTR, STM32U5A9BJY6QTR, STM32U5A9J-DK, STM32U5A9NJH6Q, STM32U5A9VJT6Q, STM32U5A9ZJT6Q, STM32U5A9ZJY6QTR, STM32WB1MMCH6, STM32WBA52CEU6, STM32WBA52CEU6T, STM32WBA52CGU6, STM32WBA52CGU6T, STM32WL5MOCH6, STM32WL5MOCH6TR]
2023-03-28 10:07:22,089 [INFO] BoardInfo:880 - No configuration file found for board P-NUCLEO-WB55
2023-03-28 10:07:22,089 [INFO] DbBoards:157 - Kit is not supported: P-NUCLEO-WB55
2023-03-28 10:07:22,094 [INFO] BoardInfo:880 - No configuration file found for board STEVAL-BFA001V1B
2023-03-28 10:07:22,094 [INFO] DbBoards:157 - Kit is not supported: STEVAL-BFA001V1B
2023-03-28 10:07:22,095 [INFO] BoardInfo:880 - No configuration file found for board STEVAL-BFA001V2B
2023-03-28 10:07:22,095 [INFO] DbBoards:157 - Kit is not supported: STEVAL-BFA001V2B
2023-03-28 10:07:22,179 [INFO] DbBoards:161 - Found 187 boards, 184 are supported
2023-03-28 10:07:22,183 [INFO] ApiDb:668 - CubeFinder database Data Model version=2.1
2023-03-28 10:07:22,183 [INFO] ApiDb:669 - CubeFinder database Configuration version=3.0.35
2023-03-28 10:07:22,183 [INFO] ApiDb:670 - CubeFinder database generation date=2023-03-10 (1678456172)
2023-03-28 10:07:22,183 [INFO] ApiDb:671 - CubeFinder database FW Pack versions=[FP-ATR-ASTRA1_V1.1.1, STM32Cube_FW_C0_V1.0.1, STM32Cube_FW_F0_V1.11.4, STM32Cube_FW_F3_V1.11.4, STM32Cube_FW_F4_V1.27.1, STM32Cube_FW_F7_V1.17.0, STM32Cube_FW_G0_V1.6.1, STM32Cube_FW_G4_V1.5.1, STM32Cube_FW_H5_V0.5.1, STM32Cube_FW_H5_V1.0.0, STM32Cube_FW_H7_V1.11.0, STM32Cube_FW_L0_V1.12.2, STM32Cube_FW_L5_V1.5.0, STM32Cube_FW_U5_V1.2.0, STM32Cube_FW_WBA_V1.0.0, STM32Cube_FW_WBA_V1.0.0RC1, STM32Cube_FW_WBA_V1.0.0RC3, STM32Cube_FW_WB_V1.15.0RC1, STM32Cube_FW_WB_V1.16.0, STM32Cube_FW_WB_V1.16.0RC2, STM32Cube_FW_WL_V1.3.0, X-CUBE-ALGOBUILD_V1.3.0, X-CUBE-ALS_V1.0.1, X-CUBE-AZRTOS-F4_V1.1.0, X-CUBE-AZRTOS-F7_V1.1.0, X-CUBE-AZRTOS-G0_V1.1.0, X-CUBE-AZRTOS-G4_V1.0.0, X-CUBE-AZRTOS-H7_V3.0.0, X-CUBE-AZRTOS-L4_V1.0.0, X-CUBE-AZRTOS-L5_V1.1.0, X-CUBE-AZRTOS-WB_V1.1.0, X-CUBE-AZRTOS-WL_V1.0.0, X-CUBE-BLE1_V6.2.4, X-CUBE-BLE2_V3.3.0, X-CUBE-BLEMGR_V1.3.0, X-CUBE-EEPRMA1_V4.1.0, X-CUBE-GNSS1_V6.0.0, X-CUBE-MEMS1_V9.1.0, X-CUBE-MEMS1_V9.4.0, X-CUBE-MEMS1_V9.5.0, X-CUBE-NFC4_V3.0.0, X-CUBE-NFC7_V1.0.0, X-CUBE-SFXS2LP1_V4.0.0, X-CUBE-SUBG2_V5.0.0]
2023-03-28 10:07:23,007 [WARN] PackLoader:240 - Cannot read IP mode file for STMicroelectronics.X-CUBE-GNSS1.6.0.0
2023-03-28 10:07:23,040 [WARN] PackLoader:240 - Cannot read IP mode file for STMicroelectronics.X-CUBE-AZRTOS-F4.1.1.0
2023-03-28 10:07:23,068 [WARN] PackLoader:240 - Cannot read IP mode file for STMicroelectronics.X-CUBE-AZRTOS-F7.1.1.0
2023-03-28 10:07:23,078 [WARN] PackLoader:240 - Cannot read IP mode file for STMicroelectronics.X-CUBE-BLE1.6.2.4
2023-03-28 10:07:23,092 [WARN] PackLoader:240 - Cannot read IP mode file for emotas.I-CUBE-CANOPEN.1.1.3
2023-03-28 10:07:23,103 [WARN] PackLoader:240 - Cannot read IP mode file for STMicroelectronics.X-CUBE-BLEMGR.2.0.0
2023-03-28 10:07:23,115 [WARN] PackLoader:240 - Cannot read IP mode file for STMicroelectronics.X-CUBE-DISPLAY.3.0.0
2023-03-28 10:07:23,126 [WARN] PackLoader:240 - Cannot read IP mode file for wolfSSL.I-CUBE-wolfSSL.5.5.4
2023-03-28 10:07:23,132 [WARN] PackLoader:240 - Cannot read IP mode file for STMicroelectronics.X-CUBE-NFC7.1.0.0
2023-03-28 10:07:23,140 [WARN] PackLoader:240 - Cannot read IP mode file for STMicroelectronics.X-CUBE-EEPRMA1.4.1.0
2023-03-28 10:07:23,150 [WARN] PackLoader:240 - Cannot read IP mode file for WES.I-CUBE-Cesium.1.3.0
2023-03-28 10:07:23,159 [WARN] PackLoader:240 - Cannot read IP mode file for STMicroelectronics.X-CUBE-SFXS2LP1.4.0.0
2023-03-28 10:07:23,165 [WARN] PackLoader:240 - Cannot read IP mode file for STMicroelectronics.X-CUBE-BLE2.3.3.0
2023-03-28 10:07:23,197 [WARN] PackLoader:240 - Cannot read IP mode file for STMicroelectronics.X-CUBE-AZRTOS-H7.3.0.0
2023-03-28 10:07:23,208 [WARN] PackLoader:240 - Cannot read IP mode file for STMicroelectronics.X-CUBE-ISPU.1.1.0
2023-03-28 10:07:23,218 [WARN] PackLoader:240 - Cannot read IP mode file for RoweBots.I-CUBE-UNISONRTOS.5.5.0-4
2023-03-28 10:07:23,222 [WARN] PackLoader:240 - Cannot read IP mode file for STMicroelectronics.X-CUBE-AI.8.0.0
2023-03-28 10:07:23,230 [WARN] PackLoader:240 - Cannot read IP mode file for STMicroelectronics.X-CUBE-FREERTOS.1.0.0
2023-03-28 10:07:23,233 [WARN] PackLoader:240 - Cannot read IP mode file for STMicroelectronics.X-CUBE-TOUCHGFX.4.21.3
2023-03-28 10:07:23,237 [WARN] PackLoader:240 - Cannot read IP mode file for STMicroelectronics.X-CUBE-ALGOBUILD.1.3.0
2023-03-28 10:07:23,269 [WARN] PackLoader:240 - Cannot read IP mode file for STMicroelectronics.X-CUBE-AZRTOS-L5.1.1.0
2023-03-28 10:07:23,290 [WARN] PackLoader:240 - Cannot read IP mode file for STMicroelectronics.X-CUBE-AZRTOS-G0.1.1.0
2023-03-28 10:07:23,304 [WARN] PackLoader:240 - Cannot read IP mode file for STMicroelectronics.X-CUBE-SUBG2.5.0.0
2023-03-28 10:07:23,316 [WARN] PackLoader:240 - Cannot read IP mode file for STMicroelectronics.X-CUBE-NFC4.3.0.0
2023-03-28 10:07:23,330 [WARN] PackLoader:240 - Cannot read IP mode file for STMicroelectronics.X-CUBE-TOF1.3.3.0
2023-03-28 10:07:23,350 [WARN] PackLoader:240 - Cannot read IP mode file for STMicroelectronics.FP-ATR-ASTRA1.1.1.1
2023-03-28 10:07:23,406 [WARN] PackLoader:240 - Cannot read IP mode file for STMicroelectronics.X-CUBE-AZRTOS-G4.1.0.0
2023-03-28 10:07:23,413 [WARN] PackLoader:240 - Cannot read IP mode file for STMicroelectronics.FP-ATR-SIGFOX1.3.2.0
2023-03-28 10:07:23,460 [WARN] PackLoader:240 - Cannot read IP mode file for STMicroelectronics.X-CUBE-AZRTOS-L4.1.0.0
2023-03-28 10:07:23,472 [WARN] PackLoader:240 - Cannot read IP mode file for STMicroelectronics.X-CUBE-AZRTOS-WL.1.0.0
2023-03-28 10:07:23,478 [WARN] PackLoader:240 - Cannot read IP mode file for portGmbH.I-Cube-SoM-uGOAL.1.1.0
2023-03-28 10:07:23,481 [WARN] PackLoader:240 - Cannot read IP mode file for STMicroelectronics.X-CUBE-ALS.1.0.1
2023-03-28 10:07:23,513 [WARN] PackLoader:240 - Cannot read IP mode file for STMicroelectronics.X-CUBE-MEMS1.9.5.0
2023-03-28 10:07:23,734 [WARN] PackLoader:240 - Cannot read IP mode file for STMicroelectronics.X-CUBE-AZRTOS-WB.1.1.0
2023-03-28 10:07:23,755 [WARN] PackLoader:240 - Cannot read IP mode file for SEGGER.I-CUBE-embOS.1.3.1
2023-03-28 10:07:23,779 [INFO] ThirdParty:978 - Integrity check success = true
2023-03-28 10:07:23,779 [INFO] IntegrityCheckThread:100 - exiting critical section [integrity check]
2023-03-28 10:07:23,779 [INFO] IntegrityCheckThread:103 - End integrity checks thread
2023-03-28 10:07:24,014 [INFO] ApiDb:240 - Found 297 in-development CPN: [B-G473E-ZEST1S, B-WB1M-WPAN1, B-WL5M-SUBG1, NUCLEO-C031C6, NUCLEO-H503RB, NUCLEO-H563ZI, NUCLEO-U545RE-Q, NUCLEO-U5A5ZJ-Q, NUCLEO-WBA52CG, STEVAL-PROTEUS1, STEVAL-STWINBX1, STM320518-EVAL, STM32C0116-DK, STM32C011D6Y3TR, STM32C011D6Y6TR, STM32C011F4P3, STM32C011F4P6, STM32C011F4U3, STM32C011F4U6TR, STM32C011F6P3, STM32C011F6P6, STM32C011F6U3, STM32C011F6U6TR, STM32C011J4M3, STM32C011J4M6, STM32C011J6M3, STM32C011J6M6, STM32C0316-DK, STM32C031C4T3, STM32C031C4T6, STM32C031C4U3, STM32C031C4U6, STM32C031C6T3, STM32C031C6T6, STM32C031C6U3, STM32C031C6U6, STM32C031F4P3, STM32C031F4P6, STM32C031F6P3, STM32C031F6P6, STM32C031G4U3, STM32C031G4U6, STM32C031G6U3, STM32C031G6U6, STM32C031K4T3, STM32C031K4T6, STM32C031K4U3, STM32C031K4U6, STM32C031K6T3, STM32C031K6T6, STM32C031K6U3, STM32C031K6U6, STM32G071K8TXN, STM32G071K8UXN, STM32G081GBU6N, STM32G081KBT6N, STM32G081KBUXN, STM32G0B1CCT6N, STM32G0B1KCT6, STM32G0B1NEY6TR, STM32G0B1RCT6N, STM32G0C1CCT6, STM32G0C1CCT6N, STM32G0C1CCU6N, STM32G0C1CET6N, STM32G0C1CEU6N, STM32G0C1KCT6, STM32G0C1NEY6TR, STM32G0C1RCI6N, STM32G0C1RCT6N, STM32G0C1REI6N, STM32G0C1RET6N, STM32G0C1VCI6, STM32G0C1VEI6, STM32G471CCT6, STM32G471CCU6, STM32G471CET3, STM32G471CET6, STM32G471CEU3, STM32G471CEU6, STM32G471MCT6, STM32G471MET3, STM32G471MET6, STM32G471MEY6TR, STM32G471QCT6, STM32G471QET3, STM32G471RCT6, STM32G471RET3, STM32G471RET6, STM32G471VCH6, STM32G471VCI6, STM32G471VCT6, STM32G471VEH3, STM32G471VEH6, STM32G471VEI3, STM32G471VEI6, STM32G471VET3, STM32G471VET6, STM32G474CCT6, STM32H503CBT6, STM32H503CBU6, STM32H503EBY6TR, STM32H503KBU6, STM32H503RBT6, STM32H562AGI6, STM32H562AII6, STM32H562IGK6, STM32H562IGT6, STM32H562IIK6, STM32H562IIT6, STM32H562RGT6, STM32H562RGV6, STM32H562RIT6, STM32H562RIV6, STM32H562VGT6, STM32H562VIT6, STM32H562ZGT6, STM32H562ZIT6, STM32H563AGI6, STM32H563AII3Q, STM32H563AII6, STM32H563IGK6, STM32H563IGT6, STM32H563IIK3Q, STM32H563IIK6, STM32H563IIT3Q, STM32H563IIT6, STM32H563MIY3QTR, STM32H563RGT6, STM32H563RGV6, STM32H563RIT6, STM32H563RIV6, STM32H563VGT6, STM32H563VIT3Q, STM32H563VIT6, STM32H563ZGT6, STM32H563ZIT3Q, STM32H563ZIT6, STM32H573AII3Q, STM32H573AII6, STM32H573I-DK, STM32H573IIK3Q, STM32H573IIK6, STM32H573IIT3Q, STM32H573IIT6, STM32H573MIY3QTR, STM32H573RIT6, STM32H573RIV6, STM32H573VIT3Q, STM32H573VIT6, STM32H573ZIT3Q, STM32H573ZIT6, STM32L4R5QGI6STR, STM32MP131AAE3, STM32MP131AAF3, STM32MP131AAG3, STM32MP131CAE3, STM32MP131CAF3, STM32MP131CAG3, STM32MP131DAE7, STM32MP131DAF7, STM32MP131DAG7, STM32MP131FAE7, STM32MP131FAF7, STM32MP131FAG7, STM32MP133AAE3, STM32MP133AAF3, STM32MP133AAG3, STM32MP133CAE3, STM32MP133CAF3, STM32MP133CAG3, STM32MP133DAE7, STM32MP133DAF7, STM32MP133DAG7, STM32MP133FAE7, STM32MP133FAF7, STM32MP133FAG7, STM32MP135AAE3, STM32MP135AAF3, STM32MP135AAG3, STM32MP135CAE3, STM32MP135CAF3, STM32MP135CAG3, STM32MP135DAE7, STM32MP135DAF7, STM32MP135DAG7, STM32MP135F-DK, STM32MP135FAE7, STM32MP135FAF7, STM32MP135FAF7T, STM32MP135FAF7U, STM32MP135FAG7, STM32U535CBT6, STM32U535CBT6Q, STM32U535CBU6, STM32U535CBU6Q, STM32U535CCT6, STM32U535CCT6Q, STM32U535CCU6, STM32U535CCU6Q, STM32U535CET6, STM32U535CET6Q, STM32U535CEU6, STM32U535CEU6Q, STM32U535JEY6QTR, STM32U535NCY6QTR, STM32U535NEY6QTR, STM32U535RBI6, STM32U535RBI6Q, STM32U535RBT6, STM32U535RBT6Q, STM32U535RCI6, STM32U535RCI6Q, STM32U535RCT6, STM32U535RCT6Q, STM32U535REI6, STM32U535REI6Q, STM32U535RET6, STM32U535RET6Q, STM32U535VCI6, STM32U535VCI6Q, STM32U535VCT6, STM32U535VCT6Q, STM32U535VEI6, STM32U535VEI6Q, STM32U535VET6, STM32U535VET6Q, STM32U545CET6, STM32U545CET6Q, STM32U545CEU6, STM32U545CEU6Q, STM32U545JEY6QTR, STM32U545NEY6QTR, STM32U545REI6, STM32U545REI6Q, STM32U545RET6, STM32U545RET6Q, STM32U545VEI6, STM32U545VEI6Q, STM32U545VET6, STM32U545VET6Q, STM32U595AIH6, STM32U595AIH6Q, STM32U595AJH6, STM32U595AJH6Q, STM32U595QII6, STM32U595QII6Q, STM32U595QJI6, STM32U595QJI6Q, STM32U595RIT6, STM32U595RIT6Q, STM32U595RJT6, STM32U595RJT6Q, STM32U595VIT6, STM32U595VIT6Q, STM32U595VJT6, STM32U595VJT6Q, STM32U595ZIT6, STM32U595ZIT6Q, STM32U595ZIY6QTR, STM32U595ZJT6, STM32U595ZJT6Q, STM32U595ZJY6QTR, STM32U599BJY6QTR, STM32U599NIH6Q, STM32U599NJH6Q, STM32U599VIT6Q, STM32U599VJT6, STM32U599VJT6Q, STM32U599ZIT6Q, STM32U599ZIY6QTR, STM32U599ZJT6Q, STM32U599ZJY6QTR, STM32U5A5AJH6, STM32U5A5AJH6Q, STM32U5A5QJI6, STM32U5A5QJI6Q, STM32U5A5RJT6, STM32U5A5RJT6Q, STM32U5A5VJT6, STM32U5A5VJT6Q, STM32U5A5ZJT6, STM32U5A5ZJT6Q, STM32U5A5ZJY6QTR, STM32U5A9BJY6QTR, STM32U5A9J-DK, STM32U5A9NJH6Q, STM32U5A9VJT6Q, STM32U5A9ZJT6Q, STM32U5A9ZJY6QTR, STM32WB1MMCH6, STM32WBA52CEU6, STM32WBA52CEU6T, STM32WBA52CGU6, STM32WBA52CGU6T, STM32WL5MOCH6, STM32WL5MOCH6TR]
2023-03-28 10:07:24,019 [INFO] DbMcus:216 - Found 3775 MCUs, 3775 are supported
2023-03-28 10:07:24,021 [INFO] ApiDb:423 - Load user favorites file /home/breno/.stm32cubeide/favorites.mcus.txt: 0 item(s)
2023-03-28 10:07:24,022 [INFO] ApiDb:427 - User favorites MCUs=[]
2023-03-28 10:07:24,022 [INFO] DbMcus:222 - Set 0 / 0 favorites MCUs
2023-03-28 10:07:24,258 [INFO] ApiDb:414 - User favorites file not found: /home/breno/.stm32cubeide/favorites.boards.txt
2023-03-28 10:07:24,258 [INFO] DbBoards:190 - Set 0 / 0 favorites Boards
2023-03-28 10:07:24,259 [INFO] McuFinderGlobals:66 - Set McuFinderConnectedMode to true
2023-03-28 10:07:24,266 [INFO] MultiScanPanel:200 - Auto-refresh data requested => check proxy status ongoing
2023-03-28 10:07:24,268 [INFO] FinderPluginLoader:95 - Searching for filters in installed packs
2023-03-28 10:07:25,831 [INFO] LoadUrlFilesThread:185 - End of LoadServerUrlFiles without Thread
2023-03-28 10:07:25,836 [INFO] DetailPanel:341 - Set advertising image to /home/breno/STM32Cube/Repository//en.prom-stm32h5-mcu-finder.jpg
2023-03-28 10:08:32,906 [INFO] MainUpdater:2854 - connection check result : 10
2023-03-28 10:08:32,907 [INFO] MainUpdater:2854 - connection check result : 10
2023-03-28 10:08:32,920 [INFO] MicroXplorer:468 - Change Database Path : 
2023-03-28 10:08:32,921 [INFO] MicroXplorer:498 - Change Database Version : DB.6.0.80
2023-03-28 10:08:32,921 [WARN] ThirdParty:871 - waiting for thirdparty lock release [close project]
2023-03-28 10:08:32,921 [INFO] ThirdParty:873 - entering critical section [close project]
2023-03-28 10:08:32,922 [INFO] ThirdParty:883 - exiting critical section [close project]
2023-03-28 10:08:32,925 [INFO] PinOutPanel:1499 - setPackage(No Configuration,No Configuration)
2023-03-28 10:08:32,929 [INFO] UtilMem:75 - Begin LoadConfig() Used Memory: 444059888 Bytes (489684992)
2023-03-28 10:08:32,930 [INFO] MicroXplorer:468 - Change Database Path : 
2023-03-28 10:08:32,930 [INFO] MicroXplorer:498 - Change Database Version : DB.6.0.80
2023-03-28 10:08:32,930 [INFO] OpenFileManager:308 - Change cursor
2023-03-28 10:08:32,951 [INFO] Mcu:1937 - Initializing MCU STM32F103C(8-B)Tx STM32F103C8Tx STM32F103C8T6
2023-03-28 10:08:33,643 [INFO] Context:659 - Trying to add GPIOservice into a context  which must be forbidden
2023-03-28 10:08:33,973 [INFO] RtosManager:555 - Registered RTOS mode: class=CMSIS, group=RTOS, mode=CMSIS_V1, owner=FREERTOS
2023-03-28 10:08:33,973 [INFO] RtosManager:555 - Registered RTOS mode: class=CMSIS, group=RTOS2, mode=CMSIS_V2, owner=FREERTOS
2023-03-28 10:08:33,973 [INFO] RtosManager:555 - Registered RTOS mode: class=RTOS, group=Core, mode=CMSIS_V1, owner=FREERTOS
2023-03-28 10:08:33,974 [INFO] RtosManager:555 - Registered RTOS mode: class=RTOS, group=Core, mode=CMSIS_V2, owner=FREERTOS
2023-03-28 10:08:33,974 [WARN] ModelIntegratedComponent:184 - Missing modes for component STMicroelectronics:FreeRTOS:0.0.1:STMicroelectronics:RTOS:FreeRTOS:Core:::10.2.0:
2023-03-28 10:08:33,999 [WARN] ModelIntegratedComponent:63 - No mode defined for component null
2023-03-28 10:08:34,000 [WARN] ModelIntegratedComponent:63 - No mode defined for component null
2023-03-28 10:08:34,000 [WARN] ModelIntegratedComponent:63 - No mode defined for component null
2023-03-28 10:08:34,000 [WARN] ModelIntegratedComponent:63 - No mode defined for component null
2023-03-28 10:08:34,000 [WARN] ModelIntegratedComponent:63 - No mode defined for component null
2023-03-28 10:08:34,000 [WARN] ModelIntegratedComponent:63 - No mode defined for component null
2023-03-28 10:08:34,000 [WARN] ModelIntegratedComponent:63 - No mode defined for component null
2023-03-28 10:08:34,000 [WARN] ModelIntegratedComponent:63 - No mode defined for component null
2023-03-28 10:08:34,000 [WARN] ModelIntegratedComponent:63 - No mode defined for component null
2023-03-28 10:08:34,000 [WARN] ModelIntegratedComponent:63 - No mode defined for component null
2023-03-28 10:08:34,000 [WARN] ModelIntegratedComponent:63 - No mode defined for component null
2023-03-28 10:08:34,000 [WARN] ModelIntegratedComponent:63 - No mode defined for component null
2023-03-28 10:08:34,000 [WARN] ModelIntegratedComponent:63 - No mode defined for component null
2023-03-28 10:08:34,000 [WARN] ModelIntegratedComponent:63 - No mode defined for component null
2023-03-28 10:08:34,000 [WARN] ModelIntegratedComponent:63 - No mode defined for component null
2023-03-28 10:08:34,000 [WARN] ModelIntegratedComponent:63 - No mode defined for component null
2023-03-28 10:08:34,000 [WARN] ModelIntegratedComponent:63 - No mode defined for component null
2023-03-28 10:08:34,000 [WARN] ModelIntegratedComponent:63 - No mode defined for component null
2023-03-28 10:08:34,000 [WARN] ModelIntegratedComponent:63 - No mode defined for component null
2023-03-28 10:08:34,000 [WARN] ModelIntegratedComponent:63 - No mode defined for component null
2023-03-28 10:08:34,000 [WARN] ModelIntegratedComponent:63 - No mode defined for component null
2023-03-28 10:08:34,000 [WARN] ModelIntegratedComponent:63 - No mode defined for component null
2023-03-28 10:08:34,000 [WARN] ModelIntegratedComponent:63 - No mode defined for component null
2023-03-28 10:08:34,000 [WARN] ModelIntegratedComponent:63 - No mode defined for component null
2023-03-28 10:08:34,000 [WARN] ModelIntegratedComponent:63 - No mode defined for component null
2023-03-28 10:08:34,000 [WARN] ModelIntegratedComponent:63 - No mode defined for component null
2023-03-28 10:08:34,000 [WARN] ModelIntegratedComponent:63 - No mode defined for component null
2023-03-28 10:08:34,000 [WARN] ModelIntegratedComponent:63 - No mode defined for component null
2023-03-28 10:08:34,000 [WARN] ModelIntegratedComponent:63 - No mode defined for component null
2023-03-28 10:08:34,001 [WARN] ModelIntegratedComponent:63 - No mode defined for component null
2023-03-28 10:08:34,001 [WARN] ModelIntegratedComponent:63 - No mode defined for component null
2023-03-28 10:08:34,001 [WARN] ModelIntegratedComponent:63 - No mode defined for component null
2023-03-28 10:08:34,001 [WARN] ModelIntegratedComponent:63 - No mode defined for component null
2023-03-28 10:08:34,112 [INFO] ThirdPartyModel:298 - Start build external matchings
2023-03-28 10:08:34,467 [INFO] ThirdPartyModel:316 - End build external matchings
2023-03-28 10:08:34,482 [INFO] ImportTextPane:194 - (OptionalMessage_ERROR) IP (RCC) : Invalid parameter (FamilyName)
2023-03-28 10:08:34,482 [INFO] ImportTextPane:194 - (OptionalMessage_ERROR) IP (RCC) : Parameter (MCOFreq_Value) has invalid value (72000000)
2023-03-28 10:08:34,483 [INFO] ImportTextPane:194 - (OptionalMessage_ERROR) IP (RCC) : Parameter (USBFreq_Value) has invalid value (72000000)
2023-03-28 10:08:34,624 [INFO] UtilMem:75 - End LoadConfig() Used Memory: 480052328 Bytes (553648128)
2023-03-28 10:08:34,759 [WARN] ThirdParty:833 - waiting for thirdparty lock release [change project]
2023-03-28 10:08:34,759 [INFO] ThirdParty:835 - entering critical section [change project]
2023-03-28 10:08:34,759 [INFO] ThirdParty:1030 - CMSIS Pack Vendor :STMicroelectronics X-CUBE-ISPU 1.1.0
2023-03-28 10:08:34,759 [INFO] ThirdParty:1030 - CMSIS Pack Vendor :RoweBots I-CUBE-UNISONRTOS 5.5.0-4
2023-03-28 10:08:34,759 [INFO] ThirdParty:1030 - CMSIS Pack Vendor :STMicroelectronics X-CUBE-GNSS1 6.0.0
2023-03-28 10:08:34,759 [INFO] ThirdParty:1030 - CMSIS Pack Vendor :STMicroelectronics USB_HOST 2.0.0
2023-03-28 10:08:34,759 [INFO] ThirdParty:1030 - CMSIS Pack Vendor :STMicroelectronics X-CUBE-AZRTOS-F4 1.1.0
2023-03-28 10:08:34,759 [INFO] ThirdParty:1030 - CMSIS Pack Vendor :STMicroelectronics LIBJPEG 8.0.0
2023-03-28 10:08:34,760 [INFO] ThirdParty:1030 - CMSIS Pack Vendor :STMicroelectronics USB_DEVICE 3.0.0
2023-03-28 10:08:34,760 [INFO] ThirdParty:1030 - CMSIS Pack Vendor :STMicroelectronics X-CUBE-AI 8.0.0
2023-03-28 10:08:34,760 [INFO] ThirdParty:1030 - CMSIS Pack Vendor :STMicroelectronics X-CUBE-FREERTOS 1.0.0
2023-03-28 10:08:34,760 [INFO] ThirdParty:1030 - CMSIS Pack Vendor :STMicroelectronics X-CUBE-TOUCHGFX 4.21.3
2023-03-28 10:08:34,760 [INFO] ThirdParty:1030 - CMSIS Pack Vendor :STMicroelectronics X-CUBE-AZRTOS-F7 1.1.0
2023-03-28 10:08:34,760 [INFO] ThirdParty:1030 - CMSIS Pack Vendor :STMicroelectronics USB_DEVICE 2.0.0
2023-03-28 10:08:34,760 [INFO] ThirdParty:1030 - CMSIS Pack Vendor :STMicroelectronics X-CUBE-ALGOBUILD 1.3.0
2023-03-28 10:08:34,760 [INFO] ThirdParty:1030 - CMSIS Pack Vendor :STMicroelectronics X-CUBE-BLE1 6.2.4
2023-03-28 10:08:34,760 [INFO] ThirdParty:1030 - CMSIS Pack Vendor :STMicroelectronics X-CUBE-AZRTOS-L5 1.1.0
2023-03-28 10:08:34,760 [INFO] ThirdParty:1030 - CMSIS Pack Vendor :STMicroelectronics FreeRTOS 0.0.1
2023-03-28 10:08:34,760 [INFO] ThirdParty:1030 - CMSIS Pack Vendor :emotas I-CUBE-CANOPEN 1.1.3
2023-03-28 10:08:34,760 [INFO] ThirdParty:1030 - CMSIS Pack Vendor :STMicroelectronics X-CUBE-AZRTOS-G0 1.1.0
2023-03-28 10:08:34,760 [INFO] ThirdParty:1030 - CMSIS Pack Vendor :STMicroelectronics X-CUBE-BLEMGR 2.0.0
2023-03-28 10:08:34,760 [INFO] ThirdParty:1030 - CMSIS Pack Vendor :STMicroelectronics X-CUBE-SUBG2 5.0.0
2023-03-28 10:08:34,760 [INFO] ThirdParty:1030 - CMSIS Pack Vendor :STMicroelectronics X-CUBE-NFC4 3.0.0
2023-03-28 10:08:34,760 [INFO] ThirdParty:1030 - CMSIS Pack Vendor :STMicroelectronics STM32_WPAN 1.0.0
2023-03-28 10:08:34,760 [INFO] ThirdParty:1030 - CMSIS Pack Vendor :STMicroelectronics lwIP 2.0.3
2023-03-28 10:08:34,760 [INFO] ThirdParty:1030 - CMSIS Pack Vendor :STMicroelectronics USB_HOST 1.0.0
2023-03-28 10:08:34,760 [INFO] ThirdParty:1030 - CMSIS Pack Vendor :STMicroelectronics PDM2PCM 3.1.0
2023-03-28 10:08:34,760 [INFO] ThirdParty:1030 - CMSIS Pack Vendor :STMicroelectronics X-CUBE-TOF1 3.3.0
2023-03-28 10:08:34,760 [INFO] ThirdParty:1030 - CMSIS Pack Vendor :STMicroelectronics FP-ATR-ASTRA1 1.1.1
2023-03-28 10:08:34,760 [INFO] ThirdParty:1030 - CMSIS Pack Vendor :STMicroelectronics PDM2PCM 3.3.0
2023-03-28 10:08:34,760 [INFO] ThirdParty:1030 - CMSIS Pack Vendor :STMicroelectronics X-CUBE-DISPLAY 3.0.0
2023-03-28 10:08:34,760 [INFO] ThirdParty:1030 - CMSIS Pack Vendor :STMicroelectronics X-CUBE-AZRTOS-G4 1.0.0
2023-03-28 10:08:34,760 [INFO] ThirdParty:1030 - CMSIS Pack Vendor :STMicroelectronics FP-ATR-SIGFOX1 3.2.0
2023-03-28 10:08:34,761 [INFO] ThirdParty:1030 - CMSIS Pack Vendor :wolfSSL I-CUBE-wolfSSL 5.5.4
2023-03-28 10:08:34,761 [INFO] ThirdParty:1030 - CMSIS Pack Vendor :STMicroelectronics X-CUBE-AZRTOS-L4 1.0.0
2023-03-28 10:08:34,761 [INFO] ThirdParty:1030 - CMSIS Pack Vendor :STMicroelectronics HAL Drivers 0.0.0
2023-03-28 10:08:34,761 [INFO] ThirdParty:1030 - CMSIS Pack Vendor :STMicroelectronics MBEDTLS 2.16.2
2023-03-28 10:08:34,761 [INFO] ThirdParty:1030 - CMSIS Pack Vendor :STMicroelectronics MBEDTLS 2.14.1
2023-03-28 10:08:34,761 [INFO] ThirdParty:1030 - CMSIS Pack Vendor :STMicroelectronics X-CUBE-NFC7 1.0.0
2023-03-28 10:08:34,761 [INFO] ThirdParty:1030 - CMSIS Pack Vendor :STMicroelectronics X-CUBE-AZRTOS-WL 1.0.0
2023-03-28 10:08:34,761 [INFO] ThirdParty:1030 - CMSIS Pack Vendor :STMicroelectronics X-CUBE-EEPRMA1 4.1.0
2023-03-28 10:08:34,761 [INFO] ThirdParty:1030 - CMSIS Pack Vendor :portGmbH I-Cube-SoM-uGOAL 1.1.0
2023-03-28 10:08:34,761 [INFO] ThirdParty:1030 - CMSIS Pack Vendor :STMicroelectronics X-CUBE-ALS 1.0.1
2023-03-28 10:08:34,761 [INFO] ThirdParty:1030 - CMSIS Pack Vendor :STMicroelectronics X-CUBE-MEMS1 9.5.0
2023-03-28 10:08:34,761 [INFO] ThirdParty:1030 - CMSIS Pack Vendor :STMicroelectronics ThreadX 1.0.0
2023-03-28 10:08:34,761 [INFO] ThirdParty:1030 - CMSIS Pack Vendor :STMicroelectronics X-CUBE-AZRTOS-WB 1.1.0
2023-03-28 10:08:34,761 [INFO] ThirdParty:1030 - CMSIS Pack Vendor :SEGGER I-CUBE-embOS 1.3.1
2023-03-28 10:08:34,761 [INFO] ThirdParty:1030 - CMSIS Pack Vendor :STMicroelectronics USB_DEVICE 1.0.0
2023-03-28 10:08:34,761 [INFO] ThirdParty:1030 - CMSIS Pack Vendor :STMicroelectronics ThreadX 0.0.2
2023-03-28 10:08:34,761 [INFO] ThirdParty:1030 - CMSIS Pack Vendor :WES I-CUBE-Cesium 1.3.0
2023-03-28 10:08:34,761 [INFO] ThirdParty:1030 - CMSIS Pack Vendor :STMicroelectronics lwIP 2.1.2
2023-03-28 10:08:34,761 [INFO] ThirdParty:1030 - CMSIS Pack Vendor :STMicroelectronics X-CUBE-SFXS2LP1 4.0.0
2023-03-28 10:08:34,761 [INFO] ThirdParty:1030 - CMSIS Pack Vendor :STMicroelectronics X-CUBE-BLE2 3.3.0
2023-03-28 10:08:34,761 [INFO] ThirdParty:1030 - CMSIS Pack Vendor :STMicroelectronics PDM2PCM 3.2.0
2023-03-28 10:08:34,761 [INFO] ThirdParty:1030 - CMSIS Pack Vendor :STMicroelectronics X-CUBE-AZRTOS-H7 3.0.0
2023-03-28 10:08:34,762 [INFO] ThirdParty:841 - exiting critical section [change project]
2023-03-28 10:08:35,034 [INFO] PinOutPanel:1499 - setPackage(No Configuration,No Configuration)
2023-03-28 10:08:35,036 [INFO] PinOutPanel:1499 - setPackage(STM32F103C8Tx,LQFP48)
2023-03-28 10:08:35,576 [INFO] UtilMem:75 - Before build in PCC Used Memory: 540982616 Bytes (658505728)
2023-03-28 10:08:36,152 [INFO] UtilMem:75 - After build in PCC Used Memory: 459438072 Bytes (658505728)
2023-03-28 10:08:36,178 [INFO] IPUIPlugin:80 - create IPUIPlugin
2023-03-28 10:08:36,178 [INFO] IPUIPlugin:80 - create IPUIPlugin
2023-03-28 10:08:36,178 [INFO] IPUIPlugin:80 - create IPUIPlugin
2023-03-28 10:08:36,179 [INFO] IPUIPlugin:80 - create IPUIPlugin
2023-03-28 10:08:36,179 [INFO] IPUIPlugin:80 - create IPUIPlugin
2023-03-28 10:08:36,179 [INFO] IPUIPlugin:80 - create IPUIPlugin
2023-03-28 10:08:36,179 [INFO] IPUIPlugin:80 - create IPUIPlugin
2023-03-28 10:08:36,179 [INFO] IPUIPlugin:80 - create IPUIPlugin
2023-03-28 10:08:36,179 [INFO] IPUIPlugin:80 - create IPUIPlugin
2023-03-28 10:08:36,179 [INFO] IPUIPlugin:80 - create IPUIPlugin
2023-03-28 10:08:36,180 [INFO] IPUIPlugin:80 - create IPUIPlugin
2023-03-28 10:08:36,180 [INFO] IPUIPlugin:80 - create IPUIPlugin
2023-03-28 10:08:36,180 [INFO] IPUIPlugin:80 - create IPUIPlugin
2023-03-28 10:08:36,180 [INFO] IPUIPlugin:80 - create IPUIPlugin
2023-03-28 10:08:36,180 [INFO] IPUIPlugin:80 - create IPUIPlugin
2023-03-28 10:08:36,180 [INFO] IPUIPlugin:80 - create IPUIPlugin
2023-03-28 10:08:36,181 [INFO] IPUIPlugin:80 - create IPUIPlugin
2023-03-28 10:08:36,181 [INFO] IPUIPlugin:80 - create IPUIPlugin
2023-03-28 10:08:36,181 [INFO] IPUIPlugin:80 - create IPUIPlugin
2023-03-28 10:08:36,181 [INFO] IPUIPlugin:80 - create IPUIPlugin
2023-03-28 10:08:36,181 [INFO] IPUIPlugin:80 - create IPUIPlugin
2023-03-28 10:08:36,181 [INFO] IPUIPlugin:80 - create IPUIPlugin
2023-03-28 10:08:36,182 [INFO] IPUIPlugin:80 - create IPUIPlugin
2023-03-28 10:08:36,182 [INFO] IPUIPlugin:80 - create IPUIPlugin
2023-03-28 10:08:36,182 [INFO] IPUIPlugin:80 - create IPUIPlugin
2023-03-28 10:08:36,182 [INFO] IPUIPlugin:80 - create IPUIPlugin
2023-03-28 10:08:36,183 [INFO] IPUIPlugin:80 - create IPUIPlugin
2023-03-28 10:08:36,200 [INFO] Can:71 - Can Add PropertyChangeListener com.st.microxplorer.plugins.ip.can.Can@54108e70
2023-03-28 10:08:36,355 [INFO] CADModel:165 - CPN selected for project levelSTM32F103C8T6
2023-03-28 10:08:36,356 [INFO] CADModel:114 - Register for checkConnection events
2023-03-28 10:08:36,395 [INFO] OpenFileManager:328 - Restore cursor
2023-03-28 10:08:36,924 [INFO] UtilMem:75 - End SaveConfig() Used Memory: 451239512 Bytes (658505728)
2023-03-28 10:08:36,979 [INFO] UtilMem:75 - End SaveConfig() Used Memory: 459092368 Bytes (658505728)
2023-03-28 10:08:37,404 [INFO] BlockDiagram:2759 - set Specific Code input for plugin: SPI
2023-03-28 10:08:37,404 [INFO] BlockDiagram:2759 - set Specific Code input for plugin: NVIC
2023-03-28 10:08:37,404 [INFO] BlockDiagram:2759 - set Specific Code input for plugin: SYS
2023-03-28 10:08:37,404 [INFO] BlockDiagram:2759 - set Specific Code input for plugin: GPIO
2023-03-28 10:08:37,404 [INFO] BlockDiagram:2759 - set Specific Code input for plugin: ADC
2023-03-28 10:08:37,404 [INFO] BlockDiagram:2759 - set Specific Code input for plugin: CAN
2023-03-28 10:08:37,405 [INFO] BlockDiagram:2759 - set Specific Code input for plugin: RCC
2023-03-28 10:08:37,405 [INFO] CodeGenerator:793 - code generatio: config db path: /opt/st/stm32cubeide_1.12.0/plugins/com.st.stm32cube.common.mx_6.8.0.202302231600//db/
2023-03-28 10:08:37,686 [INFO] CodeEngine:255 - oldGeneratedFile, /home/breno/OpenPDM/Software/stm32f103c8t6_v0.1/MXTmpFiles/license.tmp_save
2023-03-28 10:08:38,022 [INFO] CodeEngine:279 - Generated code: /home/breno/OpenPDM/Software/stm32f103c8t6_v0.1/MXTmpFiles/license.tmp
2023-03-28 10:08:38,166 [INFO] CodeEngine:255 - oldGeneratedFile, /home/breno/OpenPDM/Software/stm32f103c8t6_v0.1/MXTmpFiles/gpio.tmp_save
2023-03-28 10:08:38,286 [INFO] CodeEngine:279 - Generated code: /home/breno/OpenPDM/Software/stm32f103c8t6_v0.1/MXTmpFiles/gpio.tmp
2023-03-28 10:08:38,554 [INFO] CodeEngine:255 - oldGeneratedFile, /home/breno/OpenPDM/Software/stm32f103c8t6_v0.1/Core/Src/stm32f1xx_it.c_save
2023-03-28 10:08:38,688 [INFO] CodeEngine:279 - Generated code: /home/breno/OpenPDM/Software/stm32f103c8t6_v0.1/Core/Src/stm32f1xx_it.c
2023-03-28 10:08:38,689 [INFO] CodeEngine:255 - oldGeneratedFile, /home/breno/OpenPDM/Software/stm32f103c8t6_v0.1/Core/Inc/stm32f1xx_it.h_save
2023-03-28 10:08:38,759 [INFO] CodeEngine:279 - Generated code: /home/breno/OpenPDM/Software/stm32f103c8t6_v0.1/Core/Inc/stm32f1xx_it.h
2023-03-28 10:08:38,765 [INFO] CodeEngine:255 - oldGeneratedFile, /home/breno/OpenPDM/Software/stm32f103c8t6_v0.1/Core/Src/stm32f1xx_hal_msp.c_save
2023-03-28 10:08:38,893 [INFO] CodeEngine:279 - Generated code: /home/breno/OpenPDM/Software/stm32f103c8t6_v0.1/Core/Src/stm32f1xx_hal_msp.c
2023-03-28 10:08:38,895 [INFO] CodeEngine:255 - oldGeneratedFile, /home/breno/OpenPDM/Software/stm32f103c8t6_v0.1/MXTmpFiles/system.tmp_save
2023-03-28 10:08:38,981 [INFO] CodeEngine:279 - Generated code: /home/breno/OpenPDM/Software/stm32f103c8t6_v0.1/MXTmpFiles/system.tmp
2023-03-28 10:08:38,984 [INFO] CodeEngine:311 - oldGeneratedFile, /home/breno/OpenPDM/Software/stm32f103c8t6_v0.1/Core/Inc/stm32f1xx_hal_conf.h_save
2023-03-28 10:08:39,061 [INFO] CodeEngine:335 - Generated code: /home/breno/OpenPDM/Software/stm32f103c8t6_v0.1/Core/Inc/stm32f1xx_hal_conf.h
2023-03-28 10:08:39,084 [INFO] CodeEngine:255 - oldGeneratedFile, /home/breno/OpenPDM/Software/stm32f103c8t6_v0.1/Core/Inc/main.h_save
2023-03-28 10:08:39,194 [INFO] CodeEngine:279 - Generated code: /home/breno/OpenPDM/Software/stm32f103c8t6_v0.1/Core/Inc/main.h
2023-03-28 10:08:39,195 [INFO] CodeEngine:255 - oldGeneratedFile, /home/breno/OpenPDM/Software/stm32f103c8t6_v0.1/Core/Src/main.c_save
2023-03-28 10:08:39,304 [INFO] CodeEngine:279 - Generated code: /home/breno/OpenPDM/Software/stm32f103c8t6_v0.1/Core/Src/main.c
2023-03-28 10:08:39,900 [INFO] ProjectBuilder:2996 - Time for Copy HAL[1] : 18mS.
2023-03-28 10:08:39,909 [INFO] ProjectBuilder:4304 - Project Generator version: 3.19.2
2023-03-28 10:08:40,200 [INFO] ConfigFileManager:1483 - The Die is : DIE410
2023-03-28 10:08:40,207 [INFO] ApiDbMcu:507 - Load IP Config File for FATFS
2023-03-28 10:08:40,211 [INFO] ApiDbMcu:507 - Load IP Config File for FREERTOS
2023-03-28 10:08:40,214 [INFO] ApiDbMcu:507 - Load IP Config File for USB_DEVICE
2023-03-28 10:08:40,956 [INFO] LogOutputStream:77 - [STDOUT_REDIRECT] 
2023-03-28 10:08:42,604 [INFO] ProjectBuilder:4505 - Time for Generating toolchain IDE Files: 2695mS.
2023-03-28 10:08:42,605 [INFO] ProjectBuilder:2867 - Time for Copy CMSIS : 1mS.
2023-03-28 10:08:42,605 [INFO] ProjectBuilder:2867 - Time for Copy CMSIS : 0mS.
2023-03-28 10:08:42,975 [INFO] McuFinderGlobals:66 - Set McuFinderConnectedMode to true
2023-03-28 10:08:43,273 [INFO] ApiDb:448 - Save user favorites file /home/breno/.stm32cubeide/favorites.mcus.txt: 0 item(s)
2023-03-28 10:08:43,274 [INFO] ApiDb:452 - User favorites MCUs=[]
