2023-03-29 15:20:51,389 [ERROR] LogOutputStream:75 - [STDERR_REDIRECT] SWT SessionManagerDBus: Failed to UnregisterClient: The connection is closed
2023-03-29 15:20:51,741 [ERROR] LogOutputStream:75 - [STDERR_REDIRECT] 15:20:51.736 ERROR Chromium process exit code: 133
2023-03-29 15:20:51,742 [ERROR] LogOutputStream:75 - [STDERR_REDIRECT] 
2023-03-29 15:20:51,743 [ERROR] LogOutputStream:75 - [STDERR_REDIRECT] 15:20:51.742 ERROR Crash dump dir: /home/breno/.config/jxbrowser/7.23/crash-reports
2023-03-29 15:20:51,743 [ERROR] LogOutputStream:75 - [STDERR_REDIRECT] 
2023-03-29 15:20:51,930 [ERROR] LogOutputStream:75 - [STDERR_REDIRECT] 
2023-03-29 17:25:03,283 [INFO] Activator:176 - 


2023-03-29 17:25:03,284 [INFO] Activator:177 - !SESSION log4j initialized
2023-03-29 17:25:07,258 [INFO] LogOutputStream:77 - [STDOUT_REDIRECT] 
2023-03-29 17:25:26,842 [INFO] ApplicationProperties:184 - Using Application install path: /opt/st/stm32cubeide_1.12.0/plugins/com.st.stm32cube.common.mx_6.8.0.202302231600
2023-03-29 17:25:26,859 [INFO] DbMcusXml:78 - Set database path to: /opt/st/stm32cubeide_1.12.0/plugins/com.st.stm32cube.common.mx_6.8.0.202302231600//db//mcu/
2023-03-29 17:25:26,859 [INFO] ApiDb:274 - Set plugin database path to: /opt/st/stm32cubeide_1.12.0/plugins/com.st.stm32cube.common.mx_6.8.0.202302231600//db//plugins/boardmanager/
2023-03-29 17:25:26,861 [WARN] ApiDb:259 - Overriding images path with different value:  => /opt/st/stm32cubeide_1.12.0/plugins/com.st.stm32cube.common.mx_6.8.0.202302231600//db//plugins/mcufinder/images/
2023-03-29 17:25:26,876 [INFO] ApiDb:250 - Set database path to: /home/breno/.stmcufinder/plugins/mcufinder//mcu/
2023-03-29 17:25:26,878 [INFO] DbMcusAds:125 - Set database path to: /home/breno/.stmcufinder/plugins/mcufinder//mcu/
2023-03-29 17:25:27,397 [INFO] CrossReferenceDbSqlite:203 - Set database path to: /home/breno/.stmcufinder/plugins/mcufinder//mcu/cs/
2023-03-29 17:25:27,476 [INFO] RulesReader:64 - Compatibility file has been processed (293 Rules)
2023-03-29 17:25:27,536 [INFO] DbMcusXml:78 - Set database path to: /opt/st/stm32cubeide_1.12.0/plugins/com.st.stm32cube.common.mx_6.8.0.202302231600//db//mcu/
2023-03-29 17:25:27,536 [INFO] ApiDb:274 - Set plugin database path to: /opt/st/stm32cubeide_1.12.0/plugins/com.st.stm32cube.common.mx_6.8.0.202302231600//db//plugins/boardmanager/
2023-03-29 17:25:27,537 [INFO] ApiDb:261 - Set plugin images path to: /opt/st/stm32cubeide_1.12.0/plugins/com.st.stm32cube.common.mx_6.8.0.202302231600//db//plugins/mcufinder/images/
2023-03-29 17:25:27,537 [WARN] DbFile:41 - Overriding database path with different value: /home/breno/.stmcufinder/plugins/mcufinder/ => /home/breno/.stmcufinder/plugins/mcufinder
2023-03-29 17:25:27,537 [INFO] ApiDb:250 - Set database path to: /home/breno/.stmcufinder/plugins/mcufinder//mcu/
2023-03-29 17:25:27,537 [WARN] DbFile:41 - Overriding database path with different value: /home/breno/.stmcufinder/plugins/mcufinder/ => /home/breno/.stmcufinder/plugins/mcufinder
2023-03-29 17:25:27,537 [INFO] DbMcusAds:125 - Set database path to: /home/breno/.stmcufinder/plugins/mcufinder//mcu/
2023-03-29 17:25:27,537 [WARN] DbFile:41 - Overriding database path with different value: /home/breno/.stmcufinder/plugins/mcufinder/ => /home/breno/.stmcufinder/plugins/mcufinder
2023-03-29 17:25:27,537 [WARN] DbFile:41 - Overriding database path with different value: /home/breno/.stmcufinder/plugins/mcufinder/ => /home/breno/.stmcufinder/plugins/mcufinder
2023-03-29 17:25:27,538 [INFO] CrossReferenceDbSqlite:203 - Set database path to: /home/breno/.stmcufinder/plugins/mcufinder//mcu/cs/
2023-03-29 17:25:27,616 [INFO] MainPanel:253 - HeapMemory: 268435456
2023-03-29 17:25:27,701 [INFO] DbMcusXml:78 - Set database path to: /opt/st/stm32cubeide_1.12.0/plugins/com.st.stm32cube.common.mx_6.8.0.202302231600//db//mcu/
2023-03-29 17:25:27,701 [INFO] ApiDb:274 - Set plugin database path to: /opt/st/stm32cubeide_1.12.0/plugins/com.st.stm32cube.common.mx_6.8.0.202302231600//db//plugins/boardmanager/
2023-03-29 17:25:27,702 [INFO] ApiDb:261 - Set plugin images path to: /opt/st/stm32cubeide_1.12.0/plugins/com.st.stm32cube.common.mx_6.8.0.202302231600//db//plugins/mcufinder/images/
2023-03-29 17:25:27,702 [WARN] DbFile:41 - Overriding database path with different value: /home/breno/.stmcufinder/plugins/mcufinder/ => /home/breno/.stmcufinder/plugins/mcufinder
2023-03-29 17:25:27,702 [INFO] ApiDb:250 - Set database path to: /home/breno/.stmcufinder/plugins/mcufinder//mcu/
2023-03-29 17:25:27,702 [WARN] DbFile:41 - Overriding database path with different value: /home/breno/.stmcufinder/plugins/mcufinder/ => /home/breno/.stmcufinder/plugins/mcufinder
2023-03-29 17:25:27,702 [INFO] DbMcusAds:125 - Set database path to: /home/breno/.stmcufinder/plugins/mcufinder//mcu/
2023-03-29 17:25:27,702 [WARN] DbFile:41 - Overriding database path with different value: /home/breno/.stmcufinder/plugins/mcufinder/ => /home/breno/.stmcufinder/plugins/mcufinder
2023-03-29 17:25:27,702 [WARN] DbFile:41 - Overriding database path with different value: /home/breno/.stmcufinder/plugins/mcufinder/ => /home/breno/.stmcufinder/plugins/mcufinder
2023-03-29 17:25:27,703 [INFO] CrossReferenceDbSqlite:203 - Set database path to: /home/breno/.stmcufinder/plugins/mcufinder//mcu/cs/
2023-03-29 17:25:27,722 [INFO] ApplicationProperties:184 - Using Application install path: /opt/st/stm32cubeide_1.12.0/plugins/com.st.stm32cube.common.mx_6.8.0.202302231600
2023-03-29 17:25:27,723 [INFO] PluginManage:196 - Search for loadable plugins [exclusion list=, ]
2023-03-29 17:25:27,724 [INFO] PluginManage:310 - Check plugin analytics
2023-03-29 17:25:27,883 [ERROR] LogOutputStream:75 - [STDERR_REDIRECT] SLF4J: Failed to load class "org.slf4j.impl.StaticLoggerBinder".
2023-03-29 17:25:27,884 [ERROR] LogOutputStream:75 - [STDERR_REDIRECT] SLF4J: Defaulting to no-operation (NOP) logger implementation
2023-03-29 17:25:27,884 [ERROR] LogOutputStream:75 - [STDERR_REDIRECT] SLF4J: See http://www.slf4j.org/codes.html#StaticLoggerBinder for further details.
2023-03-29 17:25:27,891 [INFO] AnalyticsPlugin:253 - Accepted Software Licenses: 
2023-03-29 17:25:27,891 [INFO] AnalyticsPlugin:255 - Accepted CMSIS Pack Licenses: 
2023-03-29 17:25:27,891 [INFO] AnalyticsPlugin:257 - Accepted Firmware Licenses: 
2023-03-29 17:25:27,898 [INFO] PluginManage:359 - Loaded plugin analytics (category:tool,tabindex:-1)
2023-03-29 17:25:27,899 [INFO] PluginManage:310 - Check plugin cadmodel
2023-03-29 17:25:27,983 [INFO] CADModel:105 - Init CAD model plugin
2023-03-29 17:25:27,983 [INFO] PluginManage:359 - Loaded plugin cadmodel (category:power,tabindex:5)
2023-03-29 17:25:27,983 [INFO] PluginManage:310 - Check plugin clock
2023-03-29 17:25:27,994 [INFO] PluginManage:359 - Loaded plugin clock (category:base,tabindex:2)
2023-03-29 17:25:27,995 [INFO] PluginManage:310 - Check plugin ddr
2023-03-29 17:25:27,998 [INFO] PluginManage:359 - Loaded plugin ddr (category:tool,tabindex:6)
2023-03-29 17:25:27,998 [INFO] PluginManage:310 - Check plugin filemanager
2023-03-29 17:25:28,110 [INFO] PluginManage:359 - Loaded plugin filemanager (category:base,tabindex:10)
2023-03-29 17:25:28,110 [INFO] PluginManage:310 - Check plugin ipmanager
2023-03-29 17:25:28,116 [INFO] PluginManage:359 - Loaded plugin ipmanager (category:base,tabindex:5)
2023-03-29 17:25:28,116 [INFO] PluginManage:310 - Check plugin lpbam
2023-03-29 17:25:28,123 [INFO] PluginManage:359 - Loaded plugin lpbam (category:base,tabindex:0)
2023-03-29 17:25:28,124 [INFO] PluginManage:310 - Check plugin pinoutandconfiguration
2023-03-29 17:25:28,132 [INFO] PluginManage:359 - Loaded plugin pinoutandconfiguration (category:base,tabindex:1)
2023-03-29 17:25:28,132 [INFO] PluginManage:310 - Check plugin pinoutconfig
2023-03-29 17:25:28,191 [WARN] SupportedApi:132 - Cannot load RTOS API schema: s4s-elt-must-match.1: The content of 'definitions' must match (annotation?, (simpleType | complexType)?, (unique | key | keyref)*)). A problem was found starting at: attribute.
2023-03-29 17:25:28,286 [INFO] PluginManage:359 - Loaded plugin pinoutconfig (category:base,tabindex:0)
2023-03-29 17:25:28,286 [INFO] PluginManage:310 - Check plugin power
2023-03-29 17:25:28,296 [INFO] PluginManage:359 - Loaded plugin power (category:power,tabindex:4)
2023-03-29 17:25:28,297 [INFO] PluginManage:310 - Check plugin projectmanager
2023-03-29 17:25:28,311 [INFO] PluginManage:359 - Loaded plugin projectmanager (category:projectmanager,tabindex:3)
2023-03-29 17:25:28,311 [INFO] PluginManage:310 - Check plugin thirdparty
2023-03-29 17:25:28,415 [INFO] PluginManage:359 - Loaded plugin thirdparty (category:base,tabindex:-1)
2023-03-29 17:25:28,414 [WARN] IntegrityCheckThread:84 - waiting for thirdparty lock release [integrity check]
2023-03-29 17:25:28,415 [INFO] IntegrityCheckThread:86 - entering critical section [integrity check]
2023-03-29 17:25:28,415 [INFO] PluginManage:310 - Check plugin tools
2023-03-29 17:25:28,416 [INFO] ThirdPartyUpdaterWithRetryManager:70 - Updater plugin not ready yet. [1/15]
2023-03-29 17:25:28,417 [INFO] PluginManage:359 - Loaded plugin tools (category:base,tabindex:7)
2023-03-29 17:25:28,417 [INFO] PluginManage:310 - Check plugin tutovideos
2023-03-29 17:25:28,576 [INFO] PluginManage:359 - Loaded plugin tutovideos (category:base,tabindex:-1)
2023-03-29 17:25:28,576 [INFO] PluginManage:310 - Check plugin updater
2023-03-29 17:25:28,591 [INFO] PluginManage:359 - Loaded plugin updater (category:base,tabindex:12)
2023-03-29 17:25:28,592 [INFO] PluginManage:283 - PluginManage : Loaded plugins [15]
2023-03-29 17:25:28,797 [INFO] PinOutPanel:1499 - setPackage(No Configuration,No Configuration)
2023-03-29 17:25:28,850 [INFO] CADModel:165 - CPN selected for project level
2023-03-29 17:25:28,850 [INFO] CADModel:114 - Register for checkConnection events
2023-03-29 17:25:28,865 [INFO] IPUIPlugin:80 - create IPUIPlugin
2023-03-29 17:25:28,865 [INFO] PluginManager:220 - loadIPPluginJar : add sai
2023-03-29 17:25:28,869 [INFO] IPUIPlugin:80 - create IPUIPlugin
2023-03-29 17:25:28,869 [INFO] PluginManager:220 - loadIPPluginJar : add gic
2023-03-29 17:25:28,871 [INFO] IPUIPlugin:80 - create IPUIPlugin
2023-03-29 17:25:28,871 [INFO] PluginManager:220 - loadIPPluginJar : add hash
2023-03-29 17:25:28,873 [INFO] IPUIPlugin:80 - create IPUIPlugin
2023-03-29 17:25:28,873 [INFO] PluginManager:220 - loadIPPluginJar : add i2c
2023-03-29 17:25:28,876 [INFO] IPUIPlugin:80 - create IPUIPlugin
2023-03-29 17:25:28,876 [INFO] PluginManager:220 - loadIPPluginJar : add ipddr
2023-03-29 17:25:28,880 [INFO] IPUIPlugin:80 - create IPUIPlugin
2023-03-29 17:25:28,880 [INFO] PluginManager:220 - loadIPPluginJar : add fmc
2023-03-29 17:25:28,885 [INFO] IPUIPlugin:80 - create IPUIPlugin
2023-03-29 17:25:28,886 [INFO] PluginManager:220 - loadIPPluginJar : add mdma
2023-03-29 17:25:28,888 [INFO] IPUIPlugin:80 - create IPUIPlugin
2023-03-29 17:25:28,888 [INFO] PluginManager:220 - loadIPPluginJar : add usbx
2023-03-29 17:25:28,890 [INFO] IPUIPlugin:80 - create IPUIPlugin
2023-03-29 17:25:28,890 [INFO] PluginManager:220 - loadIPPluginJar : add tsc
2023-03-29 17:25:28,892 [INFO] IPUIPlugin:80 - create IPUIPlugin
2023-03-29 17:25:28,892 [INFO] PluginManager:220 - loadIPPluginJar : add lorawan
2023-03-29 17:25:28,893 [INFO] IPUIPlugin:80 - create IPUIPlugin
2023-03-29 17:25:28,893 [INFO] PluginManager:220 - loadIPPluginJar : add gfxmmu
2023-03-29 17:25:28,897 [INFO] IPUIPlugin:80 - create IPUIPlugin
2023-03-29 17:25:28,897 [INFO] PluginManager:220 - loadIPPluginJar : add resmgrutility
2023-03-29 17:25:28,899 [INFO] IPUIPlugin:80 - create IPUIPlugin
2023-03-29 17:25:28,899 [INFO] PluginManager:220 - loadIPPluginJar : add spi
2023-03-29 17:25:28,902 [INFO] IPUIPlugin:80 - create IPUIPlugin
2023-03-29 17:25:28,902 [INFO] PluginManager:220 - loadIPPluginJar : add nvic
2023-03-29 17:25:28,904 [INFO] IPUIPlugin:80 - create IPUIPlugin
2023-03-29 17:25:28,904 [INFO] PluginManager:220 - loadIPPluginJar : add can
2023-03-29 17:25:28,905 [INFO] IPUIPlugin:80 - create IPUIPlugin
2023-03-29 17:25:28,905 [INFO] PluginManager:220 - loadIPPluginJar : add tim
2023-03-29 17:25:28,907 [INFO] IPUIPlugin:80 - create IPUIPlugin
2023-03-29 17:25:28,907 [INFO] PluginManager:220 - loadIPPluginJar : add pdm2pcm
2023-03-29 17:25:28,922 [INFO] IPUIPlugin:80 - create IPUIPlugin
2023-03-29 17:25:28,922 [INFO] PluginManager:220 - loadIPPluginJar : add i2s
2023-03-29 17:25:28,924 [INFO] IPUIPlugin:80 - create IPUIPlugin
2023-03-29 17:25:28,925 [INFO] PluginManager:220 - loadIPPluginJar : add comp
2023-03-29 17:25:28,928 [INFO] IPUIPlugin:80 - create IPUIPlugin
2023-03-29 17:25:28,928 [INFO] PluginManager:220 - loadIPPluginJar : add aes
2023-03-29 17:25:28,931 [INFO] IPUIPlugin:80 - create IPUIPlugin
2023-03-29 17:25:28,931 [INFO] PluginManager:220 - loadIPPluginJar : add gtzc
2023-03-29 17:25:28,933 [INFO] IPUIPlugin:80 - create IPUIPlugin
2023-03-29 17:25:28,933 [INFO] PluginManager:220 - loadIPPluginJar : add ucpd
2023-03-29 17:25:28,935 [INFO] IPUIPlugin:80 - create IPUIPlugin
2023-03-29 17:25:28,936 [INFO] PluginManager:220 - loadIPPluginJar : add opamp
2023-03-29 17:25:28,940 [INFO] IPUIPlugin:80 - create IPUIPlugin
2023-03-29 17:25:28,940 [INFO] PluginManager:220 - loadIPPluginJar : add stm32_wpan
2023-03-29 17:25:28,943 [INFO] IPUIPlugin:80 - create IPUIPlugin
2023-03-29 17:25:28,943 [INFO] PluginManager:220 - loadIPPluginJar : add openamp
2023-03-29 17:25:28,945 [INFO] IPUIPlugin:80 - create IPUIPlugin
2023-03-29 17:25:28,945 [INFO] PluginManager:220 - loadIPPluginJar : add dfsdm
2023-03-29 17:25:28,946 [INFO] IPUIPlugin:80 - create IPUIPlugin
2023-03-29 17:25:28,947 [INFO] PluginManager:220 - loadIPPluginJar : add quadspi
2023-03-29 17:25:28,953 [INFO] IPUIPlugin:80 - create IPUIPlugin
2023-03-29 17:25:28,954 [INFO] PluginManager:220 - loadIPPluginJar : add dma
2023-03-29 17:25:28,957 [INFO] IPUIPlugin:80 - create IPUIPlugin
2023-03-29 17:25:28,957 [INFO] PluginManager:220 - loadIPPluginJar : add dma3
2023-03-29 17:25:28,959 [INFO] IPUIPlugin:80 - create IPUIPlugin
2023-03-29 17:25:28,959 [INFO] PluginManager:220 - loadIPPluginJar : add genericplugin
2023-03-29 17:25:28,965 [INFO] IPUIPlugin:80 - create IPUIPlugin
2023-03-29 17:25:28,966 [INFO] PluginManager:220 - loadIPPluginJar : add gpio
2023-03-29 17:25:28,967 [INFO] IPUIPlugin:80 - create IPUIPlugin
2023-03-29 17:25:28,967 [INFO] PluginManager:220 - loadIPPluginJar : add ts
2023-03-29 17:25:28,974 [INFO] IPUIPlugin:80 - create IPUIPlugin
2023-03-29 17:25:28,975 [INFO] PluginManager:220 - loadIPPluginJar : add linkedlist
2023-03-29 17:25:28,976 [INFO] IPUIPlugin:80 - create IPUIPlugin
2023-03-29 17:25:28,976 [INFO] PluginManager:220 - loadIPPluginJar : add fatfs
2023-03-29 17:25:28,977 [INFO] IPUIPlugin:80 - create IPUIPlugin
2023-03-29 17:25:28,977 [INFO] PluginManager:220 - loadIPPluginJar : add ltdc
2023-03-29 17:25:28,980 [INFO] IPUIPlugin:80 - create IPUIPlugin
2023-03-29 17:25:28,980 [INFO] PluginManager:220 - loadIPPluginJar : add touchsensing
2023-03-29 17:25:28,982 [INFO] IPUIPlugin:80 - create IPUIPlugin
2023-03-29 17:25:28,982 [INFO] PluginManager:220 - loadIPPluginJar : add cryp
2023-03-29 17:25:28,985 [INFO] IPUIPlugin:80 - create IPUIPlugin
2023-03-29 17:25:28,985 [INFO] PluginManager:220 - loadIPPluginJar : add i3c
2023-03-29 17:25:29,016 [INFO] IPUIPlugin:80 - create IPUIPlugin
2023-03-29 17:25:29,019 [INFO] PluginManager:220 - loadIPPluginJar : add plateformsettings
2023-03-29 17:25:29,026 [INFO] IPUIPlugin:80 - create IPUIPlugin
2023-03-29 17:25:29,027 [INFO] PluginManager:220 - loadIPPluginJar : add freertos
2023-03-29 17:25:29,029 [INFO] IPUIPlugin:80 - create IPUIPlugin
2023-03-29 17:25:29,029 [INFO] PluginManager:220 - loadIPPluginJar : add tracer_emb
2023-03-29 17:25:29,035 [INFO] IPUIPlugin:80 - create IPUIPlugin
2023-03-29 17:25:29,036 [INFO] PluginManager:220 - loadIPPluginJar : add adc
2023-03-29 17:25:29,038 [INFO] IPUIPlugin:80 - create IPUIPlugin
2023-03-29 17:25:29,038 [INFO] PluginManager:220 - loadIPPluginJar : add usart
2023-03-29 17:25:29,138 [INFO] CADModel:165 - CPN selected for project level
2023-03-29 17:25:29,138 [INFO] CADModel:114 - Register for checkConnection events
2023-03-29 17:25:29,138 [FATAL] Updater:308 - Updater called before beeing initialized
2023-03-29 17:25:29,138 [ERROR] CADModel:125 - Updater not yet initialized, retry later 
2023-03-29 17:25:29,239 [INFO] CADModel:165 - CPN selected for project level
2023-03-29 17:25:29,239 [INFO] CADModel:114 - Register for checkConnection events
2023-03-29 17:25:29,239 [FATAL] Updater:308 - Updater called before beeing initialized
2023-03-29 17:25:29,239 [ERROR] CADModel:125 - Updater not yet initialized, retry later 
2023-03-29 17:25:29,242 [FATAL] Updater:308 - Updater called before beeing initialized
2023-03-29 17:25:29,336 [FATAL] Updater:308 - Updater called before beeing initialized
2023-03-29 17:25:29,343 [INFO] DbMcusAds:53 - JSON generation date=Tue Mar 07 05:50:55 BRT 2023 (1678179055114)
2023-03-29 17:25:29,343 [FATAL] Updater:308 - Updater called before beeing initialized
2023-03-29 17:25:29,371 [WARN] DetailPanel:346 - Failed to get advertising image, set to default
2023-03-29 17:25:29,446 [FATAL] Updater:308 - Updater called before beeing initialized
2023-03-29 17:25:29,448 [FATAL] Updater:308 - Updater called before beeing initialized
2023-03-29 17:25:29,448 [FATAL] Updater:308 - Updater called before beeing initialized
2023-03-29 17:25:29,448 [WARN] DetailPanel:346 - Failed to get advertising image, set to default
2023-03-29 17:25:29,449 [FATAL] Updater:308 - Updater called before beeing initialized
2023-03-29 17:25:29,480 [ERROR] Updater:1120 - MainUpdater not yet initialized. External WinMGr cannot be set.
2023-03-29 17:25:29,482 [INFO] Updater:1056 - Updater Version found : 6.8.0
2023-03-29 17:25:29,501 [INFO] ApplicationProperties:184 - Using Application install path: /opt/st/stm32cubeide_1.12.0/plugins/com.st.stm32cube.common.mx_6.8.0.202302231600
2023-03-29 17:25:29,682 [INFO] MainUpdater:2854 - connection check result : 10
2023-03-29 17:25:29,683 [INFO] MainUpdater:283 - Updater Check For Update Now.
2023-03-29 17:25:29,683 [INFO] MicroXplorer:498 - Change Database Version : DB.6.0.80
2023-03-29 17:25:29,815 [INFO] CheckServerUpdateThread:120 - End of CheckServer Thread
2023-03-29 17:25:29,888 [INFO] MainUpdater:2854 - connection check result : 10
2023-03-29 17:25:29,891 [INFO] MainUpdater:2854 - connection check result : 10
2023-03-29 17:25:29,917 [INFO] MicroXplorer:468 - Change Database Path : 
2023-03-29 17:25:29,917 [INFO] MicroXplorer:498 - Change Database Version : DB.6.0.80
2023-03-29 17:25:29,917 [WARN] ThirdParty:871 - waiting for thirdparty lock release [close project]
2023-03-29 17:25:31,483 [WARN] PackLoader:240 - Cannot read IP mode file for STMicroelectronics.X-CUBE-GNSS1.6.0.0
2023-03-29 17:25:31,504 [WARN] PackLoader:240 - Cannot read IP mode file for STMicroelectronics.X-CUBE-AZRTOS-F4.1.1.0
2023-03-29 17:25:31,521 [WARN] PackLoader:240 - Cannot read IP mode file for STMicroelectronics.X-CUBE-AZRTOS-F7.1.1.0
2023-03-29 17:25:31,527 [WARN] PackLoader:240 - Cannot read IP mode file for STMicroelectronics.X-CUBE-BLE1.6.2.4
2023-03-29 17:25:31,536 [WARN] PackLoader:240 - Cannot read IP mode file for emotas.I-CUBE-CANOPEN.1.1.3
2023-03-29 17:25:31,542 [WARN] PackLoader:240 - Cannot read IP mode file for STMicroelectronics.X-CUBE-BLEMGR.2.0.0
2023-03-29 17:25:31,549 [WARN] PackLoader:240 - Cannot read IP mode file for STMicroelectronics.X-CUBE-DISPLAY.3.0.0
2023-03-29 17:25:31,566 [WARN] PackLoader:240 - Cannot read IP mode file for wolfSSL.I-CUBE-wolfSSL.5.5.4
2023-03-29 17:25:31,570 [WARN] PackLoader:240 - Cannot read IP mode file for STMicroelectronics.X-CUBE-NFC7.1.0.0
2023-03-29 17:25:31,576 [WARN] PackLoader:240 - Cannot read IP mode file for STMicroelectronics.X-CUBE-EEPRMA1.4.1.0
2023-03-29 17:25:31,583 [WARN] PackLoader:240 - Cannot read IP mode file for WES.I-CUBE-Cesium.1.3.0
2023-03-29 17:25:31,590 [WARN] PackLoader:240 - Cannot read IP mode file for STMicroelectronics.X-CUBE-SFXS2LP1.4.0.0
2023-03-29 17:25:31,595 [WARN] PackLoader:240 - Cannot read IP mode file for STMicroelectronics.X-CUBE-BLE2.3.3.0
2023-03-29 17:25:31,617 [WARN] PackLoader:240 - Cannot read IP mode file for STMicroelectronics.X-CUBE-AZRTOS-H7.3.0.0
2023-03-29 17:25:31,622 [WARN] PackLoader:240 - Cannot read IP mode file for STMicroelectronics.X-CUBE-ISPU.1.1.0
2023-03-29 17:25:31,627 [WARN] PackLoader:240 - Cannot read IP mode file for RoweBots.I-CUBE-UNISONRTOS.5.5.0-4
2023-03-29 17:25:31,630 [WARN] PackLoader:240 - Cannot read IP mode file for STMicroelectronics.X-CUBE-AI.8.0.0
2023-03-29 17:25:31,633 [WARN] PackLoader:240 - Cannot read IP mode file for STMicroelectronics.X-CUBE-FREERTOS.1.0.0
2023-03-29 17:25:31,636 [WARN] PackLoader:240 - Cannot read IP mode file for STMicroelectronics.X-CUBE-TOUCHGFX.4.21.3
2023-03-29 17:25:31,639 [WARN] PackLoader:240 - Cannot read IP mode file for STMicroelectronics.X-CUBE-ALGOBUILD.1.3.0
2023-03-29 17:25:31,649 [WARN] PackLoader:240 - Cannot read IP mode file for STMicroelectronics.X-CUBE-AZRTOS-L5.1.1.0
2023-03-29 17:25:31,660 [WARN] PackLoader:240 - Cannot read IP mode file for STMicroelectronics.X-CUBE-AZRTOS-G0.1.1.0
2023-03-29 17:25:31,668 [WARN] PackLoader:240 - Cannot read IP mode file for STMicroelectronics.X-CUBE-SUBG2.5.0.0
2023-03-29 17:25:31,675 [WARN] PackLoader:240 - Cannot read IP mode file for STMicroelectronics.X-CUBE-NFC4.3.0.0
2023-03-29 17:25:31,682 [WARN] PackLoader:240 - Cannot read IP mode file for STMicroelectronics.X-CUBE-TOF1.3.3.0
2023-03-29 17:25:31,690 [WARN] PackLoader:240 - Cannot read IP mode file for STMicroelectronics.FP-ATR-ASTRA1.1.1.1
2023-03-29 17:25:31,699 [WARN] PackLoader:240 - Cannot read IP mode file for STMicroelectronics.X-CUBE-AZRTOS-G4.1.0.0
2023-03-29 17:25:31,703 [WARN] PackLoader:240 - Cannot read IP mode file for STMicroelectronics.FP-ATR-SIGFOX1.3.2.0
2023-03-29 17:25:31,713 [WARN] PackLoader:240 - Cannot read IP mode file for STMicroelectronics.X-CUBE-AZRTOS-L4.1.0.0
2023-03-29 17:25:31,740 [WARN] PackLoader:240 - Cannot read IP mode file for STMicroelectronics.X-CUBE-AZRTOS-WL.1.0.0
2023-03-29 17:25:31,746 [WARN] PackLoader:240 - Cannot read IP mode file for portGmbH.I-Cube-SoM-uGOAL.1.1.0
2023-03-29 17:25:31,750 [WARN] PackLoader:240 - Cannot read IP mode file for STMicroelectronics.X-CUBE-ALS.1.0.1
2023-03-29 17:25:31,790 [WARN] PackLoader:240 - Cannot read IP mode file for STMicroelectronics.X-CUBE-MEMS1.9.5.0
2023-03-29 17:25:31,952 [WARN] PackLoader:240 - Cannot read IP mode file for STMicroelectronics.X-CUBE-AZRTOS-WB.1.1.0
2023-03-29 17:25:31,972 [WARN] PackLoader:240 - Cannot read IP mode file for SEGGER.I-CUBE-embOS.1.3.1
2023-03-29 17:25:31,994 [INFO] ThirdParty:978 - Integrity check success = true
2023-03-29 17:25:31,994 [INFO] IntegrityCheckThread:100 - exiting critical section [integrity check]
2023-03-29 17:25:31,994 [INFO] IntegrityCheckThread:103 - End integrity checks thread
2023-03-29 17:25:32,009 [INFO] ThirdParty:873 - entering critical section [close project]
2023-03-29 17:25:32,011 [INFO] ThirdParty:883 - exiting critical section [close project]
2023-03-29 17:25:32,018 [INFO] PinOutPanel:1499 - setPackage(No Configuration,No Configuration)
2023-03-29 17:25:32,025 [INFO] UtilMem:75 - Begin LoadConfig() Used Memory: 148357976 Bytes (268435456)
2023-03-29 17:25:32,026 [INFO] MicroXplorer:468 - Change Database Path : 
2023-03-29 17:25:32,026 [INFO] MicroXplorer:498 - Change Database Version : DB.6.0.80
2023-03-29 17:25:32,027 [INFO] OpenFileManager:308 - Change cursor
2023-03-29 17:25:32,056 [INFO] Mcu:1937 - Initializing MCU STM32F103C(8-B)Tx STM32F103C8Tx STM32F103C8T6
2023-03-29 17:25:32,761 [INFO] Context:659 - Trying to add GPIOservice into a context  which must be forbidden
2023-03-29 17:25:33,065 [INFO] RtosManager:555 - Registered RTOS mode: class=CMSIS, group=RTOS, mode=CMSIS_V1, owner=FREERTOS
2023-03-29 17:25:33,066 [INFO] RtosManager:555 - Registered RTOS mode: class=CMSIS, group=RTOS2, mode=CMSIS_V2, owner=FREERTOS
2023-03-29 17:25:33,066 [INFO] RtosManager:555 - Registered RTOS mode: class=RTOS, group=Core, mode=CMSIS_V1, owner=FREERTOS
2023-03-29 17:25:33,066 [INFO] RtosManager:555 - Registered RTOS mode: class=RTOS, group=Core, mode=CMSIS_V2, owner=FREERTOS
2023-03-29 17:25:33,066 [WARN] ModelIntegratedComponent:184 - Missing modes for component STMicroelectronics:FreeRTOS:0.0.1:STMicroelectronics:RTOS:FreeRTOS:Core:::10.2.0:
2023-03-29 17:25:33,088 [WARN] ModelIntegratedComponent:63 - No mode defined for component null
2023-03-29 17:25:33,089 [WARN] ModelIntegratedComponent:63 - No mode defined for component null
2023-03-29 17:25:33,089 [WARN] ModelIntegratedComponent:63 - No mode defined for component null
2023-03-29 17:25:33,089 [WARN] ModelIntegratedComponent:63 - No mode defined for component null
2023-03-29 17:25:33,089 [WARN] ModelIntegratedComponent:63 - No mode defined for component null
2023-03-29 17:25:33,089 [WARN] ModelIntegratedComponent:63 - No mode defined for component null
2023-03-29 17:25:33,089 [WARN] ModelIntegratedComponent:63 - No mode defined for component null
2023-03-29 17:25:33,089 [WARN] ModelIntegratedComponent:63 - No mode defined for component null
2023-03-29 17:25:33,089 [WARN] ModelIntegratedComponent:63 - No mode defined for component null
2023-03-29 17:25:33,089 [WARN] ModelIntegratedComponent:63 - No mode defined for component null
2023-03-29 17:25:33,089 [WARN] ModelIntegratedComponent:63 - No mode defined for component null
2023-03-29 17:25:33,089 [WARN] ModelIntegratedComponent:63 - No mode defined for component null
2023-03-29 17:25:33,089 [WARN] ModelIntegratedComponent:63 - No mode defined for component null
2023-03-29 17:25:33,089 [WARN] ModelIntegratedComponent:63 - No mode defined for component null
2023-03-29 17:25:33,089 [WARN] ModelIntegratedComponent:63 - No mode defined for component null
2023-03-29 17:25:33,089 [WARN] ModelIntegratedComponent:63 - No mode defined for component null
2023-03-29 17:25:33,089 [WARN] ModelIntegratedComponent:63 - No mode defined for component null
2023-03-29 17:25:33,089 [WARN] ModelIntegratedComponent:63 - No mode defined for component null
2023-03-29 17:25:33,089 [WARN] ModelIntegratedComponent:63 - No mode defined for component null
2023-03-29 17:25:33,089 [WARN] ModelIntegratedComponent:63 - No mode defined for component null
2023-03-29 17:25:33,090 [WARN] ModelIntegratedComponent:63 - No mode defined for component null
2023-03-29 17:25:33,090 [WARN] ModelIntegratedComponent:63 - No mode defined for component null
2023-03-29 17:25:33,090 [WARN] ModelIntegratedComponent:63 - No mode defined for component null
2023-03-29 17:25:33,090 [WARN] ModelIntegratedComponent:63 - No mode defined for component null
2023-03-29 17:25:33,090 [WARN] ModelIntegratedComponent:63 - No mode defined for component null
2023-03-29 17:25:33,090 [WARN] ModelIntegratedComponent:63 - No mode defined for component null
2023-03-29 17:25:33,090 [WARN] ModelIntegratedComponent:63 - No mode defined for component null
2023-03-29 17:25:33,090 [WARN] ModelIntegratedComponent:63 - No mode defined for component null
2023-03-29 17:25:33,090 [WARN] ModelIntegratedComponent:63 - No mode defined for component null
2023-03-29 17:25:33,090 [WARN] ModelIntegratedComponent:63 - No mode defined for component null
2023-03-29 17:25:33,090 [WARN] ModelIntegratedComponent:63 - No mode defined for component null
2023-03-29 17:25:33,090 [WARN] ModelIntegratedComponent:63 - No mode defined for component null
2023-03-29 17:25:33,090 [WARN] ModelIntegratedComponent:63 - No mode defined for component null
2023-03-29 17:25:33,264 [INFO] ThirdPartyModel:298 - Start build external matchings
2023-03-29 17:25:33,392 [INFO] ThirdPartyModel:316 - End build external matchings
2023-03-29 17:25:33,402 [INFO] ImportTextPane:194 - (OptionalMessage_ERROR) IP (RCC) : Invalid parameter (FamilyName)
2023-03-29 17:25:33,404 [INFO] ImportTextPane:194 - (OptionalMessage_ERROR) IP (RCC) : Parameter (MCOFreq_Value) has invalid value (72000000)
2023-03-29 17:25:33,405 [INFO] ImportTextPane:194 - (OptionalMessage_ERROR) IP (RCC) : Parameter (USBFreq_Value) has invalid value (72000000)
2023-03-29 17:25:33,518 [INFO] UtilMem:75 - End LoadConfig() Used Memory: 174688104 Bytes (268435456)
2023-03-29 17:25:33,640 [INFO] ApiDb:581 - Connected to CubeFinder SQLite database (/home/breno/.stmcufinder/plugins/mcufinder/mcu/cube-finder-db.db)
2023-03-29 17:25:33,698 [INFO] ApiDb:668 - CubeFinder database Data Model version=2.1
2023-03-29 17:25:33,698 [INFO] ApiDb:669 - CubeFinder database Configuration version=3.0.35
2023-03-29 17:25:33,698 [INFO] ApiDb:670 - CubeFinder database generation date=2023-03-10 (1678456172)
2023-03-29 17:25:33,699 [INFO] ApiDb:671 - CubeFinder database FW Pack versions=[FP-ATR-ASTRA1_V1.1.1, STM32Cube_FW_C0_V1.0.1, STM32Cube_FW_F0_V1.11.4, STM32Cube_FW_F3_V1.11.4, STM32Cube_FW_F4_V1.27.1, STM32Cube_FW_F7_V1.17.0, STM32Cube_FW_G0_V1.6.1, STM32Cube_FW_G4_V1.5.1, STM32Cube_FW_H5_V0.5.1, STM32Cube_FW_H5_V1.0.0, STM32Cube_FW_H7_V1.11.0, STM32Cube_FW_L0_V1.12.2, STM32Cube_FW_L5_V1.5.0, STM32Cube_FW_U5_V1.2.0, STM32Cube_FW_WBA_V1.0.0, STM32Cube_FW_WBA_V1.0.0RC1, STM32Cube_FW_WBA_V1.0.0RC3, STM32Cube_FW_WB_V1.15.0RC1, STM32Cube_FW_WB_V1.16.0, STM32Cube_FW_WB_V1.16.0RC2, STM32Cube_FW_WL_V1.3.0, X-CUBE-ALGOBUILD_V1.3.0, X-CUBE-ALS_V1.0.1, X-CUBE-AZRTOS-F4_V1.1.0, X-CUBE-AZRTOS-F7_V1.1.0, X-CUBE-AZRTOS-G0_V1.1.0, X-CUBE-AZRTOS-G4_V1.0.0, X-CUBE-AZRTOS-H7_V3.0.0, X-CUBE-AZRTOS-L4_V1.0.0, X-CUBE-AZRTOS-L5_V1.1.0, X-CUBE-AZRTOS-WB_V1.1.0, X-CUBE-AZRTOS-WL_V1.0.0, X-CUBE-BLE1_V6.2.4, X-CUBE-BLE2_V3.3.0, X-CUBE-BLEMGR_V1.3.0, X-CUBE-EEPRMA1_V4.1.0, X-CUBE-GNSS1_V6.0.0, X-CUBE-MEMS1_V9.1.0, X-CUBE-MEMS1_V9.4.0, X-CUBE-MEMS1_V9.5.0, X-CUBE-NFC4_V3.0.0, X-CUBE-NFC7_V1.0.0, X-CUBE-SFXS2LP1_V4.0.0, X-CUBE-SUBG2_V5.0.0]
2023-03-29 17:25:35,085 [INFO] ApiDb:240 - Found 297 in-development CPN: [B-G473E-ZEST1S, B-WB1M-WPAN1, B-WL5M-SUBG1, NUCLEO-C031C6, NUCLEO-H503RB, NUCLEO-H563ZI, NUCLEO-U545RE-Q, NUCLEO-U5A5ZJ-Q, NUCLEO-WBA52CG, STEVAL-PROTEUS1, STEVAL-STWINBX1, STM320518-EVAL, STM32C0116-DK, STM32C011D6Y3TR, STM32C011D6Y6TR, STM32C011F4P3, STM32C011F4P6, STM32C011F4U3, STM32C011F4U6TR, STM32C011F6P3, STM32C011F6P6, STM32C011F6U3, STM32C011F6U6TR, STM32C011J4M3, STM32C011J4M6, STM32C011J6M3, STM32C011J6M6, STM32C0316-DK, STM32C031C4T3, STM32C031C4T6, STM32C031C4U3, STM32C031C4U6, STM32C031C6T3, STM32C031C6T6, STM32C031C6U3, STM32C031C6U6, STM32C031F4P3, STM32C031F4P6, STM32C031F6P3, STM32C031F6P6, STM32C031G4U3, STM32C031G4U6, STM32C031G6U3, STM32C031G6U6, STM32C031K4T3, STM32C031K4T6, STM32C031K4U3, STM32C031K4U6, STM32C031K6T3, STM32C031K6T6, STM32C031K6U3, STM32C031K6U6, STM32G071K8TXN, STM32G071K8UXN, STM32G081GBU6N, STM32G081KBT6N, STM32G081KBUXN, STM32G0B1CCT6N, STM32G0B1KCT6, STM32G0B1NEY6TR, STM32G0B1RCT6N, STM32G0C1CCT6, STM32G0C1CCT6N, STM32G0C1CCU6N, STM32G0C1CET6N, STM32G0C1CEU6N, STM32G0C1KCT6, STM32G0C1NEY6TR, STM32G0C1RCI6N, STM32G0C1RCT6N, STM32G0C1REI6N, STM32G0C1RET6N, STM32G0C1VCI6, STM32G0C1VEI6, STM32G471CCT6, STM32G471CCU6, STM32G471CET3, STM32G471CET6, STM32G471CEU3, STM32G471CEU6, STM32G471MCT6, STM32G471MET3, STM32G471MET6, STM32G471MEY6TR, STM32G471QCT6, STM32G471QET3, STM32G471RCT6, STM32G471RET3, STM32G471RET6, STM32G471VCH6, STM32G471VCI6, STM32G471VCT6, STM32G471VEH3, STM32G471VEH6, STM32G471VEI3, STM32G471VEI6, STM32G471VET3, STM32G471VET6, STM32G474CCT6, STM32H503CBT6, STM32H503CBU6, STM32H503EBY6TR, STM32H503KBU6, STM32H503RBT6, STM32H562AGI6, STM32H562AII6, STM32H562IGK6, STM32H562IGT6, STM32H562IIK6, STM32H562IIT6, STM32H562RGT6, STM32H562RGV6, STM32H562RIT6, STM32H562RIV6, STM32H562VGT6, STM32H562VIT6, STM32H562ZGT6, STM32H562ZIT6, STM32H563AGI6, STM32H563AII3Q, STM32H563AII6, STM32H563IGK6, STM32H563IGT6, STM32H563IIK3Q, STM32H563IIK6, STM32H563IIT3Q, STM32H563IIT6, STM32H563MIY3QTR, STM32H563RGT6, STM32H563RGV6, STM32H563RIT6, STM32H563RIV6, STM32H563VGT6, STM32H563VIT3Q, STM32H563VIT6, STM32H563ZGT6, STM32H563ZIT3Q, STM32H563ZIT6, STM32H573AII3Q, STM32H573AII6, STM32H573I-DK, STM32H573IIK3Q, STM32H573IIK6, STM32H573IIT3Q, STM32H573IIT6, STM32H573MIY3QTR, STM32H573RIT6, STM32H573RIV6, STM32H573VIT3Q, STM32H573VIT6, STM32H573ZIT3Q, STM32H573ZIT6, STM32L4R5QGI6STR, STM32MP131AAE3, STM32MP131AAF3, STM32MP131AAG3, STM32MP131CAE3, STM32MP131CAF3, STM32MP131CAG3, STM32MP131DAE7, STM32MP131DAF7, STM32MP131DAG7, STM32MP131FAE7, STM32MP131FAF7, STM32MP131FAG7, STM32MP133AAE3, STM32MP133AAF3, STM32MP133AAG3, STM32MP133CAE3, STM32MP133CAF3, STM32MP133CAG3, STM32MP133DAE7, STM32MP133DAF7, STM32MP133DAG7, STM32MP133FAE7, STM32MP133FAF7, STM32MP133FAG7, STM32MP135AAE3, STM32MP135AAF3, STM32MP135AAG3, STM32MP135CAE3, STM32MP135CAF3, STM32MP135CAG3, STM32MP135DAE7, STM32MP135DAF7, STM32MP135DAG7, STM32MP135F-DK, STM32MP135FAE7, STM32MP135FAF7, STM32MP135FAF7T, STM32MP135FAF7U, STM32MP135FAG7, STM32U535CBT6, STM32U535CBT6Q, STM32U535CBU6, STM32U535CBU6Q, STM32U535CCT6, STM32U535CCT6Q, STM32U535CCU6, STM32U535CCU6Q, STM32U535CET6, STM32U535CET6Q, STM32U535CEU6, STM32U535CEU6Q, STM32U535JEY6QTR, STM32U535NCY6QTR, STM32U535NEY6QTR, STM32U535RBI6, STM32U535RBI6Q, STM32U535RBT6, STM32U535RBT6Q, STM32U535RCI6, STM32U535RCI6Q, STM32U535RCT6, STM32U535RCT6Q, STM32U535REI6, STM32U535REI6Q, STM32U535RET6, STM32U535RET6Q, STM32U535VCI6, STM32U535VCI6Q, STM32U535VCT6, STM32U535VCT6Q, STM32U535VEI6, STM32U535VEI6Q, STM32U535VET6, STM32U535VET6Q, STM32U545CET6, STM32U545CET6Q, STM32U545CEU6, STM32U545CEU6Q, STM32U545JEY6QTR, STM32U545NEY6QTR, STM32U545REI6, STM32U545REI6Q, STM32U545RET6, STM32U545RET6Q, STM32U545VEI6, STM32U545VEI6Q, STM32U545VET6, STM32U545VET6Q, STM32U595AIH6, STM32U595AIH6Q, STM32U595AJH6, STM32U595AJH6Q, STM32U595QII6, STM32U595QII6Q, STM32U595QJI6, STM32U595QJI6Q, STM32U595RIT6, STM32U595RIT6Q, STM32U595RJT6, STM32U595RJT6Q, STM32U595VIT6, STM32U595VIT6Q, STM32U595VJT6, STM32U595VJT6Q, STM32U595ZIT6, STM32U595ZIT6Q, STM32U595ZIY6QTR, STM32U595ZJT6, STM32U595ZJT6Q, STM32U595ZJY6QTR, STM32U599BJY6QTR, STM32U599NIH6Q, STM32U599NJH6Q, STM32U599VIT6Q, STM32U599VJT6, STM32U599VJT6Q, STM32U599ZIT6Q, STM32U599ZIY6QTR, STM32U599ZJT6Q, STM32U599ZJY6QTR, STM32U5A5AJH6, STM32U5A5AJH6Q, STM32U5A5QJI6, STM32U5A5QJI6Q, STM32U5A5RJT6, STM32U5A5RJT6Q, STM32U5A5VJT6, STM32U5A5VJT6Q, STM32U5A5ZJT6, STM32U5A5ZJT6Q, STM32U5A5ZJY6QTR, STM32U5A9BJY6QTR, STM32U5A9J-DK, STM32U5A9NJH6Q, STM32U5A9VJT6Q, STM32U5A9ZJT6Q, STM32U5A9ZJY6QTR, STM32WB1MMCH6, STM32WBA52CEU6, STM32WBA52CEU6T, STM32WBA52CGU6, STM32WBA52CGU6T, STM32WL5MOCH6, STM32WL5MOCH6TR]
2023-03-29 17:25:35,088 [INFO] DbMcus:216 - Found 3775 MCUs, 3775 are supported
2023-03-29 17:25:35,090 [INFO] ApiDb:423 - Load user favorites file /home/breno/.stm32cubeide/favorites.mcus.txt: 0 item(s)
2023-03-29 17:25:35,090 [INFO] ApiDb:427 - User favorites MCUs=[]
2023-03-29 17:25:35,090 [INFO] DbMcus:222 - Set 0 / 0 favorites MCUs
2023-03-29 17:25:35,317 [WARN] ThirdParty:833 - waiting for thirdparty lock release [change project]
2023-03-29 17:25:35,317 [INFO] ThirdParty:835 - entering critical section [change project]
2023-03-29 17:25:35,317 [INFO] ThirdParty:1030 - CMSIS Pack Vendor :STMicroelectronics X-CUBE-ISPU 1.1.0
2023-03-29 17:25:35,317 [INFO] ThirdParty:1030 - CMSIS Pack Vendor :RoweBots I-CUBE-UNISONRTOS 5.5.0-4
2023-03-29 17:25:35,317 [INFO] ThirdParty:1030 - CMSIS Pack Vendor :STMicroelectronics X-CUBE-GNSS1 6.0.0
2023-03-29 17:25:35,317 [INFO] ThirdParty:1030 - CMSIS Pack Vendor :STMicroelectronics USB_HOST 2.0.0
2023-03-29 17:25:35,317 [INFO] ThirdParty:1030 - CMSIS Pack Vendor :STMicroelectronics X-CUBE-AZRTOS-F4 1.1.0
2023-03-29 17:25:35,317 [INFO] ThirdParty:1030 - CMSIS Pack Vendor :STMicroelectronics LIBJPEG 8.0.0
2023-03-29 17:25:35,317 [INFO] ThirdParty:1030 - CMSIS Pack Vendor :STMicroelectronics USB_DEVICE 3.0.0
2023-03-29 17:25:35,317 [INFO] ThirdParty:1030 - CMSIS Pack Vendor :STMicroelectronics X-CUBE-AI 8.0.0
2023-03-29 17:25:35,317 [INFO] ThirdParty:1030 - CMSIS Pack Vendor :STMicroelectronics X-CUBE-FREERTOS 1.0.0
2023-03-29 17:25:35,317 [INFO] ThirdParty:1030 - CMSIS Pack Vendor :STMicroelectronics X-CUBE-TOUCHGFX 4.21.3
2023-03-29 17:25:35,317 [INFO] ThirdParty:1030 - CMSIS Pack Vendor :STMicroelectronics X-CUBE-AZRTOS-F7 1.1.0
2023-03-29 17:25:35,317 [INFO] ThirdParty:1030 - CMSIS Pack Vendor :STMicroelectronics USB_DEVICE 2.0.0
2023-03-29 17:25:35,318 [INFO] ThirdParty:1030 - CMSIS Pack Vendor :STMicroelectronics X-CUBE-ALGOBUILD 1.3.0
2023-03-29 17:25:35,318 [INFO] ThirdParty:1030 - CMSIS Pack Vendor :STMicroelectronics X-CUBE-BLE1 6.2.4
2023-03-29 17:25:35,318 [INFO] ThirdParty:1030 - CMSIS Pack Vendor :STMicroelectronics X-CUBE-AZRTOS-L5 1.1.0
2023-03-29 17:25:35,318 [INFO] ThirdParty:1030 - CMSIS Pack Vendor :STMicroelectronics FreeRTOS 0.0.1
2023-03-29 17:25:35,318 [INFO] ThirdParty:1030 - CMSIS Pack Vendor :emotas I-CUBE-CANOPEN 1.1.3
2023-03-29 17:25:35,318 [INFO] ThirdParty:1030 - CMSIS Pack Vendor :STMicroelectronics X-CUBE-AZRTOS-G0 1.1.0
2023-03-29 17:25:35,318 [INFO] ThirdParty:1030 - CMSIS Pack Vendor :STMicroelectronics X-CUBE-BLEMGR 2.0.0
2023-03-29 17:25:35,318 [INFO] ThirdParty:1030 - CMSIS Pack Vendor :STMicroelectronics X-CUBE-SUBG2 5.0.0
2023-03-29 17:25:35,318 [INFO] ThirdParty:1030 - CMSIS Pack Vendor :STMicroelectronics X-CUBE-NFC4 3.0.0
2023-03-29 17:25:35,318 [INFO] ThirdParty:1030 - CMSIS Pack Vendor :STMicroelectronics STM32_WPAN 1.0.0
2023-03-29 17:25:35,318 [INFO] ThirdParty:1030 - CMSIS Pack Vendor :STMicroelectronics lwIP 2.0.3
2023-03-29 17:25:35,318 [INFO] ThirdParty:1030 - CMSIS Pack Vendor :STMicroelectronics USB_HOST 1.0.0
2023-03-29 17:25:35,318 [INFO] ThirdParty:1030 - CMSIS Pack Vendor :STMicroelectronics PDM2PCM 3.1.0
2023-03-29 17:25:35,318 [INFO] ThirdParty:1030 - CMSIS Pack Vendor :STMicroelectronics X-CUBE-TOF1 3.3.0
2023-03-29 17:25:35,318 [INFO] ThirdParty:1030 - CMSIS Pack Vendor :STMicroelectronics FP-ATR-ASTRA1 1.1.1
2023-03-29 17:25:35,318 [INFO] ThirdParty:1030 - CMSIS Pack Vendor :STMicroelectronics PDM2PCM 3.3.0
2023-03-29 17:25:35,318 [INFO] ThirdParty:1030 - CMSIS Pack Vendor :STMicroelectronics X-CUBE-DISPLAY 3.0.0
2023-03-29 17:25:35,318 [INFO] ThirdParty:1030 - CMSIS Pack Vendor :STMicroelectronics X-CUBE-AZRTOS-G4 1.0.0
2023-03-29 17:25:35,318 [INFO] ThirdParty:1030 - CMSIS Pack Vendor :STMicroelectronics FP-ATR-SIGFOX1 3.2.0
2023-03-29 17:25:35,318 [INFO] ThirdParty:1030 - CMSIS Pack Vendor :wolfSSL I-CUBE-wolfSSL 5.5.4
2023-03-29 17:25:35,318 [INFO] ThirdParty:1030 - CMSIS Pack Vendor :STMicroelectronics X-CUBE-AZRTOS-L4 1.0.0
2023-03-29 17:25:35,318 [INFO] ThirdParty:1030 - CMSIS Pack Vendor :STMicroelectronics HAL Drivers 0.0.0
2023-03-29 17:25:35,318 [INFO] ThirdParty:1030 - CMSIS Pack Vendor :STMicroelectronics MBEDTLS 2.16.2
2023-03-29 17:25:35,318 [INFO] ThirdParty:1030 - CMSIS Pack Vendor :STMicroelectronics MBEDTLS 2.14.1
2023-03-29 17:25:35,318 [INFO] ThirdParty:1030 - CMSIS Pack Vendor :STMicroelectronics X-CUBE-NFC7 1.0.0
2023-03-29 17:25:35,318 [INFO] ThirdParty:1030 - CMSIS Pack Vendor :STMicroelectronics X-CUBE-AZRTOS-WL 1.0.0
2023-03-29 17:25:35,318 [INFO] ThirdParty:1030 - CMSIS Pack Vendor :STMicroelectronics X-CUBE-EEPRMA1 4.1.0
2023-03-29 17:25:35,318 [INFO] ThirdParty:1030 - CMSIS Pack Vendor :portGmbH I-Cube-SoM-uGOAL 1.1.0
2023-03-29 17:25:35,318 [INFO] ThirdParty:1030 - CMSIS Pack Vendor :STMicroelectronics X-CUBE-ALS 1.0.1
2023-03-29 17:25:35,318 [INFO] ThirdParty:1030 - CMSIS Pack Vendor :STMicroelectronics X-CUBE-MEMS1 9.5.0
2023-03-29 17:25:35,318 [INFO] ThirdParty:1030 - CMSIS Pack Vendor :STMicroelectronics ThreadX 1.0.0
2023-03-29 17:25:35,318 [INFO] ThirdParty:1030 - CMSIS Pack Vendor :STMicroelectronics X-CUBE-AZRTOS-WB 1.1.0
2023-03-29 17:25:35,318 [INFO] ThirdParty:1030 - CMSIS Pack Vendor :SEGGER I-CUBE-embOS 1.3.1
2023-03-29 17:25:35,318 [INFO] ThirdParty:1030 - CMSIS Pack Vendor :STMicroelectronics USB_DEVICE 1.0.0
2023-03-29 17:25:35,318 [INFO] ThirdParty:1030 - CMSIS Pack Vendor :STMicroelectronics ThreadX 0.0.2
2023-03-29 17:25:35,319 [INFO] ThirdParty:1030 - CMSIS Pack Vendor :WES I-CUBE-Cesium 1.3.0
2023-03-29 17:25:35,319 [INFO] ThirdParty:1030 - CMSIS Pack Vendor :STMicroelectronics lwIP 2.1.2
2023-03-29 17:25:35,319 [INFO] ThirdParty:1030 - CMSIS Pack Vendor :STMicroelectronics X-CUBE-SFXS2LP1 4.0.0
2023-03-29 17:25:35,319 [INFO] ThirdParty:1030 - CMSIS Pack Vendor :STMicroelectronics X-CUBE-BLE2 3.3.0
2023-03-29 17:25:35,319 [INFO] ThirdParty:1030 - CMSIS Pack Vendor :STMicroelectronics PDM2PCM 3.2.0
2023-03-29 17:25:35,319 [INFO] ThirdParty:1030 - CMSIS Pack Vendor :STMicroelectronics X-CUBE-AZRTOS-H7 3.0.0
2023-03-29 17:25:35,319 [INFO] ThirdParty:841 - exiting critical section [change project]
2023-03-29 17:25:35,617 [INFO] PinOutPanel:1499 - setPackage(No Configuration,No Configuration)
2023-03-29 17:25:35,619 [INFO] PinOutPanel:1499 - setPackage(STM32F103C8Tx,LQFP48)
2023-03-29 17:25:36,284 [INFO] UtilMem:75 - Before build in PCC Used Memory: 225986960 Bytes (300941312)
2023-03-29 17:25:37,040 [INFO] UtilMem:75 - After build in PCC Used Memory: 175879312 Bytes (300941312)
2023-03-29 17:25:37,067 [INFO] IPUIPlugin:80 - create IPUIPlugin
2023-03-29 17:25:37,067 [INFO] IPUIPlugin:80 - create IPUIPlugin
2023-03-29 17:25:37,068 [INFO] IPUIPlugin:80 - create IPUIPlugin
2023-03-29 17:25:37,068 [INFO] IPUIPlugin:80 - create IPUIPlugin
2023-03-29 17:25:37,068 [INFO] IPUIPlugin:80 - create IPUIPlugin
2023-03-29 17:25:37,068 [INFO] IPUIPlugin:80 - create IPUIPlugin
2023-03-29 17:25:37,068 [INFO] IPUIPlugin:80 - create IPUIPlugin
2023-03-29 17:25:37,069 [INFO] IPUIPlugin:80 - create IPUIPlugin
2023-03-29 17:25:37,069 [INFO] IPUIPlugin:80 - create IPUIPlugin
2023-03-29 17:25:37,069 [INFO] IPUIPlugin:80 - create IPUIPlugin
2023-03-29 17:25:37,069 [INFO] IPUIPlugin:80 - create IPUIPlugin
2023-03-29 17:25:37,069 [INFO] IPUIPlugin:80 - create IPUIPlugin
2023-03-29 17:25:37,069 [INFO] IPUIPlugin:80 - create IPUIPlugin
2023-03-29 17:25:37,069 [INFO] IPUIPlugin:80 - create IPUIPlugin
2023-03-29 17:25:37,070 [INFO] IPUIPlugin:80 - create IPUIPlugin
2023-03-29 17:25:37,070 [INFO] IPUIPlugin:80 - create IPUIPlugin
2023-03-29 17:25:37,070 [INFO] IPUIPlugin:80 - create IPUIPlugin
2023-03-29 17:25:37,070 [INFO] IPUIPlugin:80 - create IPUIPlugin
2023-03-29 17:25:37,070 [INFO] IPUIPlugin:80 - create IPUIPlugin
2023-03-29 17:25:37,070 [INFO] IPUIPlugin:80 - create IPUIPlugin
2023-03-29 17:25:37,070 [INFO] IPUIPlugin:80 - create IPUIPlugin
2023-03-29 17:25:37,071 [INFO] IPUIPlugin:80 - create IPUIPlugin
2023-03-29 17:25:37,071 [INFO] IPUIPlugin:80 - create IPUIPlugin
2023-03-29 17:25:37,071 [INFO] IPUIPlugin:80 - create IPUIPlugin
2023-03-29 17:25:37,071 [INFO] IPUIPlugin:80 - create IPUIPlugin
2023-03-29 17:25:37,072 [INFO] IPUIPlugin:80 - create IPUIPlugin
2023-03-29 17:25:37,072 [INFO] IPUIPlugin:80 - create IPUIPlugin
2023-03-29 17:25:37,095 [INFO] Can:71 - Can Add PropertyChangeListener com.st.microxplorer.plugins.ip.can.Can@28104a64
2023-03-29 17:25:37,283 [INFO] CADModel:165 - CPN selected for project levelSTM32F103C8T6
2023-03-29 17:25:37,283 [INFO] CADModel:114 - Register for checkConnection events
2023-03-29 17:25:37,391 [INFO] OpenFileManager:328 - Restore cursor
2023-03-29 17:26:07,520 [INFO] Gpio:273 - dependency for GPIO [ADC1, CAN, RCC, SPI2, SYS]
2023-03-29 17:26:13,308 [INFO] Gpio:273 - dependency for GPIO [ADC1, CAN, RCC, SPI2, SYS]
2023-03-29 17:27:51,510 [INFO] Gpio:273 - dependency for GPIO [ADC1, CAN, RCC, SPI2, SYS]
2023-03-29 17:27:51,576 [INFO] Gpio:273 - dependency for GPIO [ADC1, CAN, RCC, SPI2, SYS]
2023-03-29 17:27:51,728 [INFO] Gpio:273 - dependency for GPIO [ADC1, CAN, RCC, SPI2, SYS]
2023-03-29 17:28:11,239 [INFO] ADCParametersView:116 -                Rank 1 : false
2023-03-29 17:28:11,267 [INFO] ADCParametersView:116 -                Rank 1 : false
2023-03-29 17:28:11,268 [INFO] ADCParametersView:116 -                Rank 1 : false
2023-03-29 17:28:11,268 [INFO] ADCParametersView:116 -                Rank 1 : false
2023-03-29 17:28:11,268 [INFO] ADCParametersView:116 -                Rank 1 : false
2023-03-29 17:28:11,268 [INFO] ADCParametersView:116 -                Rank 1 : false
2023-03-29 17:28:11,268 [INFO] ADCParametersView:116 -                Rank 1 : false
2023-03-29 17:28:11,268 [INFO] ADCParametersView:116 -                Rank 1 : false
2023-03-29 17:28:11,268 [INFO] ADCParametersView:116 -                Rank 1 : false
2023-03-29 17:28:11,268 [INFO] ADCParametersView:116 -                Rank 1 : false
2023-03-29 17:28:11,268 [INFO] ADCParametersView:116 -                Rank 1 : false
2023-03-29 17:28:11,272 [INFO] ADCParametersView:116 -                Rank 1 : false
2023-03-29 17:35:38,971 [ERROR] AdobePublisher:162 - Exception while opening the connection: java.net.SocketTimeoutException: Read timed out
