13:33:57 **** Build of configuration Debug for project stm32f103c8t6_v0.1 ****
make -j8 all 
arm-none-eabi-gcc "../Drivers/STM32F1xx_HAL_Driver/Src/stm32f1xx_hal.c" -mcpu=cortex-m3 -std=gnu11 -g3 -DDEBUG -DUSE_HAL_DRIVER -DSTM32F103xB -c -I../Core/Inc -I../Drivers/STM32F1xx_HAL_Driver/Inc -I../Drivers/STM32F1xx_HAL_Driver/Inc/Legacy -I../Drivers/CMSIS/Device/ST/STM32F1xx/Include -I../Drivers/CMSIS/Include -I../Drivers/OPDM_Driver/Inc -O0 -ffunction-sections -fdata-sections -Wall -fstack-usage -fcyclomatic-complexity -MMD -MP -MF"Drivers/STM32F1xx_HAL_Driver/Src/stm32f1xx_hal.d" -MT"Drivers/STM32F1xx_HAL_Driver/Src/stm32f1xx_hal.o" --specs=nano.specs -mfloat-abi=soft -mthumb -o "Drivers/STM32F1xx_HAL_Driver/Src/stm32f1xx_hal.o"
arm-none-eabi-gcc "../Drivers/STM32F1xx_HAL_Driver/Src/stm32f1xx_hal_adc.c" -mcpu=cortex-m3 -std=gnu11 -g3 -DDEBUG -DUSE_HAL_DRIVER -DSTM32F103xB -c -I../Core/Inc -I../Drivers/STM32F1xx_HAL_Driver/Inc -I../Drivers/STM32F1xx_HAL_Driver/Inc/Legacy -I../Drivers/CMSIS/Device/ST/STM32F1xx/Include -I../Drivers/CMSIS/Include -I../Drivers/OPDM_Driver/Inc -O0 -ffunction-sections -fdata-sections -Wall -fstack-usage -fcyclomatic-complexity -MMD -MP -MF"Drivers/STM32F1xx_HAL_Driver/Src/stm32f1xx_hal_adc.d" -MT"Drivers/STM32F1xx_HAL_Driver/Src/stm32f1xx_hal_adc.o" --specs=nano.specs -mfloat-abi=soft -mthumb -o "Drivers/STM32F1xx_HAL_Driver/Src/stm32f1xx_hal_adc.o"
arm-none-eabi-gcc "../Drivers/STM32F1xx_HAL_Driver/Src/stm32f1xx_hal_adc_ex.c" -mcpu=cortex-m3 -std=gnu11 -g3 -DDEBUG -DUSE_HAL_DRIVER -DSTM32F103xB -c -I../Core/Inc -I../Drivers/STM32F1xx_HAL_Driver/Inc -I../Drivers/STM32F1xx_HAL_Driver/Inc/Legacy -I../Drivers/CMSIS/Device/ST/STM32F1xx/Include -I../Drivers/CMSIS/Include -I../Drivers/OPDM_Driver/Inc -O0 -ffunction-sections -fdata-sections -Wall -fstack-usage -fcyclomatic-complexity -MMD -MP -MF"Drivers/STM32F1xx_HAL_Driver/Src/stm32f1xx_hal_adc_ex.d" -MT"Drivers/STM32F1xx_HAL_Driver/Src/stm32f1xx_hal_adc_ex.o" --specs=nano.specs -mfloat-abi=soft -mthumb -o "Drivers/STM32F1xx_HAL_Driver/Src/stm32f1xx_hal_adc_ex.o"
arm-none-eabi-gcc "../Drivers/STM32F1xx_HAL_Driver/Src/stm32f1xx_hal_can.c" -mcpu=cortex-m3 -std=gnu11 -g3 -DDEBUG -DUSE_HAL_DRIVER -DSTM32F103xB -c -I../Core/Inc -I../Drivers/STM32F1xx_HAL_Driver/Inc -I../Drivers/STM32F1xx_HAL_Driver/Inc/Legacy -I../Drivers/CMSIS/Device/ST/STM32F1xx/Include -I../Drivers/CMSIS/Include -I../Drivers/OPDM_Driver/Inc -O0 -ffunction-sections -fdata-sections -Wall -fstack-usage -fcyclomatic-complexity -MMD -MP -MF"Drivers/STM32F1xx_HAL_Driver/Src/stm32f1xx_hal_can.d" -MT"Drivers/STM32F1xx_HAL_Driver/Src/stm32f1xx_hal_can.o" --specs=nano.specs -mfloat-abi=soft -mthumb -o "Drivers/STM32F1xx_HAL_Driver/Src/stm32f1xx_hal_can.o"
arm-none-eabi-gcc "../Drivers/STM32F1xx_HAL_Driver/Src/stm32f1xx_hal_cortex.c" -mcpu=cortex-m3 -std=gnu11 -g3 -DDEBUG -DUSE_HAL_DRIVER -DSTM32F103xB -c -I../Core/Inc -I../Drivers/STM32F1xx_HAL_Driver/Inc -I../Drivers/STM32F1xx_HAL_Driver/Inc/Legacy -I../Drivers/CMSIS/Device/ST/STM32F1xx/Include -I../Drivers/CMSIS/Include -I../Drivers/OPDM_Driver/Inc -O0 -ffunction-sections -fdata-sections -Wall -fstack-usage -fcyclomatic-complexity -MMD -MP -MF"Drivers/STM32F1xx_HAL_Driver/Src/stm32f1xx_hal_cortex.d" -MT"Drivers/STM32F1xx_HAL_Driver/Src/stm32f1xx_hal_cortex.o" --specs=nano.specs -mfloat-abi=soft -mthumb -o "Drivers/STM32F1xx_HAL_Driver/Src/stm32f1xx_hal_cortex.o"
arm-none-eabi-gcc "../Drivers/STM32F1xx_HAL_Driver/Src/stm32f1xx_hal_dma.c" -mcpu=cortex-m3 -std=gnu11 -g3 -DDEBUG -DUSE_HAL_DRIVER -DSTM32F103xB -c -I../Core/Inc -I../Drivers/STM32F1xx_HAL_Driver/Inc -I../Drivers/STM32F1xx_HAL_Driver/Inc/Legacy -I../Drivers/CMSIS/Device/ST/STM32F1xx/Include -I../Drivers/CMSIS/Include -I../Drivers/OPDM_Driver/Inc -O0 -ffunction-sections -fdata-sections -Wall -fstack-usage -fcyclomatic-complexity -MMD -MP -MF"Drivers/STM32F1xx_HAL_Driver/Src/stm32f1xx_hal_dma.d" -MT"Drivers/STM32F1xx_HAL_Driver/Src/stm32f1xx_hal_dma.o" --specs=nano.specs -mfloat-abi=soft -mthumb -o "Drivers/STM32F1xx_HAL_Driver/Src/stm32f1xx_hal_dma.o"
arm-none-eabi-gcc "../Drivers/STM32F1xx_HAL_Driver/Src/stm32f1xx_hal_exti.c" -mcpu=cortex-m3 -std=gnu11 -g3 -DDEBUG -DUSE_HAL_DRIVER -DSTM32F103xB -c -I../Core/Inc -I../Drivers/STM32F1xx_HAL_Driver/Inc -I../Drivers/STM32F1xx_HAL_Driver/Inc/Legacy -I../Drivers/CMSIS/Device/ST/STM32F1xx/Include -I../Drivers/CMSIS/Include -I../Drivers/OPDM_Driver/Inc -O0 -ffunction-sections -fdata-sections -Wall -fstack-usage -fcyclomatic-complexity -MMD -MP -MF"Drivers/STM32F1xx_HAL_Driver/Src/stm32f1xx_hal_exti.d" -MT"Drivers/STM32F1xx_HAL_Driver/Src/stm32f1xx_hal_exti.o" --specs=nano.specs -mfloat-abi=soft -mthumb -o "Drivers/STM32F1xx_HAL_Driver/Src/stm32f1xx_hal_exti.o"
arm-none-eabi-gcc "../Drivers/STM32F1xx_HAL_Driver/Src/stm32f1xx_hal_flash.c" -mcpu=cortex-m3 -std=gnu11 -g3 -DDEBUG -DUSE_HAL_DRIVER -DSTM32F103xB -c -I../Core/Inc -I../Drivers/STM32F1xx_HAL_Driver/Inc -I../Drivers/STM32F1xx_HAL_Driver/Inc/Legacy -I../Drivers/CMSIS/Device/ST/STM32F1xx/Include -I../Drivers/CMSIS/Include -I../Drivers/OPDM_Driver/Inc -O0 -ffunction-sections -fdata-sections -Wall -fstack-usage -fcyclomatic-complexity -MMD -MP -MF"Drivers/STM32F1xx_HAL_Driver/Src/stm32f1xx_hal_flash.d" -MT"Drivers/STM32F1xx_HAL_Driver/Src/stm32f1xx_hal_flash.o" --specs=nano.specs -mfloat-abi=soft -mthumb -o "Drivers/STM32F1xx_HAL_Driver/Src/stm32f1xx_hal_flash.o"
arm-none-eabi-gcc "../Drivers/STM32F1xx_HAL_Driver/Src/stm32f1xx_hal_flash_ex.c" -mcpu=cortex-m3 -std=gnu11 -g3 -DDEBUG -DUSE_HAL_DRIVER -DSTM32F103xB -c -I../Core/Inc -I../Drivers/STM32F1xx_HAL_Driver/Inc -I../Drivers/STM32F1xx_HAL_Driver/Inc/Legacy -I../Drivers/CMSIS/Device/ST/STM32F1xx/Include -I../Drivers/CMSIS/Include -I../Drivers/OPDM_Driver/Inc -O0 -ffunction-sections -fdata-sections -Wall -fstack-usage -fcyclomatic-complexity -MMD -MP -MF"Drivers/STM32F1xx_HAL_Driver/Src/stm32f1xx_hal_flash_ex.d" -MT"Drivers/STM32F1xx_HAL_Driver/Src/stm32f1xx_hal_flash_ex.o" --specs=nano.specs -mfloat-abi=soft -mthumb -o "Drivers/STM32F1xx_HAL_Driver/Src/stm32f1xx_hal_flash_ex.o"
arm-none-eabi-gcc "../Drivers/STM32F1xx_HAL_Driver/Src/stm32f1xx_hal_gpio.c" -mcpu=cortex-m3 -std=gnu11 -g3 -DDEBUG -DUSE_HAL_DRIVER -DSTM32F103xB -c -I../Core/Inc -I../Drivers/STM32F1xx_HAL_Driver/Inc -I../Drivers/STM32F1xx_HAL_Driver/Inc/Legacy -I../Drivers/CMSIS/Device/ST/STM32F1xx/Include -I../Drivers/CMSIS/Include -I../Drivers/OPDM_Driver/Inc -O0 -ffunction-sections -fdata-sections -Wall -fstack-usage -fcyclomatic-complexity -MMD -MP -MF"Drivers/STM32F1xx_HAL_Driver/Src/stm32f1xx_hal_gpio.d" -MT"Drivers/STM32F1xx_HAL_Driver/Src/stm32f1xx_hal_gpio.o" --specs=nano.specs -mfloat-abi=soft -mthumb -o "Drivers/STM32F1xx_HAL_Driver/Src/stm32f1xx_hal_gpio.o"
arm-none-eabi-gcc "../Drivers/STM32F1xx_HAL_Driver/Src/stm32f1xx_hal_gpio_ex.c" -mcpu=cortex-m3 -std=gnu11 -g3 -DDEBUG -DUSE_HAL_DRIVER -DSTM32F103xB -c -I../Core/Inc -I../Drivers/STM32F1xx_HAL_Driver/Inc -I../Drivers/STM32F1xx_HAL_Driver/Inc/Legacy -I../Drivers/CMSIS/Device/ST/STM32F1xx/Include -I../Drivers/CMSIS/Include -I../Drivers/OPDM_Driver/Inc -O0 -ffunction-sections -fdata-sections -Wall -fstack-usage -fcyclomatic-complexity -MMD -MP -MF"Drivers/STM32F1xx_HAL_Driver/Src/stm32f1xx_hal_gpio_ex.d" -MT"Drivers/STM32F1xx_HAL_Driver/Src/stm32f1xx_hal_gpio_ex.o" --specs=nano.specs -mfloat-abi=soft -mthumb -o "Drivers/STM32F1xx_HAL_Driver/Src/stm32f1xx_hal_gpio_ex.o"
arm-none-eabi-gcc "../Drivers/STM32F1xx_HAL_Driver/Src/stm32f1xx_hal_pwr.c" -mcpu=cortex-m3 -std=gnu11 -g3 -DDEBUG -DUSE_HAL_DRIVER -DSTM32F103xB -c -I../Core/Inc -I../Drivers/STM32F1xx_HAL_Driver/Inc -I../Drivers/STM32F1xx_HAL_Driver/Inc/Legacy -I../Drivers/CMSIS/Device/ST/STM32F1xx/Include -I../Drivers/CMSIS/Include -I../Drivers/OPDM_Driver/Inc -O0 -ffunction-sections -fdata-sections -Wall -fstack-usage -fcyclomatic-complexity -MMD -MP -MF"Drivers/STM32F1xx_HAL_Driver/Src/stm32f1xx_hal_pwr.d" -MT"Drivers/STM32F1xx_HAL_Driver/Src/stm32f1xx_hal_pwr.o" --specs=nano.specs -mfloat-abi=soft -mthumb -o "Drivers/STM32F1xx_HAL_Driver/Src/stm32f1xx_hal_pwr.o"
arm-none-eabi-gcc "../Drivers/STM32F1xx_HAL_Driver/Src/stm32f1xx_hal_rcc.c" -mcpu=cortex-m3 -std=gnu11 -g3 -DDEBUG -DUSE_HAL_DRIVER -DSTM32F103xB -c -I../Core/Inc -I../Drivers/STM32F1xx_HAL_Driver/Inc -I../Drivers/STM32F1xx_HAL_Driver/Inc/Legacy -I../Drivers/CMSIS/Device/ST/STM32F1xx/Include -I../Drivers/CMSIS/Include -I../Drivers/OPDM_Driver/Inc -O0 -ffunction-sections -fdata-sections -Wall -fstack-usage -fcyclomatic-complexity -MMD -MP -MF"Drivers/STM32F1xx_HAL_Driver/Src/stm32f1xx_hal_rcc.d" -MT"Drivers/STM32F1xx_HAL_Driver/Src/stm32f1xx_hal_rcc.o" --specs=nano.specs -mfloat-abi=soft -mthumb -o "Drivers/STM32F1xx_HAL_Driver/Src/stm32f1xx_hal_rcc.o"
arm-none-eabi-gcc "../Drivers/STM32F1xx_HAL_Driver/Src/stm32f1xx_hal_rcc_ex.c" -mcpu=cortex-m3 -std=gnu11 -g3 -DDEBUG -DUSE_HAL_DRIVER -DSTM32F103xB -c -I../Core/Inc -I../Drivers/STM32F1xx_HAL_Driver/Inc -I../Drivers/STM32F1xx_HAL_Driver/Inc/Legacy -I../Drivers/CMSIS/Device/ST/STM32F1xx/Include -I../Drivers/CMSIS/Include -I../Drivers/OPDM_Driver/Inc -O0 -ffunction-sections -fdata-sections -Wall -fstack-usage -fcyclomatic-complexity -MMD -MP -MF"Drivers/STM32F1xx_HAL_Driver/Src/stm32f1xx_hal_rcc_ex.d" -MT"Drivers/STM32F1xx_HAL_Driver/Src/stm32f1xx_hal_rcc_ex.o" --specs=nano.specs -mfloat-abi=soft -mthumb -o "Drivers/STM32F1xx_HAL_Driver/Src/stm32f1xx_hal_rcc_ex.o"
arm-none-eabi-gcc "../Drivers/STM32F1xx_HAL_Driver/Src/stm32f1xx_hal_spi.c" -mcpu=cortex-m3 -std=gnu11 -g3 -DDEBUG -DUSE_HAL_DRIVER -DSTM32F103xB -c -I../Core/Inc -I../Drivers/STM32F1xx_HAL_Driver/Inc -I../Drivers/STM32F1xx_HAL_Driver/Inc/Legacy -I../Drivers/CMSIS/Device/ST/STM32F1xx/Include -I../Drivers/CMSIS/Include -I../Drivers/OPDM_Driver/Inc -O0 -ffunction-sections -fdata-sections -Wall -fstack-usage -fcyclomatic-complexity -MMD -MP -MF"Drivers/STM32F1xx_HAL_Driver/Src/stm32f1xx_hal_spi.d" -MT"Drivers/STM32F1xx_HAL_Driver/Src/stm32f1xx_hal_spi.o" --specs=nano.specs -mfloat-abi=soft -mthumb -o "Drivers/STM32F1xx_HAL_Driver/Src/stm32f1xx_hal_spi.o"
arm-none-eabi-gcc "../Drivers/STM32F1xx_HAL_Driver/Src/stm32f1xx_hal_tim.c" -mcpu=cortex-m3 -std=gnu11 -g3 -DDEBUG -DUSE_HAL_DRIVER -DSTM32F103xB -c -I../Core/Inc -I../Drivers/STM32F1xx_HAL_Driver/Inc -I../Drivers/STM32F1xx_HAL_Driver/Inc/Legacy -I../Drivers/CMSIS/Device/ST/STM32F1xx/Include -I../Drivers/CMSIS/Include -I../Drivers/OPDM_Driver/Inc -O0 -ffunction-sections -fdata-sections -Wall -fstack-usage -fcyclomatic-complexity -MMD -MP -MF"Drivers/STM32F1xx_HAL_Driver/Src/stm32f1xx_hal_tim.d" -MT"Drivers/STM32F1xx_HAL_Driver/Src/stm32f1xx_hal_tim.o" --specs=nano.specs -mfloat-abi=soft -mthumb -o "Drivers/STM32F1xx_HAL_Driver/Src/stm32f1xx_hal_tim.o"
arm-none-eabi-gcc "../Drivers/STM32F1xx_HAL_Driver/Src/stm32f1xx_hal_tim_ex.c" -mcpu=cortex-m3 -std=gnu11 -g3 -DDEBUG -DUSE_HAL_DRIVER -DSTM32F103xB -c -I../Core/Inc -I../Drivers/STM32F1xx_HAL_Driver/Inc -I../Drivers/STM32F1xx_HAL_Driver/Inc/Legacy -I../Drivers/CMSIS/Device/ST/STM32F1xx/Include -I../Drivers/CMSIS/Include -I../Drivers/OPDM_Driver/Inc -O0 -ffunction-sections -fdata-sections -Wall -fstack-usage -fcyclomatic-complexity -MMD -MP -MF"Drivers/STM32F1xx_HAL_Driver/Src/stm32f1xx_hal_tim_ex.d" -MT"Drivers/STM32F1xx_HAL_Driver/Src/stm32f1xx_hal_tim_ex.o" --specs=nano.specs -mfloat-abi=soft -mthumb -o "Drivers/STM32F1xx_HAL_Driver/Src/stm32f1xx_hal_tim_ex.o"
arm-none-eabi-gcc "../Drivers/OPDM_Driver/Src/opdm_hal_io.c" -mcpu=cortex-m3 -std=gnu11 -g3 -DDEBUG -DUSE_HAL_DRIVER -DSTM32F103xB -c -I../Core/Inc -I../Drivers/STM32F1xx_HAL_Driver/Inc -I../Drivers/STM32F1xx_HAL_Driver/Inc/Legacy -I../Drivers/CMSIS/Device/ST/STM32F1xx/Include -I../Drivers/CMSIS/Include -I../Drivers/OPDM_Driver/Inc -O0 -ffunction-sections -fdata-sections -Wall -fstack-usage -fcyclomatic-complexity -MMD -MP -MF"Drivers/OPDM_Driver/Src/opdm_hal_io.d" -MT"Drivers/OPDM_Driver/Src/opdm_hal_io.o" --specs=nano.specs -mfloat-abi=soft -mthumb -o "Drivers/OPDM_Driver/Src/opdm_hal_io.o"
arm-none-eabi-gcc "../Core/Src/main.c" -mcpu=cortex-m3 -std=gnu11 -g3 -DDEBUG -DUSE_HAL_DRIVER -DSTM32F103xB -c -I../Core/Inc -I../Drivers/STM32F1xx_HAL_Driver/Inc -I../Drivers/STM32F1xx_HAL_Driver/Inc/Legacy -I../Drivers/CMSIS/Device/ST/STM32F1xx/Include -I../Drivers/CMSIS/Include -I../Drivers/OPDM_Driver/Inc -O0 -ffunction-sections -fdata-sections -Wall -fstack-usage -fcyclomatic-complexity -MMD -MP -MF"Core/Src/main.d" -MT"Core/Src/main.o" --specs=nano.specs -mfloat-abi=soft -mthumb -o "Core/Src/main.o"
arm-none-eabi-gcc "../Core/Src/stm32f1xx_hal_msp.c" -mcpu=cortex-m3 -std=gnu11 -g3 -DDEBUG -DUSE_HAL_DRIVER -DSTM32F103xB -c -I../Core/Inc -I../Drivers/STM32F1xx_HAL_Driver/Inc -I../Drivers/STM32F1xx_HAL_Driver/Inc/Legacy -I../Drivers/CMSIS/Device/ST/STM32F1xx/Include -I../Drivers/CMSIS/Include -I../Drivers/OPDM_Driver/Inc -O0 -ffunction-sections -fdata-sections -Wall -fstack-usage -fcyclomatic-complexity -MMD -MP -MF"Core/Src/stm32f1xx_hal_msp.d" -MT"Core/Src/stm32f1xx_hal_msp.o" --specs=nano.specs -mfloat-abi=soft -mthumb -o "Core/Src/stm32f1xx_hal_msp.o"
arm-none-eabi-gcc "../Core/Src/stm32f1xx_it.c" -mcpu=cortex-m3 -std=gnu11 -g3 -DDEBUG -DUSE_HAL_DRIVER -DSTM32F103xB -c -I../Core/Inc -I../Drivers/STM32F1xx_HAL_Driver/Inc -I../Drivers/STM32F1xx_HAL_Driver/Inc/Legacy -I../Drivers/CMSIS/Device/ST/STM32F1xx/Include -I../Drivers/CMSIS/Include -I../Drivers/OPDM_Driver/Inc -O0 -ffunction-sections -fdata-sections -Wall -fstack-usage -fcyclomatic-complexity -MMD -MP -MF"Core/Src/stm32f1xx_it.d" -MT"Core/Src/stm32f1xx_it.o" --specs=nano.specs -mfloat-abi=soft -mthumb -o "Core/Src/stm32f1xx_it.o"
arm-none-eabi-gcc "../Core/Src/system_stm32f1xx.c" -mcpu=cortex-m3 -std=gnu11 -g3 -DDEBUG -DUSE_HAL_DRIVER -DSTM32F103xB -c -I../Core/Inc -I../Drivers/STM32F1xx_HAL_Driver/Inc -I../Drivers/STM32F1xx_HAL_Driver/Inc/Legacy -I../Drivers/CMSIS/Device/ST/STM32F1xx/Include -I../Drivers/CMSIS/Include -I../Drivers/OPDM_Driver/Inc -O0 -ffunction-sections -fdata-sections -Wall -fstack-usage -fcyclomatic-complexity -MMD -MP -MF"Core/Src/system_stm32f1xx.d" -MT"Core/Src/system_stm32f1xx.o" --specs=nano.specs -mfloat-abi=soft -mthumb -o "Core/Src/system_stm32f1xx.o"
../Drivers/OPDM_Driver/Src/opdm_hal_io.c:12:1: error: duplicate 'typedef'
   12 | typedef struct
      | ^~~~~~~
../Drivers/OPDM_Driver/Src/opdm_hal_io.c:12:9: error: expected ';', identifier or '(' before 'struct'
   12 | typedef struct
      |         ^~~~~~
../Drivers/OPDM_Driver/Src/opdm_hal_io.c:20:9: error: expected specifier-qualifier-list before 'OPDM_GPIO_TYPE'
   20 |         OPDM_GPIO_TYPE port_n_pin;
      |         ^~~~~~~~~~~~~~
In file included from ../Core/Src/stm32f1xx_it.c:21:
../Core/Inc/main.h:53:1: error: expected ';', identifier or '(' before 'void'
   53 | void Error_Handler(void);
      | ^~~~
../Drivers/OPDM_Driver/Src/opdm_hal_io.c:55:1: error: unknown type name 'OPDM_GPIO_TYPE'
   55 | OPDM_GPIO_TYPE CURRENT_OUTPUT_GPIO[NUM_OF_CURRENT_OUTPUTS] = {
      | ^~~~~~~~~~~~~~
../Drivers/OPDM_Driver/Src/opdm_hal_io.c:56:5: warning: braces around scalar initializer
   56 |     {{GATE_HC0_SIG_GPIO_Port, GATE_HC0_SIG_Pin}},
      |     ^
../Drivers/OPDM_Driver/Src/opdm_hal_io.c:56:5: note: (near initialization for 'CURRENT_OUTPUT_GPIO[0]')
../Drivers/OPDM_Driver/Src/opdm_hal_io.c:56:5: warning: braces around scalar initializer
../Drivers/OPDM_Driver/Src/opdm_hal_io.c:56:5: note: (near initialization for 'CURRENT_OUTPUT_GPIO[0]')
In file included from ../Drivers/CMSIS/Device/ST/STM32F1xx/Include/stm32f1xx.h:131,
                 from ../Drivers/STM32F1xx_HAL_Driver/Inc/stm32f1xx_hal_def.h:30,
                 from ../Drivers/STM32F1xx_HAL_Driver/Inc/stm32f1xx_hal_rcc.h:29,
                 from ../Core/Inc/stm32f1xx_hal_conf.h:238,
                 from ../Drivers/STM32F1xx_HAL_Driver/Inc/stm32f1xx_hal.h:30,
                 from ../Drivers/OPDM_Driver/Inc/opdm_hal_io.h:11,
                 from ../Drivers/OPDM_Driver/Src/opdm_hal_io.c:8:
../Drivers/CMSIS/Device/ST/STM32F1xx/Include/stm32f103xb.h:666:29: warning: initialization of 'int' from 'GPIO_TypeDef *' makes integer from pointer without a cast [-Wint-conversion]
  666 | #define GPIOB               ((GPIO_TypeDef *)GPIOB_BASE)
      |                             ^
../Drivers/OPDM_Driver/Inc/opdm_hal_io_cfg.h:42:32: note: in expansion of macro 'GPIOB'
   42 | #define GATE_HC0_SIG_GPIO_Port GPIOB
      |                                ^~~~~
../Drivers/OPDM_Driver/Src/opdm_hal_io.c:56:7: note: in expansion of macro 'GATE_HC0_SIG_GPIO_Port'
   56 |     {{GATE_HC0_SIG_GPIO_Port, GATE_HC0_SIG_Pin}},
      |       ^~~~~~~~~~~~~~~~~~~~~~
../Drivers/CMSIS/Device/ST/STM32F1xx/Include/stm32f103xb.h:666:29: note: (near initialization for 'CURRENT_OUTPUT_GPIO[0]')
  666 | #define GPIOB               ((GPIO_TypeDef *)GPIOB_BASE)
      |                             ^
../Drivers/OPDM_Driver/Inc/opdm_hal_io_cfg.h:42:32: note: in expansion of macro 'GPIOB'
   42 | #define GATE_HC0_SIG_GPIO_Port GPIOB
      |                                ^~~~~
../Drivers/OPDM_Driver/Src/opdm_hal_io.c:56:7: note: in expansion of macro 'GATE_HC0_SIG_GPIO_Port'
   56 |     {{GATE_HC0_SIG_GPIO_Port, GATE_HC0_SIG_Pin}},
      |       ^~~~~~~~~~~~~~~~~~~~~~
In file included from ../Core/Inc/stm32f1xx_hal_conf.h:242,
                 from ../Drivers/STM32F1xx_HAL_Driver/Inc/stm32f1xx_hal.h:30,
                 from ../Drivers/OPDM_Driver/Inc/opdm_hal_io.h:11,
                 from ../Drivers/OPDM_Driver/Src/opdm_hal_io.c:8:
../Drivers/STM32F1xx_HAL_Driver/Inc/stm32f1xx_hal_gpio.h:84:36: warning: excess elements in scalar initializer
   84 | #define GPIO_PIN_1                 ((uint16_t)0x0002)  /* Pin 1 selected    */
      |                                    ^
../Drivers/OPDM_Driver/Inc/opdm_hal_io_cfg.h:41:26: note: in expansion of macro 'GPIO_PIN_1'
   41 | #define GATE_HC0_SIG_Pin GPIO_PIN_1
      |                          ^~~~~~~~~~
../Drivers/OPDM_Driver/Src/opdm_hal_io.c:56:31: note: in expansion of macro 'GATE_HC0_SIG_Pin'
   56 |     {{GATE_HC0_SIG_GPIO_Port, GATE_HC0_SIG_Pin}},
      |                               ^~~~~~~~~~~~~~~~
../Drivers/STM32F1xx_HAL_Driver/Inc/stm32f1xx_hal_gpio.h:84:36: note: (near initialization for 'CURRENT_OUTPUT_GPIO[0]')
   84 | #define GPIO_PIN_1                 ((uint16_t)0x0002)  /* Pin 1 selected    */
      |                                    ^
../Drivers/OPDM_Driver/Inc/opdm_hal_io_cfg.h:41:26: note: in expansion of macro 'GPIO_PIN_1'
   41 | #define GATE_HC0_SIG_Pin GPIO_PIN_1
      |                          ^~~~~~~~~~
../Drivers/OPDM_Driver/Src/opdm_hal_io.c:56:31: note: in expansion of macro 'GATE_HC0_SIG_Pin'
   56 |     {{GATE_HC0_SIG_GPIO_Port, GATE_HC0_SIG_Pin}},
      |                               ^~~~~~~~~~~~~~~~
../Drivers/OPDM_Driver/Src/opdm_hal_io.c:57:5: warning: braces around scalar initializer
   57 |     {{GATE_HC1_SIG_GPIO_Port, GATE_HC1_SIG_Pin}},
      |     ^
../Drivers/OPDM_Driver/Src/opdm_hal_io.c:57:5: note: (near initialization for 'CURRENT_OUTPUT_GPIO[1]')
../Drivers/OPDM_Driver/Src/opdm_hal_io.c:57:5: warning: braces around scalar initializer
../Drivers/OPDM_Driver/Src/opdm_hal_io.c:57:5: note: (near initialization for 'CURRENT_OUTPUT_GPIO[1]')
In file included from ../Drivers/CMSIS/Device/ST/STM32F1xx/Include/stm32f1xx.h:131,
                 from ../Drivers/STM32F1xx_HAL_Driver/Inc/stm32f1xx_hal_def.h:30,
                 from ../Drivers/STM32F1xx_HAL_Driver/Inc/stm32f1xx_hal_rcc.h:29,
                 from ../Core/Inc/stm32f1xx_hal_conf.h:238,
                 from ../Drivers/STM32F1xx_HAL_Driver/Inc/stm32f1xx_hal.h:30,
                 from ../Drivers/OPDM_Driver/Inc/opdm_hal_io.h:11,
                 from ../Drivers/OPDM_Driver/Src/opdm_hal_io.c:8:
../Drivers/CMSIS/Device/ST/STM32F1xx/Include/stm32f103xb.h:666:29: warning: initialization of 'int' from 'GPIO_TypeDef *' makes integer from pointer without a cast [-Wint-conversion]
  666 | #define GPIOB               ((GPIO_TypeDef *)GPIOB_BASE)
      |                             ^
../Drivers/OPDM_Driver/Inc/opdm_hal_io_cfg.h:40:32: note: in expansion of macro 'GPIOB'
   40 | #define GATE_HC1_SIG_GPIO_Port GPIOB
      |                                ^~~~~
../Drivers/OPDM_Driver/Src/opdm_hal_io.c:57:7: note: in expansion of macro 'GATE_HC1_SIG_GPIO_Port'
   57 |     {{GATE_HC1_SIG_GPIO_Port, GATE_HC1_SIG_Pin}},
      |       ^~~~~~~~~~~~~~~~~~~~~~
../Drivers/CMSIS/Device/ST/STM32F1xx/Include/stm32f103xb.h:666:29: note: (near initialization for 'CURRENT_OUTPUT_GPIO[1]')
  666 | #define GPIOB               ((GPIO_TypeDef *)GPIOB_BASE)
      |                             ^
../Drivers/OPDM_Driver/Inc/opdm_hal_io_cfg.h:40:32: note: in expansion of macro 'GPIOB'
   40 | #define GATE_HC1_SIG_GPIO_Port GPIOB
      |                                ^~~~~
../Drivers/OPDM_Driver/Src/opdm_hal_io.c:57:7: note: in expansion of macro 'GATE_HC1_SIG_GPIO_Port'
   57 |     {{GATE_HC1_SIG_GPIO_Port, GATE_HC1_SIG_Pin}},
      |       ^~~~~~~~~~~~~~~~~~~~~~
In file included from ../Core/Inc/stm32f1xx_hal_conf.h:242,
                 from ../Drivers/STM32F1xx_HAL_Driver/Inc/stm32f1xx_hal.h:30,
                 from ../Drivers/OPDM_Driver/Inc/opdm_hal_io.h:11,
                 from ../Drivers/OPDM_Driver/Src/opdm_hal_io.c:8:
../Drivers/STM32F1xx_HAL_Driver/Inc/stm32f1xx_hal_gpio.h:83:36: warning: excess elements in scalar initializer
   83 | #define GPIO_PIN_0                 ((uint16_t)0x0001)  /* Pin 0 selected    */
      |                                    ^
../Drivers/OPDM_Driver/Inc/opdm_hal_io_cfg.h:39:26: note: in expansion of macro 'GPIO_PIN_0'
   39 | #define GATE_HC1_SIG_Pin GPIO_PIN_0
      |                          ^~~~~~~~~~
../Drivers/OPDM_Driver/Src/opdm_hal_io.c:57:31: note: in expansion of macro 'GATE_HC1_SIG_Pin'
   57 |     {{GATE_HC1_SIG_GPIO_Port, GATE_HC1_SIG_Pin}},
      |                               ^~~~~~~~~~~~~~~~
../Drivers/STM32F1xx_HAL_Driver/Inc/stm32f1xx_hal_gpio.h:83:36: note: (near initialization for 'CURRENT_OUTPUT_GPIO[1]')
   83 | #define GPIO_PIN_0                 ((uint16_t)0x0001)  /* Pin 0 selected    */
      |                                    ^
../Drivers/OPDM_Driver/Inc/opdm_hal_io_cfg.h:39:26: note: in expansion of macro 'GPIO_PIN_0'
   39 | #define GATE_HC1_SIG_Pin GPIO_PIN_0
      |                          ^~~~~~~~~~
../Drivers/OPDM_Driver/Src/opdm_hal_io.c:57:31: note: in expansion of macro 'GATE_HC1_SIG_Pin'
   57 |     {{GATE_HC1_SIG_GPIO_Port, GATE_HC1_SIG_Pin}},
      |                               ^~~~~~~~~~~~~~~~
../Drivers/OPDM_Driver/Src/opdm_hal_io.c:58:5: warning: braces around scalar initializer
   58 |     {{GATE_HC2_SIG_GPIO_Port, GATE_HC2_SIG_Pin}},
      |     ^
../Drivers/OPDM_Driver/Src/opdm_hal_io.c:58:5: note: (near initialization for 'CURRENT_OUTPUT_GPIO[2]')
../Drivers/OPDM_Driver/Src/opdm_hal_io.c:58:5: warning: braces around scalar initializer
../Drivers/OPDM_Driver/Src/opdm_hal_io.c:58:5: note: (near initialization for 'CURRENT_OUTPUT_GPIO[2]')
In file included from ../Drivers/CMSIS/Device/ST/STM32F1xx/Include/stm32f1xx.h:131,
                 from ../Drivers/STM32F1xx_HAL_Driver/Inc/stm32f1xx_hal_def.h:30,
                 from ../Drivers/STM32F1xx_HAL_Driver/Inc/stm32f1xx_hal_rcc.h:29,
                 from ../Core/Inc/stm32f1xx_hal_conf.h:238,
                 from ../Drivers/STM32F1xx_HAL_Driver/Inc/stm32f1xx_hal.h:30,
                 from ../Drivers/OPDM_Driver/Inc/opdm_hal_io.h:11,
                 from ../Drivers/OPDM_Driver/Src/opdm_hal_io.c:8:
../Drivers/CMSIS/Device/ST/STM32F1xx/Include/stm32f103xb.h:666:29: warning: initialization of 'int' from 'GPIO_TypeDef *' makes integer from pointer without a cast [-Wint-conversion]
  666 | #define GPIOB               ((GPIO_TypeDef *)GPIOB_BASE)
      |                             ^
../Drivers/OPDM_Driver/Inc/opdm_hal_io_cfg.h:46:32: note: in expansion of macro 'GPIOB'
   46 | #define GATE_HC2_SIG_GPIO_Port GPIOB
      |                                ^~~~~
../Drivers/OPDM_Driver/Src/opdm_hal_io.c:58:7: note: in expansion of macro 'GATE_HC2_SIG_GPIO_Port'
   58 |     {{GATE_HC2_SIG_GPIO_Port, GATE_HC2_SIG_Pin}},
      |       ^~~~~~~~~~~~~~~~~~~~~~
../Drivers/CMSIS/Device/ST/STM32F1xx/Include/stm32f103xb.h:666:29: note: (near initialization for 'CURRENT_OUTPUT_GPIO[2]')
  666 | #define GPIOB               ((GPIO_TypeDef *)GPIOB_BASE)
      |                             ^
../Drivers/OPDM_Driver/Inc/opdm_hal_io_cfg.h:46:32: note: in expansion of macro 'GPIOB'
   46 | #define GATE_HC2_SIG_GPIO_Port GPIOB
      |                                ^~~~~
../Drivers/OPDM_Driver/Src/opdm_hal_io.c:58:7: note: in expansion of macro 'GATE_HC2_SIG_GPIO_Port'
   58 |     {{GATE_HC2_SIG_GPIO_Port, GATE_HC2_SIG_Pin}},
      |       ^~~~~~~~~~~~~~~~~~~~~~
In file included from ../Core/Inc/stm32f1xx_hal_conf.h:242,
                 from ../Drivers/STM32F1xx_HAL_Driver/Inc/stm32f1xx_hal.h:30,
                 from ../Drivers/OPDM_Driver/Inc/opdm_hal_io.h:11,
                 from ../Drivers/OPDM_Driver/Src/opdm_hal_io.c:8:
../Drivers/STM32F1xx_HAL_Driver/Inc/stm32f1xx_hal_gpio.h:94:36: warning: excess elements in scalar initializer
   94 | #define GPIO_PIN_11                ((uint16_t)0x0800)  /* Pin 11 selected   */
      |                                    ^
../Drivers/OPDM_Driver/Inc/opdm_hal_io_cfg.h:45:26: note: in expansion of macro 'GPIO_PIN_11'
   45 | #define GATE_HC2_SIG_Pin GPIO_PIN_11
      |                          ^~~~~~~~~~~
../Drivers/OPDM_Driver/Src/opdm_hal_io.c:58:31: note: in expansion of macro 'GATE_HC2_SIG_Pin'
   58 |     {{GATE_HC2_SIG_GPIO_Port, GATE_HC2_SIG_Pin}},
      |                               ^~~~~~~~~~~~~~~~
../Drivers/STM32F1xx_HAL_Driver/Inc/stm32f1xx_hal_gpio.h:94:36: note: (near initialization for 'CURRENT_OUTPUT_GPIO[2]')
   94 | #define GPIO_PIN_11                ((uint16_t)0x0800)  /* Pin 11 selected   */
      |                                    ^
../Drivers/OPDM_Driver/Inc/opdm_hal_io_cfg.h:45:26: note: in expansion of macro 'GPIO_PIN_11'
   45 | #define GATE_HC2_SIG_Pin GPIO_PIN_11
      |                          ^~~~~~~~~~~
../Drivers/OPDM_Driver/Src/opdm_hal_io.c:58:31: note: in expansion of macro 'GATE_HC2_SIG_Pin'
   58 |     {{GATE_HC2_SIG_GPIO_Port, GATE_HC2_SIG_Pin}},
      |                               ^~~~~~~~~~~~~~~~
../Drivers/OPDM_Driver/Src/opdm_hal_io.c:59:5: warning: braces around scalar initializer
   59 |     {{GATE_HC3_SIG_GPIO_Port, GATE_HC3_SIG_Pin}},
      |     ^
../Drivers/OPDM_Driver/Src/opdm_hal_io.c:59:5: note: (near initialization for 'CURRENT_OUTPUT_GPIO[3]')
../Drivers/OPDM_Driver/Src/opdm_hal_io.c:59:5: warning: braces around scalar initializer
../Drivers/OPDM_Driver/Src/opdm_hal_io.c:59:5: note: (near initialization for 'CURRENT_OUTPUT_GPIO[3]')
In file included from ../Drivers/CMSIS/Device/ST/STM32F1xx/Include/stm32f1xx.h:131,
                 from ../Drivers/STM32F1xx_HAL_Driver/Inc/stm32f1xx_hal_def.h:30,
                 from ../Drivers/STM32F1xx_HAL_Driver/Inc/stm32f1xx_hal_rcc.h:29,
                 from ../Core/Inc/stm32f1xx_hal_conf.h:238,
                 from ../Drivers/STM32F1xx_HAL_Driver/Inc/stm32f1xx_hal.h:30,
                 from ../Drivers/OPDM_Driver/Inc/opdm_hal_io.h:11,
                 from ../Drivers/OPDM_Driver/Src/opdm_hal_io.c:8:
../Drivers/CMSIS/Device/ST/STM32F1xx/Include/stm32f103xb.h:666:29: warning: initialization of 'int' from 'GPIO_TypeDef *' makes integer from pointer without a cast [-Wint-conversion]
  666 | #define GPIOB               ((GPIO_TypeDef *)GPIOB_BASE)
      |                             ^
../Drivers/OPDM_Driver/Inc/opdm_hal_io_cfg.h:44:32: note: in expansion of macro 'GPIOB'
   44 | #define GATE_HC3_SIG_GPIO_Port GPIOB
      |                                ^~~~~
../Drivers/OPDM_Driver/Src/opdm_hal_io.c:59:7: note: in expansion of macro 'GATE_HC3_SIG_GPIO_Port'
   59 |     {{GATE_HC3_SIG_GPIO_Port, GATE_HC3_SIG_Pin}},
      |       ^~~~~~~~~~~~~~~~~~~~~~
../Drivers/CMSIS/Device/ST/STM32F1xx/Include/stm32f103xb.h:666:29: note: (near initialization for 'CURRENT_OUTPUT_GPIO[3]')
  666 | #define GPIOB               ((GPIO_TypeDef *)GPIOB_BASE)
      |                             ^
../Drivers/OPDM_Driver/Inc/opdm_hal_io_cfg.h:44:32: note: in expansion of macro 'GPIOB'
   44 | #define GATE_HC3_SIG_GPIO_Port GPIOB
      |                                ^~~~~
../Drivers/OPDM_Driver/Src/opdm_hal_io.c:59:7: note: in expansion of macro 'GATE_HC3_SIG_GPIO_Port'
   59 |     {{GATE_HC3_SIG_GPIO_Port, GATE_HC3_SIG_Pin}},
      |       ^~~~~~~~~~~~~~~~~~~~~~
In file included from ../Core/Inc/stm32f1xx_hal_conf.h:242,
                 from ../Drivers/STM32F1xx_HAL_Driver/Inc/stm32f1xx_hal.h:30,
                 from ../Drivers/OPDM_Driver/Inc/opdm_hal_io.h:11,
                 from ../Drivers/OPDM_Driver/Src/opdm_hal_io.c:8:
../Drivers/STM32F1xx_HAL_Driver/Inc/stm32f1xx_hal_gpio.h:93:36: warning: excess elements in scalar initializer
   93 | #define GPIO_PIN_10                ((uint16_t)0x0400)  /* Pin 10 selected   */
      |                                    ^
../Drivers/OPDM_Driver/Inc/opdm_hal_io_cfg.h:43:26: note: in expansion of macro 'GPIO_PIN_10'
   43 | #define GATE_HC3_SIG_Pin GPIO_PIN_10
      |                          ^~~~~~~~~~~
../Drivers/OPDM_Driver/Src/opdm_hal_io.c:59:31: note: in expansion of macro 'GATE_HC3_SIG_Pin'
   59 |     {{GATE_HC3_SIG_GPIO_Port, GATE_HC3_SIG_Pin}},
      |                               ^~~~~~~~~~~~~~~~
../Drivers/STM32F1xx_HAL_Driver/Inc/stm32f1xx_hal_gpio.h:93:36: note: (near initialization for 'CURRENT_OUTPUT_GPIO[3]')
   93 | #define GPIO_PIN_10                ((uint16_t)0x0400)  /* Pin 10 selected   */
      |                                    ^
../Drivers/OPDM_Driver/Inc/opdm_hal_io_cfg.h:43:26: note: in expansion of macro 'GPIO_PIN_10'
   43 | #define GATE_HC3_SIG_Pin GPIO_PIN_10
      |                          ^~~~~~~~~~~
../Drivers/OPDM_Driver/Src/opdm_hal_io.c:59:31: note: in expansion of macro 'GATE_HC3_SIG_Pin'
   59 |     {{GATE_HC3_SIG_GPIO_Port, GATE_HC3_SIG_Pin}},
      |                               ^~~~~~~~~~~~~~~~
../Drivers/OPDM_Driver/Src/opdm_hal_io.c:60:5: warning: braces around scalar initializer
   60 |     {{GATE_LC0_SIG_GPIO_Port, GATE_LC0_SIG_Pin}},
      |     ^
../Drivers/OPDM_Driver/Src/opdm_hal_io.c:60:5: note: (near initialization for 'CURRENT_OUTPUT_GPIO[4]')
../Drivers/OPDM_Driver/Src/opdm_hal_io.c:60:5: warning: braces around scalar initializer
../Drivers/OPDM_Driver/Src/opdm_hal_io.c:60:5: note: (near initialization for 'CURRENT_OUTPUT_GPIO[4]')
In file included from ../Drivers/CMSIS/Device/ST/STM32F1xx/Include/stm32f1xx.h:131,
                 from ../Drivers/STM32F1xx_HAL_Driver/Inc/stm32f1xx_hal_def.h:30,
                 from ../Drivers/STM32F1xx_HAL_Driver/Inc/stm32f1xx_hal_rcc.h:29,
                 from ../Core/Inc/stm32f1xx_hal_conf.h:238,
                 from ../Drivers/STM32F1xx_HAL_Driver/Inc/stm32f1xx_hal.h:30,
                 from ../Drivers/OPDM_Driver/Inc/opdm_hal_io.h:11,
                 from ../Drivers/OPDM_Driver/Src/opdm_hal_io.c:8:
../Drivers/CMSIS/Device/ST/STM32F1xx/Include/stm32f103xb.h:665:29: warning: initialization of 'int' from 'GPIO_TypeDef *' makes integer from pointer without a cast [-Wint-conversion]
  665 | #define GPIOA               ((GPIO_TypeDef *)GPIOA_BASE)
      |                             ^
../Drivers/OPDM_Driver/Inc/opdm_hal_io_cfg.h:32:32: note: in expansion of macro 'GPIOA'
   32 | #define GATE_LC0_SIG_GPIO_Port GPIOA
      |                                ^~~~~
../Drivers/OPDM_Driver/Src/opdm_hal_io.c:60:7: note: in expansion of macro 'GATE_LC0_SIG_GPIO_Port'
   60 |     {{GATE_LC0_SIG_GPIO_Port, GATE_LC0_SIG_Pin}},
      |       ^~~~~~~~~~~~~~~~~~~~~~
../Drivers/CMSIS/Device/ST/STM32F1xx/Include/stm32f103xb.h:665:29: note: (near initialization for 'CURRENT_OUTPUT_GPIO[4]')
  665 | #define GPIOA               ((GPIO_TypeDef *)GPIOA_BASE)
      |                             ^
../Drivers/OPDM_Driver/Inc/opdm_hal_io_cfg.h:32:32: note: in expansion of macro 'GPIOA'
   32 | #define GATE_LC0_SIG_GPIO_Port GPIOA
      |                                ^~~~~
../Drivers/OPDM_Driver/Src/opdm_hal_io.c:60:7: note: in expansion of macro 'GATE_LC0_SIG_GPIO_Port'
   60 |     {{GATE_LC0_SIG_GPIO_Port, GATE_LC0_SIG_Pin}},
      |       ^~~~~~~~~~~~~~~~~~~~~~
In file included from ../Core/Inc/stm32f1xx_hal_conf.h:242,
                 from ../Drivers/STM32F1xx_HAL_Driver/Inc/stm32f1xx_hal.h:30,
                 from ../Drivers/OPDM_Driver/Inc/opdm_hal_io.h:11,
                 from ../Drivers/OPDM_Driver/Src/opdm_hal_io.c:8:
../Drivers/STM32F1xx_HAL_Driver/Inc/stm32f1xx_hal_gpio.h:87:36: warning: excess elements in scalar initializer
   87 | #define GPIO_PIN_4                 ((uint16_t)0x0010)  /* Pin 4 selected    */
      |                                    ^
../Drivers/OPDM_Driver/Inc/opdm_hal_io_cfg.h:31:26: note: in expansion of macro 'GPIO_PIN_4'
   31 | #define GATE_LC0_SIG_Pin GPIO_PIN_4
      |                          ^~~~~~~~~~
../Drivers/OPDM_Driver/Src/opdm_hal_io.c:60:31: note: in expansion of macro 'GATE_LC0_SIG_Pin'
   60 |     {{GATE_LC0_SIG_GPIO_Port, GATE_LC0_SIG_Pin}},
      |                               ^~~~~~~~~~~~~~~~
../Drivers/STM32F1xx_HAL_Driver/Inc/stm32f1xx_hal_gpio.h:87:36: note: (near initialization for 'CURRENT_OUTPUT_GPIO[4]')
   87 | #define GPIO_PIN_4                 ((uint16_t)0x0010)  /* Pin 4 selected    */
      |                                    ^
../Drivers/OPDM_Driver/Inc/opdm_hal_io_cfg.h:31:26: note: in expansion of macro 'GPIO_PIN_4'
   31 | #define GATE_LC0_SIG_Pin GPIO_PIN_4
      |                          ^~~~~~~~~~
../Drivers/OPDM_Driver/Src/opdm_hal_io.c:60:31: note: in expansion of macro 'GATE_LC0_SIG_Pin'
   60 |     {{GATE_LC0_SIG_GPIO_Port, GATE_LC0_SIG_Pin}},
      |                               ^~~~~~~~~~~~~~~~
../Drivers/OPDM_Driver/Src/opdm_hal_io.c:61:5: warning: braces around scalar initializer
   61 |     {{GATE_LC1_SIG_GPIO_Port, GATE_LC1_SIG_Pin}},
      |     ^
../Drivers/OPDM_Driver/Src/opdm_hal_io.c:61:5: note: (near initialization for 'CURRENT_OUTPUT_GPIO[5]')
../Drivers/OPDM_Driver/Src/opdm_hal_io.c:61:5: warning: braces around scalar initializer
../Drivers/OPDM_Driver/Src/opdm_hal_io.c:61:5: note: (near initialization for 'CURRENT_OUTPUT_GPIO[5]')
In file included from ../Drivers/CMSIS/Device/ST/STM32F1xx/Include/stm32f1xx.h:131,
                 from ../Drivers/STM32F1xx_HAL_Driver/Inc/stm32f1xx_hal_def.h:30,
                 from ../Drivers/STM32F1xx_HAL_Driver/Inc/stm32f1xx_hal_rcc.h:29,
                 from ../Core/Inc/stm32f1xx_hal_conf.h:238,
                 from ../Drivers/STM32F1xx_HAL_Driver/Inc/stm32f1xx_hal.h:30,
                 from ../Drivers/OPDM_Driver/Inc/opdm_hal_io.h:11,
                 from ../Drivers/OPDM_Driver/Src/opdm_hal_io.c:8:
../Drivers/CMSIS/Device/ST/STM32F1xx/Include/stm32f103xb.h:665:29: warning: initialization of 'int' from 'GPIO_TypeDef *' makes integer from pointer without a cast [-Wint-conversion]
  665 | #define GPIOA               ((GPIO_TypeDef *)GPIOA_BASE)
      |                             ^
../Drivers/OPDM_Driver/Inc/opdm_hal_io_cfg.h:34:32: note: in expansion of macro 'GPIOA'
   34 | #define GATE_LC1_SIG_GPIO_Port GPIOA
      |                                ^~~~~
../Drivers/OPDM_Driver/Src/opdm_hal_io.c:61:7: note: in expansion of macro 'GATE_LC1_SIG_GPIO_Port'
   61 |     {{GATE_LC1_SIG_GPIO_Port, GATE_LC1_SIG_Pin}},
      |       ^~~~~~~~~~~~~~~~~~~~~~
../Drivers/CMSIS/Device/ST/STM32F1xx/Include/stm32f103xb.h:665:29: note: (near initialization for 'CURRENT_OUTPUT_GPIO[5]')
  665 | #define GPIOA               ((GPIO_TypeDef *)GPIOA_BASE)
      |                             ^
../Drivers/OPDM_Driver/Inc/opdm_hal_io_cfg.h:34:32: note: in expansion of macro 'GPIOA'
   34 | #define GATE_LC1_SIG_GPIO_Port GPIOA
      |                                ^~~~~
../Drivers/OPDM_Driver/Src/opdm_hal_io.c:61:7: note: in expansion of macro 'GATE_LC1_SIG_GPIO_Port'
   61 |     {{GATE_LC1_SIG_GPIO_Port, GATE_LC1_SIG_Pin}},
      |       ^~~~~~~~~~~~~~~~~~~~~~
In file included from ../Core/Inc/stm32f1xx_hal_conf.h:242,
                 from ../Drivers/STM32F1xx_HAL_Driver/Inc/stm32f1xx_hal.h:30,
                 from ../Drivers/OPDM_Driver/Inc/opdm_hal_io.h:11,
                 from ../Drivers/OPDM_Driver/Src/opdm_hal_io.c:8:
../Drivers/STM32F1xx_HAL_Driver/Inc/stm32f1xx_hal_gpio.h:88:36: warning: excess elements in scalar initializer
   88 | #define GPIO_PIN_5                 ((uint16_t)0x0020)  /* Pin 5 selected    */
      |                                    ^
../Drivers/OPDM_Driver/Inc/opdm_hal_io_cfg.h:33:26: note: in expansion of macro 'GPIO_PIN_5'
   33 | #define GATE_LC1_SIG_Pin GPIO_PIN_5
      |                          ^~~~~~~~~~
../Drivers/OPDM_Driver/Src/opdm_hal_io.c:61:31: note: in expansion of macro 'GATE_LC1_SIG_Pin'
   61 |     {{GATE_LC1_SIG_GPIO_Port, GATE_LC1_SIG_Pin}},
      |                               ^~~~~~~~~~~~~~~~
../Drivers/STM32F1xx_HAL_Driver/Inc/stm32f1xx_hal_gpio.h:88:36: note: (near initialization for 'CURRENT_OUTPUT_GPIO[5]')
   88 | #define GPIO_PIN_5                 ((uint16_t)0x0020)  /* Pin 5 selected    */
      |                                    ^
../Drivers/OPDM_Driver/Inc/opdm_hal_io_cfg.h:33:26: note: in expansion of macro 'GPIO_PIN_5'
   33 | #define GATE_LC1_SIG_Pin GPIO_PIN_5
      |                          ^~~~~~~~~~
../Drivers/OPDM_Driver/Src/opdm_hal_io.c:61:31: note: in expansion of macro 'GATE_LC1_SIG_Pin'
   61 |     {{GATE_LC1_SIG_GPIO_Port, GATE_LC1_SIG_Pin}},
      |                               ^~~~~~~~~~~~~~~~
../Drivers/OPDM_Driver/Src/opdm_hal_io.c:62:5: warning: braces around scalar initializer
   62 |     {{GATE_LC2_SIG_GPIO_Port, GATE_LC2_SIG_Pin}},
      |     ^
../Drivers/OPDM_Driver/Src/opdm_hal_io.c:62:5: note: (near initialization for 'CURRENT_OUTPUT_GPIO[6]')
../Drivers/OPDM_Driver/Src/opdm_hal_io.c:62:5: warning: braces around scalar initializer
../Drivers/OPDM_Driver/Src/opdm_hal_io.c:62:5: note: (near initialization for 'CURRENT_OUTPUT_GPIO[6]')
In file included from ../Drivers/CMSIS/Device/ST/STM32F1xx/Include/stm32f1xx.h:131,
                 from ../Drivers/STM32F1xx_HAL_Driver/Inc/stm32f1xx_hal_def.h:30,
                 from ../Drivers/STM32F1xx_HAL_Driver/Inc/stm32f1xx_hal_rcc.h:29,
                 from ../Core/Inc/stm32f1xx_hal_conf.h:238,
                 from ../Drivers/STM32F1xx_HAL_Driver/Inc/stm32f1xx_hal.h:30,
                 from ../Drivers/OPDM_Driver/Inc/opdm_hal_io.h:11,
                 from ../Drivers/OPDM_Driver/Src/opdm_hal_io.c:8:
../Drivers/CMSIS/Device/ST/STM32F1xx/Include/stm32f103xb.h:665:29: warning: initialization of 'int' from 'GPIO_TypeDef *' makes integer from pointer without a cast [-Wint-conversion]
  665 | #define GPIOA               ((GPIO_TypeDef *)GPIOA_BASE)
      |                             ^
../Drivers/OPDM_Driver/Inc/opdm_hal_io_cfg.h:36:32: note: in expansion of macro 'GPIOA'
   36 | #define GATE_LC2_SIG_GPIO_Port GPIOA
      |                                ^~~~~
../Drivers/OPDM_Driver/Src/opdm_hal_io.c:62:7: note: in expansion of macro 'GATE_LC2_SIG_GPIO_Port'
   62 |     {{GATE_LC2_SIG_GPIO_Port, GATE_LC2_SIG_Pin}},
      |       ^~~~~~~~~~~~~~~~~~~~~~
../Drivers/CMSIS/Device/ST/STM32F1xx/Include/stm32f103xb.h:665:29: note: (near initialization for 'CURRENT_OUTPUT_GPIO[6]')
  665 | #define GPIOA               ((GPIO_TypeDef *)GPIOA_BASE)
      |                             ^
../Drivers/OPDM_Driver/Inc/opdm_hal_io_cfg.h:36:32: note: in expansion of macro 'GPIOA'
   36 | #define GATE_LC2_SIG_GPIO_Port GPIOA
      |                                ^~~~~
../Drivers/OPDM_Driver/Src/opdm_hal_io.c:62:7: note: in expansion of macro 'GATE_LC2_SIG_GPIO_Port'
   62 |     {{GATE_LC2_SIG_GPIO_Port, GATE_LC2_SIG_Pin}},
      |       ^~~~~~~~~~~~~~~~~~~~~~
In file included from ../Core/Inc/stm32f1xx_hal_conf.h:242,
                 from ../Drivers/STM32F1xx_HAL_Driver/Inc/stm32f1xx_hal.h:30,
                 from ../Drivers/OPDM_Driver/Inc/opdm_hal_io.h:11,
                 from ../Drivers/OPDM_Driver/Src/opdm_hal_io.c:8:
../Drivers/STM32F1xx_HAL_Driver/Inc/stm32f1xx_hal_gpio.h:89:36: warning: excess elements in scalar initializer
   89 | #define GPIO_PIN_6                 ((uint16_t)0x0040)  /* Pin 6 selected    */
      |                                    ^
../Drivers/OPDM_Driver/Inc/opdm_hal_io_cfg.h:35:26: note: in expansion of macro 'GPIO_PIN_6'
   35 | #define GATE_LC2_SIG_Pin GPIO_PIN_6
      |                          ^~~~~~~~~~
../Drivers/OPDM_Driver/Src/opdm_hal_io.c:62:31: note: in expansion of macro 'GATE_LC2_SIG_Pin'
   62 |     {{GATE_LC2_SIG_GPIO_Port, GATE_LC2_SIG_Pin}},
      |                               ^~~~~~~~~~~~~~~~
make: *** [Core/Src/subdir.mk:34: Core/Src/stm32f1xx_it.o] Error 1
make: *** Waiting for unfinished jobs....
../Drivers/STM32F1xx_HAL_Driver/Inc/stm32f1xx_hal_gpio.h:89:36: note: (near initialization for 'CURRENT_OUTPUT_GPIO[6]')
   89 | #define GPIO_PIN_6                 ((uint16_t)0x0040)  /* Pin 6 selected    */
      |                                    ^
../Drivers/OPDM_Driver/Inc/opdm_hal_io_cfg.h:35:26: note: in expansion of macro 'GPIO_PIN_6'
   35 | #define GATE_LC2_SIG_Pin GPIO_PIN_6
      |                          ^~~~~~~~~~
../Drivers/OPDM_Driver/Src/opdm_hal_io.c:62:31: note: in expansion of macro 'GATE_LC2_SIG_Pin'
   62 |     {{GATE_LC2_SIG_GPIO_Port, GATE_LC2_SIG_Pin}},
      |                               ^~~~~~~~~~~~~~~~
../Drivers/OPDM_Driver/Src/opdm_hal_io.c:63:5: warning: braces around scalar initializer
   63 |     {{GATE_LC3_SIG_GPIO_Port, GATE_LC3_SIG_Pin}},
      |     ^
../Drivers/OPDM_Driver/Src/opdm_hal_io.c:63:5: note: (near initialization for 'CURRENT_OUTPUT_GPIO[7]')
../Drivers/OPDM_Driver/Src/opdm_hal_io.c:63:5: warning: braces around scalar initializer
../Drivers/OPDM_Driver/Src/opdm_hal_io.c:63:5: note: (near initialization for 'CURRENT_OUTPUT_GPIO[7]')
In file included from ../Drivers/CMSIS/Device/ST/STM32F1xx/Include/stm32f1xx.h:131,
                 from ../Drivers/STM32F1xx_HAL_Driver/Inc/stm32f1xx_hal_def.h:30,
                 from ../Drivers/STM32F1xx_HAL_Driver/Inc/stm32f1xx_hal_rcc.h:29,
                 from ../Core/Inc/stm32f1xx_hal_conf.h:238,
                 from ../Drivers/STM32F1xx_HAL_Driver/Inc/stm32f1xx_hal.h:30,
                 from ../Drivers/OPDM_Driver/Inc/opdm_hal_io.h:11,
                 from ../Drivers/OPDM_Driver/Src/opdm_hal_io.c:8:
../Drivers/CMSIS/Device/ST/STM32F1xx/Include/stm32f103xb.h:665:29: warning: initialization of 'int' from 'GPIO_TypeDef *' makes integer from pointer without a cast [-Wint-conversion]
  665 | #define GPIOA               ((GPIO_TypeDef *)GPIOA_BASE)
      |                             ^
../Drivers/OPDM_Driver/Inc/opdm_hal_io_cfg.h:38:32: note: in expansion of macro 'GPIOA'
   38 | #define GATE_LC3_SIG_GPIO_Port GPIOA
      |                                ^~~~~
../Drivers/OPDM_Driver/Src/opdm_hal_io.c:63:7: note: in expansion of macro 'GATE_LC3_SIG_GPIO_Port'
   63 |     {{GATE_LC3_SIG_GPIO_Port, GATE_LC3_SIG_Pin}},
      |       ^~~~~~~~~~~~~~~~~~~~~~
../Drivers/CMSIS/Device/ST/STM32F1xx/Include/stm32f103xb.h:665:29: note: (near initialization for 'CURRENT_OUTPUT_GPIO[7]')
  665 | #define GPIOA               ((GPIO_TypeDef *)GPIOA_BASE)
      |                             ^
../Drivers/OPDM_Driver/Inc/opdm_hal_io_cfg.h:38:32: note: in expansion of macro 'GPIOA'
   38 | #define GATE_LC3_SIG_GPIO_Port GPIOA
      |                                ^~~~~
../Drivers/OPDM_Driver/Src/opdm_hal_io.c:63:7: note: in expansion of macro 'GATE_LC3_SIG_GPIO_Port'
   63 |     {{GATE_LC3_SIG_GPIO_Port, GATE_LC3_SIG_Pin}},
      |       ^~~~~~~~~~~~~~~~~~~~~~
In file included from ../Core/Inc/stm32f1xx_hal_conf.h:242,
                 from ../Drivers/STM32F1xx_HAL_Driver/Inc/stm32f1xx_hal.h:30,
                 from ../Drivers/OPDM_Driver/Inc/opdm_hal_io.h:11,
                 from ../Drivers/OPDM_Driver/Src/opdm_hal_io.c:8:
../Drivers/STM32F1xx_HAL_Driver/Inc/stm32f1xx_hal_gpio.h:90:36: warning: excess elements in scalar initializer
   90 | #define GPIO_PIN_7                 ((uint16_t)0x0080)  /* Pin 7 selected    */
      |                                    ^
../Drivers/OPDM_Driver/Inc/opdm_hal_io_cfg.h:37:26: note: in expansion of macro 'GPIO_PIN_7'
   37 | #define GATE_LC3_SIG_Pin GPIO_PIN_7
      |                          ^~~~~~~~~~
../Drivers/OPDM_Driver/Src/opdm_hal_io.c:63:31: note: in expansion of macro 'GATE_LC3_SIG_Pin'
   63 |     {{GATE_LC3_SIG_GPIO_Port, GATE_LC3_SIG_Pin}},
      |                               ^~~~~~~~~~~~~~~~
../Drivers/STM32F1xx_HAL_Driver/Inc/stm32f1xx_hal_gpio.h:90:36: note: (near initialization for 'CURRENT_OUTPUT_GPIO[7]')
   90 | #define GPIO_PIN_7                 ((uint16_t)0x0080)  /* Pin 7 selected    */
      |                                    ^
../Drivers/OPDM_Driver/Inc/opdm_hal_io_cfg.h:37:26: note: in expansion of macro 'GPIO_PIN_7'
   37 | #define GATE_LC3_SIG_Pin GPIO_PIN_7
      |                          ^~~~~~~~~~
../Drivers/OPDM_Driver/Src/opdm_hal_io.c:63:31: note: in expansion of macro 'GATE_LC3_SIG_Pin'
   63 |     {{GATE_LC3_SIG_GPIO_Port, GATE_LC3_SIG_Pin}},
      |                               ^~~~~~~~~~~~~~~~
In file included from ../Core/Src/main.c:20:
../Core/Inc/main.h:53:1: error: expected ';', identifier or '(' before 'void'
   53 | void Error_Handler(void);
      | ^~~~
make: *** [Core/Src/subdir.mk:34: Core/Src/main.o] Error 1
../Drivers/OPDM_Driver/Src/opdm_hal_io.c:78:1: error: unknown type name 'OPDM_GPIO_TYPE'
   78 | OPDM_GPIO_TYPE CURRENT_VOLTAGE_SENSE_MUTIPLEXER[NUM_OF_CURRENT_VOLTAGE_SENSE_MULTIPLEXER] = {
      | ^~~~~~~~~~~~~~
../Drivers/OPDM_Driver/Src/opdm_hal_io.c:79:5: warning: braces around scalar initializer
   79 |     {{MUX_CUR_SENSE_A0_GPIO_Port, MUX_CUR_SENSE_A0_Pin}},
      |     ^
../Drivers/OPDM_Driver/Src/opdm_hal_io.c:79:5: note: (near initialization for 'CURRENT_VOLTAGE_SENSE_MUTIPLEXER[0]')
../Drivers/OPDM_Driver/Src/opdm_hal_io.c:79:5: warning: braces around scalar initializer
../Drivers/OPDM_Driver/Src/opdm_hal_io.c:79:5: note: (near initialization for 'CURRENT_VOLTAGE_SENSE_MUTIPLEXER[0]')
In file included from ../Drivers/CMSIS/Device/ST/STM32F1xx/Include/stm32f1xx.h:131,
                 from ../Drivers/STM32F1xx_HAL_Driver/Inc/stm32f1xx_hal_def.h:30,
                 from ../Drivers/STM32F1xx_HAL_Driver/Inc/stm32f1xx_hal_rcc.h:29,
                 from ../Core/Inc/stm32f1xx_hal_conf.h:238,
                 from ../Drivers/STM32F1xx_HAL_Driver/Inc/stm32f1xx_hal.h:30,
                 from ../Drivers/OPDM_Driver/Inc/opdm_hal_io.h:11,
                 from ../Drivers/OPDM_Driver/Src/opdm_hal_io.c:8:
../Drivers/CMSIS/Device/ST/STM32F1xx/Include/stm32f103xb.h:666:29: warning: initialization of 'int' from 'GPIO_TypeDef *' makes integer from pointer without a cast [-Wint-conversion]
  666 | #define GPIOB               ((GPIO_TypeDef *)GPIOB_BASE)
      |                             ^
../Drivers/OPDM_Driver/Inc/opdm_hal_io_cfg.h:60:36: note: in expansion of macro 'GPIOB'
   60 | #define MUX_CUR_SENSE_A0_GPIO_Port GPIOB
      |                                    ^~~~~
../Drivers/OPDM_Driver/Src/opdm_hal_io.c:79:7: note: in expansion of macro 'MUX_CUR_SENSE_A0_GPIO_Port'
   79 |     {{MUX_CUR_SENSE_A0_GPIO_Port, MUX_CUR_SENSE_A0_Pin}},
      |       ^~~~~~~~~~~~~~~~~~~~~~~~~~
../Drivers/CMSIS/Device/ST/STM32F1xx/Include/stm32f103xb.h:666:29: note: (near initialization for 'CURRENT_VOLTAGE_SENSE_MUTIPLEXER[0]')
  666 | #define GPIOB               ((GPIO_TypeDef *)GPIOB_BASE)
      |                             ^
../Drivers/OPDM_Driver/Inc/opdm_hal_io_cfg.h:60:36: note: in expansion of macro 'GPIOB'
   60 | #define MUX_CUR_SENSE_A0_GPIO_Port GPIOB
      |                                    ^~~~~
../Drivers/OPDM_Driver/Src/opdm_hal_io.c:79:7: note: in expansion of macro 'MUX_CUR_SENSE_A0_GPIO_Port'
   79 |     {{MUX_CUR_SENSE_A0_GPIO_Port, MUX_CUR_SENSE_A0_Pin}},
      |       ^~~~~~~~~~~~~~~~~~~~~~~~~~
In file included from ../Core/Inc/stm32f1xx_hal_conf.h:242,
                 from ../Drivers/STM32F1xx_HAL_Driver/Inc/stm32f1xx_hal.h:30,
                 from ../Drivers/OPDM_Driver/Inc/opdm_hal_io.h:11,
                 from ../Drivers/OPDM_Driver/Src/opdm_hal_io.c:8:
../Drivers/STM32F1xx_HAL_Driver/Inc/stm32f1xx_hal_gpio.h:88:36: warning: excess elements in scalar initializer
   88 | #define GPIO_PIN_5                 ((uint16_t)0x0020)  /* Pin 5 selected    */
      |                                    ^
../Drivers/OPDM_Driver/Inc/opdm_hal_io_cfg.h:59:30: note: in expansion of macro 'GPIO_PIN_5'
   59 | #define MUX_CUR_SENSE_A0_Pin GPIO_PIN_5
      |                              ^~~~~~~~~~
../Drivers/OPDM_Driver/Src/opdm_hal_io.c:79:35: note: in expansion of macro 'MUX_CUR_SENSE_A0_Pin'
   79 |     {{MUX_CUR_SENSE_A0_GPIO_Port, MUX_CUR_SENSE_A0_Pin}},
      |                                   ^~~~~~~~~~~~~~~~~~~~
../Drivers/STM32F1xx_HAL_Driver/Inc/stm32f1xx_hal_gpio.h:88:36: note: (near initialization for 'CURRENT_VOLTAGE_SENSE_MUTIPLEXER[0]')
   88 | #define GPIO_PIN_5                 ((uint16_t)0x0020)  /* Pin 5 selected    */
      |                                    ^
../Drivers/OPDM_Driver/Inc/opdm_hal_io_cfg.h:59:30: note: in expansion of macro 'GPIO_PIN_5'
   59 | #define MUX_CUR_SENSE_A0_Pin GPIO_PIN_5
      |                              ^~~~~~~~~~
../Drivers/OPDM_Driver/Src/opdm_hal_io.c:79:35: note: in expansion of macro 'MUX_CUR_SENSE_A0_Pin'
   79 |     {{MUX_CUR_SENSE_A0_GPIO_Port, MUX_CUR_SENSE_A0_Pin}},
      |                                   ^~~~~~~~~~~~~~~~~~~~
../Drivers/OPDM_Driver/Src/opdm_hal_io.c:80:5: warning: braces around scalar initializer
   80 |     {{MUX_CUR_SENSE_A1_GPIO_Port, MUX_CUR_SENSE_A1_Pin}},
      |     ^
../Drivers/OPDM_Driver/Src/opdm_hal_io.c:80:5: note: (near initialization for 'CURRENT_VOLTAGE_SENSE_MUTIPLEXER[1]')
../Drivers/OPDM_Driver/Src/opdm_hal_io.c:80:5: warning: braces around scalar initializer
../Drivers/OPDM_Driver/Src/opdm_hal_io.c:80:5: note: (near initialization for 'CURRENT_VOLTAGE_SENSE_MUTIPLEXER[1]')
In file included from ../Drivers/CMSIS/Device/ST/STM32F1xx/Include/stm32f1xx.h:131,
                 from ../Drivers/STM32F1xx_HAL_Driver/Inc/stm32f1xx_hal_def.h:30,
                 from ../Drivers/STM32F1xx_HAL_Driver/Inc/stm32f1xx_hal_rcc.h:29,
                 from ../Core/Inc/stm32f1xx_hal_conf.h:238,
                 from ../Drivers/STM32F1xx_HAL_Driver/Inc/stm32f1xx_hal.h:30,
                 from ../Drivers/OPDM_Driver/Inc/opdm_hal_io.h:11,
                 from ../Drivers/OPDM_Driver/Src/opdm_hal_io.c:8:
../Drivers/CMSIS/Device/ST/STM32F1xx/Include/stm32f103xb.h:666:29: warning: initialization of 'int' from 'GPIO_TypeDef *' makes integer from pointer without a cast [-Wint-conversion]
  666 | #define GPIOB               ((GPIO_TypeDef *)GPIOB_BASE)
      |                             ^
../Drivers/OPDM_Driver/Inc/opdm_hal_io_cfg.h:58:36: note: in expansion of macro 'GPIOB'
   58 | #define MUX_CUR_SENSE_A1_GPIO_Port GPIOB
      |                                    ^~~~~
../Drivers/OPDM_Driver/Src/opdm_hal_io.c:80:7: note: in expansion of macro 'MUX_CUR_SENSE_A1_GPIO_Port'
   80 |     {{MUX_CUR_SENSE_A1_GPIO_Port, MUX_CUR_SENSE_A1_Pin}},
      |       ^~~~~~~~~~~~~~~~~~~~~~~~~~
../Drivers/CMSIS/Device/ST/STM32F1xx/Include/stm32f103xb.h:666:29: note: (near initialization for 'CURRENT_VOLTAGE_SENSE_MUTIPLEXER[1]')
  666 | #define GPIOB               ((GPIO_TypeDef *)GPIOB_BASE)
      |                             ^
../Drivers/OPDM_Driver/Inc/opdm_hal_io_cfg.h:58:36: note: in expansion of macro 'GPIOB'
   58 | #define MUX_CUR_SENSE_A1_GPIO_Port GPIOB
      |                                    ^~~~~
../Drivers/OPDM_Driver/Src/opdm_hal_io.c:80:7: note: in expansion of macro 'MUX_CUR_SENSE_A1_GPIO_Port'
   80 |     {{MUX_CUR_SENSE_A1_GPIO_Port, MUX_CUR_SENSE_A1_Pin}},
      |       ^~~~~~~~~~~~~~~~~~~~~~~~~~
In file included from ../Core/Inc/stm32f1xx_hal_conf.h:242,
                 from ../Drivers/STM32F1xx_HAL_Driver/Inc/stm32f1xx_hal.h:30,
                 from ../Drivers/OPDM_Driver/Inc/opdm_hal_io.h:11,
                 from ../Drivers/OPDM_Driver/Src/opdm_hal_io.c:8:
../Drivers/STM32F1xx_HAL_Driver/Inc/stm32f1xx_hal_gpio.h:87:36: warning: excess elements in scalar initializer
   87 | #define GPIO_PIN_4                 ((uint16_t)0x0010)  /* Pin 4 selected    */
      |                                    ^
../Drivers/OPDM_Driver/Inc/opdm_hal_io_cfg.h:57:30: note: in expansion of macro 'GPIO_PIN_4'
   57 | #define MUX_CUR_SENSE_A1_Pin GPIO_PIN_4
      |                              ^~~~~~~~~~
../Drivers/OPDM_Driver/Src/opdm_hal_io.c:80:35: note: in expansion of macro 'MUX_CUR_SENSE_A1_Pin'
   80 |     {{MUX_CUR_SENSE_A1_GPIO_Port, MUX_CUR_SENSE_A1_Pin}},
      |                                   ^~~~~~~~~~~~~~~~~~~~
../Drivers/STM32F1xx_HAL_Driver/Inc/stm32f1xx_hal_gpio.h:87:36: note: (near initialization for 'CURRENT_VOLTAGE_SENSE_MUTIPLEXER[1]')
   87 | #define GPIO_PIN_4                 ((uint16_t)0x0010)  /* Pin 4 selected    */
      |                                    ^
../Drivers/OPDM_Driver/Inc/opdm_hal_io_cfg.h:57:30: note: in expansion of macro 'GPIO_PIN_4'
   57 | #define MUX_CUR_SENSE_A1_Pin GPIO_PIN_4
      |                              ^~~~~~~~~~
../Drivers/OPDM_Driver/Src/opdm_hal_io.c:80:35: note: in expansion of macro 'MUX_CUR_SENSE_A1_Pin'
   80 |     {{MUX_CUR_SENSE_A1_GPIO_Port, MUX_CUR_SENSE_A1_Pin}},
      |                                   ^~~~~~~~~~~~~~~~~~~~
../Drivers/OPDM_Driver/Src/opdm_hal_io.c:81:5: warning: braces around scalar initializer
   81 |     {{MUX_CUR_SENSE_A2_GPIO_Port, MUX_CUR_SENSE_A2_Pin}},
      |     ^
../Drivers/OPDM_Driver/Src/opdm_hal_io.c:81:5: note: (near initialization for 'CURRENT_VOLTAGE_SENSE_MUTIPLEXER[2]')
../Drivers/OPDM_Driver/Src/opdm_hal_io.c:81:5: warning: braces around scalar initializer
../Drivers/OPDM_Driver/Src/opdm_hal_io.c:81:5: note: (near initialization for 'CURRENT_VOLTAGE_SENSE_MUTIPLEXER[2]')
In file included from ../Drivers/CMSIS/Device/ST/STM32F1xx/Include/stm32f1xx.h:131,
                 from ../Drivers/STM32F1xx_HAL_Driver/Inc/stm32f1xx_hal_def.h:30,
                 from ../Drivers/STM32F1xx_HAL_Driver/Inc/stm32f1xx_hal_rcc.h:29,
                 from ../Core/Inc/stm32f1xx_hal_conf.h:238,
                 from ../Drivers/STM32F1xx_HAL_Driver/Inc/stm32f1xx_hal.h:30,
                 from ../Drivers/OPDM_Driver/Inc/opdm_hal_io.h:11,
                 from ../Drivers/OPDM_Driver/Src/opdm_hal_io.c:8:
../Drivers/CMSIS/Device/ST/STM32F1xx/Include/stm32f103xb.h:666:29: warning: initialization of 'int' from 'GPIO_TypeDef *' makes integer from pointer without a cast [-Wint-conversion]
  666 | #define GPIOB               ((GPIO_TypeDef *)GPIOB_BASE)
      |                             ^
../Drivers/OPDM_Driver/Inc/opdm_hal_io_cfg.h:56:36: note: in expansion of macro 'GPIOB'
   56 | #define MUX_CUR_SENSE_A2_GPIO_Port GPIOB
      |                                    ^~~~~
../Drivers/OPDM_Driver/Src/opdm_hal_io.c:81:7: note: in expansion of macro 'MUX_CUR_SENSE_A2_GPIO_Port'
   81 |     {{MUX_CUR_SENSE_A2_GPIO_Port, MUX_CUR_SENSE_A2_Pin}},
      |       ^~~~~~~~~~~~~~~~~~~~~~~~~~
../Drivers/CMSIS/Device/ST/STM32F1xx/Include/stm32f103xb.h:666:29: note: (near initialization for 'CURRENT_VOLTAGE_SENSE_MUTIPLEXER[2]')
  666 | #define GPIOB               ((GPIO_TypeDef *)GPIOB_BASE)
      |                             ^
../Drivers/OPDM_Driver/Inc/opdm_hal_io_cfg.h:56:36: note: in expansion of macro 'GPIOB'
   56 | #define MUX_CUR_SENSE_A2_GPIO_Port GPIOB
      |                                    ^~~~~
../Drivers/OPDM_Driver/Src/opdm_hal_io.c:81:7: note: in expansion of macro 'MUX_CUR_SENSE_A2_GPIO_Port'
   81 |     {{MUX_CUR_SENSE_A2_GPIO_Port, MUX_CUR_SENSE_A2_Pin}},
      |       ^~~~~~~~~~~~~~~~~~~~~~~~~~
In file included from ../Core/Inc/stm32f1xx_hal_conf.h:242,
                 from ../Drivers/STM32F1xx_HAL_Driver/Inc/stm32f1xx_hal.h:30,
                 from ../Drivers/OPDM_Driver/Inc/opdm_hal_io.h:11,
                 from ../Drivers/OPDM_Driver/Src/opdm_hal_io.c:8:
../Drivers/STM32F1xx_HAL_Driver/Inc/stm32f1xx_hal_gpio.h:86:36: warning: excess elements in scalar initializer
   86 | #define GPIO_PIN_3                 ((uint16_t)0x0008)  /* Pin 3 selected    */
      |                                    ^
../Drivers/OPDM_Driver/Inc/opdm_hal_io_cfg.h:55:30: note: in expansion of macro 'GPIO_PIN_3'
   55 | #define MUX_CUR_SENSE_A2_Pin GPIO_PIN_3
      |                              ^~~~~~~~~~
../Drivers/OPDM_Driver/Src/opdm_hal_io.c:81:35: note: in expansion of macro 'MUX_CUR_SENSE_A2_Pin'
   81 |     {{MUX_CUR_SENSE_A2_GPIO_Port, MUX_CUR_SENSE_A2_Pin}},
      |                                   ^~~~~~~~~~~~~~~~~~~~
../Drivers/STM32F1xx_HAL_Driver/Inc/stm32f1xx_hal_gpio.h:86:36: note: (near initialization for 'CURRENT_VOLTAGE_SENSE_MUTIPLEXER[2]')
   86 | #define GPIO_PIN_3                 ((uint16_t)0x0008)  /* Pin 3 selected    */
      |                                    ^
../Drivers/OPDM_Driver/Inc/opdm_hal_io_cfg.h:55:30: note: in expansion of macro 'GPIO_PIN_3'
   55 | #define MUX_CUR_SENSE_A2_Pin GPIO_PIN_3
      |                              ^~~~~~~~~~
../Drivers/OPDM_Driver/Src/opdm_hal_io.c:81:35: note: in expansion of macro 'MUX_CUR_SENSE_A2_Pin'
   81 |     {{MUX_CUR_SENSE_A2_GPIO_Port, MUX_CUR_SENSE_A2_Pin}},
      |                                   ^~~~~~~~~~~~~~~~~~~~
../Drivers/OPDM_Driver/Src/opdm_hal_io.c:82:5: warning: braces around scalar initializer
   82 |     {{MUX_CUR_SENSE_A3_GPIO_Port, MUX_CUR_SENSE_A3_Pin}},
      |     ^
../Drivers/OPDM_Driver/Src/opdm_hal_io.c:82:5: note: (near initialization for 'CURRENT_VOLTAGE_SENSE_MUTIPLEXER[3]')
../Drivers/OPDM_Driver/Src/opdm_hal_io.c:82:5: warning: braces around scalar initializer
../Drivers/OPDM_Driver/Src/opdm_hal_io.c:82:5: note: (near initialization for 'CURRENT_VOLTAGE_SENSE_MUTIPLEXER[3]')
In file included from ../Drivers/CMSIS/Device/ST/STM32F1xx/Include/stm32f1xx.h:131,
                 from ../Drivers/STM32F1xx_HAL_Driver/Inc/stm32f1xx_hal_def.h:30,
                 from ../Drivers/STM32F1xx_HAL_Driver/Inc/stm32f1xx_hal_rcc.h:29,
                 from ../Core/Inc/stm32f1xx_hal_conf.h:238,
                 from ../Drivers/STM32F1xx_HAL_Driver/Inc/stm32f1xx_hal.h:30,
                 from ../Drivers/OPDM_Driver/Inc/opdm_hal_io.h:11,
                 from ../Drivers/OPDM_Driver/Src/opdm_hal_io.c:8:
../Drivers/CMSIS/Device/ST/STM32F1xx/Include/stm32f103xb.h:665:29: warning: initialization of 'int' from 'GPIO_TypeDef *' makes integer from pointer without a cast [-Wint-conversion]
  665 | #define GPIOA               ((GPIO_TypeDef *)GPIOA_BASE)
      |                             ^
../Drivers/OPDM_Driver/Inc/opdm_hal_io_cfg.h:54:36: note: in expansion of macro 'GPIOA'
   54 | #define MUX_CUR_SENSE_A3_GPIO_Port GPIOA
      |                                    ^~~~~
../Drivers/OPDM_Driver/Src/opdm_hal_io.c:82:7: note: in expansion of macro 'MUX_CUR_SENSE_A3_GPIO_Port'
   82 |     {{MUX_CUR_SENSE_A3_GPIO_Port, MUX_CUR_SENSE_A3_Pin}},
      |       ^~~~~~~~~~~~~~~~~~~~~~~~~~
../Drivers/CMSIS/Device/ST/STM32F1xx/Include/stm32f103xb.h:665:29: note: (near initialization for 'CURRENT_VOLTAGE_SENSE_MUTIPLEXER[3]')
  665 | #define GPIOA               ((GPIO_TypeDef *)GPIOA_BASE)
      |                             ^
../Drivers/OPDM_Driver/Inc/opdm_hal_io_cfg.h:54:36: note: in expansion of macro 'GPIOA'
   54 | #define MUX_CUR_SENSE_A3_GPIO_Port GPIOA
      |                                    ^~~~~
../Drivers/OPDM_Driver/Src/opdm_hal_io.c:82:7: note: in expansion of macro 'MUX_CUR_SENSE_A3_GPIO_Port'
   82 |     {{MUX_CUR_SENSE_A3_GPIO_Port, MUX_CUR_SENSE_A3_Pin}},
      |       ^~~~~~~~~~~~~~~~~~~~~~~~~~
In file included from ../Core/Inc/stm32f1xx_hal_conf.h:242,
                 from ../Drivers/STM32F1xx_HAL_Driver/Inc/stm32f1xx_hal.h:30,
                 from ../Drivers/OPDM_Driver/Inc/opdm_hal_io.h:11,
                 from ../Drivers/OPDM_Driver/Src/opdm_hal_io.c:8:
../Drivers/STM32F1xx_HAL_Driver/Inc/stm32f1xx_hal_gpio.h:98:36: warning: excess elements in scalar initializer
   98 | #define GPIO_PIN_15                ((uint16_t)0x8000)  /* Pin 15 selected   */
      |                                    ^
../Drivers/OPDM_Driver/Inc/opdm_hal_io_cfg.h:53:30: note: in expansion of macro 'GPIO_PIN_15'
   53 | #define MUX_CUR_SENSE_A3_Pin GPIO_PIN_15
      |                              ^~~~~~~~~~~
../Drivers/OPDM_Driver/Src/opdm_hal_io.c:82:35: note: in expansion of macro 'MUX_CUR_SENSE_A3_Pin'
   82 |     {{MUX_CUR_SENSE_A3_GPIO_Port, MUX_CUR_SENSE_A3_Pin}},
      |                                   ^~~~~~~~~~~~~~~~~~~~
../Drivers/STM32F1xx_HAL_Driver/Inc/stm32f1xx_hal_gpio.h:98:36: note: (near initialization for 'CURRENT_VOLTAGE_SENSE_MUTIPLEXER[3]')
   98 | #define GPIO_PIN_15                ((uint16_t)0x8000)  /* Pin 15 selected   */
      |                                    ^
../Drivers/OPDM_Driver/Inc/opdm_hal_io_cfg.h:53:30: note: in expansion of macro 'GPIO_PIN_15'
   53 | #define MUX_CUR_SENSE_A3_Pin GPIO_PIN_15
      |                              ^~~~~~~~~~~
../Drivers/OPDM_Driver/Src/opdm_hal_io.c:82:35: note: in expansion of macro 'MUX_CUR_SENSE_A3_Pin'
   82 |     {{MUX_CUR_SENSE_A3_GPIO_Port, MUX_CUR_SENSE_A3_Pin}},
      |                                   ^~~~~~~~~~~~~~~~~~~~
../Drivers/OPDM_Driver/Src/opdm_hal_io.c: In function 'initialize_current_outputs':
../Drivers/OPDM_Driver/Src/opdm_hal_io.c:99:9: warning: implicit declaration of function 'initialize_high_current_outputs'; did you mean 'initialize_current_outputs'? [-Wimplicit-function-declaration]
   99 |         initialize_high_current_outputs();
      |         ^~~~~~~~~~~~~~~~~~~~~~~~~~~~~~~
      |         initialize_current_outputs
../Drivers/OPDM_Driver/Src/opdm_hal_io.c:100:9: warning: implicit declaration of function 'initialize_low_current_outputs'; did you mean 'initialize_current_outputs'? [-Wimplicit-function-declaration]
  100 |         initialize_low_current_outputs();
      |         ^~~~~~~~~~~~~~~~~~~~~~~~~~~~~~
      |         initialize_current_outputs
../Drivers/OPDM_Driver/Src/opdm_hal_io.c: At top level:
../Drivers/OPDM_Driver/Src/opdm_hal_io.c:103:6: warning: conflicting types for 'initialize_high_current_outputs'
  103 | void initialize_high_current_outputs(){
      |      ^~~~~~~~~~~~~~~~~~~~~~~~~~~~~~~
../Drivers/OPDM_Driver/Src/opdm_hal_io.c:99:9: note: previous implicit declaration of 'initialize_high_current_outputs' was here
   99 |         initialize_high_current_outputs();
      |         ^~~~~~~~~~~~~~~~~~~~~~~~~~~~~~~
../Drivers/OPDM_Driver/Src/opdm_hal_io.c: In function 'initialize_high_current_outputs':
../Drivers/OPDM_Driver/Src/opdm_hal_io.c:105:34: error: 'OPDM_CURRENT_OUTPUT_TYPE' has no member named 'port_n_pin'
  105 |                 CURRENT_OUTPUT[i].port_n_pin = CURRENT_OUTPUT_GPIO[i];
      |                                  ^
../Drivers/OPDM_Driver/Src/opdm_hal_io.c:106:34: error: 'OPDM_CURRENT_OUTPUT_TYPE' has no member named 'enable'
  106 |                 CURRENT_OUTPUT[i].enable = CURRENT_OUTPUT_ENABLE[i];
      |                                  ^
../Drivers/OPDM_Driver/Src/opdm_hal_io.c:107:34: error: 'OPDM_CURRENT_OUTPUT_TYPE' has no member named 'fault'
  107 |                 CURRENT_OUTPUT[i].fault = FALSE;
      |                                  ^
../Drivers/OPDM_Driver/Src/opdm_hal_io.c:108:34: error: 'OPDM_CURRENT_OUTPUT_TYPE' has no member named 'current_reading'
  108 |                 CURRENT_OUTPUT[i].current_reading = 0.0;
      |                                  ^
../Drivers/OPDM_Driver/Src/opdm_hal_io.c:109:34: error: 'OPDM_CURRENT_OUTPUT_TYPE' has no member named 'voltage_reading'
  109 |                 CURRENT_OUTPUT[i].voltage_reading = 0.0;
      |                                  ^
../Drivers/OPDM_Driver/Src/opdm_hal_io.c:110:34: error: 'OPDM_CURRENT_OUTPUT_TYPE' has no member named 'current_setpoint'
  110 |                 CURRENT_OUTPUT[i].current_setpoint = 0.0;
      |                                  ^
../Drivers/OPDM_Driver/Src/opdm_hal_io.c:111:34: error: 'OPDM_CURRENT_OUTPUT_TYPE' has no member named 'max_current'
  111 |                 CURRENT_OUTPUT[i].max_current = HC_MAX_CURRENT;
      |                                  ^
../Drivers/OPDM_Driver/Src/opdm_hal_io.c:111:49: error: 'HC_MAX_CURRENT' undeclared (first use in this function)
  111 |                 CURRENT_OUTPUT[i].max_current = HC_MAX_CURRENT;
      |                                                 ^~~~~~~~~~~~~~
../Drivers/OPDM_Driver/Src/opdm_hal_io.c:111:49: note: each undeclared identifier is reported only once for each function it appears in
../Drivers/OPDM_Driver/Src/opdm_hal_io.c:112:34: error: 'OPDM_CURRENT_OUTPUT_TYPE' has no member named 'min_voltage'
  112 |                 CURRENT_OUTPUT[i].min_voltage = HC_MIN_VOLTAGE;
      |                                  ^
In file included from ../Core/Src/stm32f1xx_hal_msp.c:22:
../Core/Inc/main.h:53:1: error: expected ';', identifier or '(' before 'void'
   53 | void Error_Handler(void);
      | ^~~~
make: *** [Core/Src/subdir.mk:34: Core/Src/stm32f1xx_hal_msp.o] Error 1
../Drivers/OPDM_Driver/Src/opdm_hal_io.c:112:49: error: 'HC_MIN_VOLTAGE' undeclared (first use in this function)
  112 |                 CURRENT_OUTPUT[i].min_voltage = HC_MIN_VOLTAGE;
      |                                                 ^~~~~~~~~~~~~~
../Drivers/OPDM_Driver/Src/opdm_hal_io.c:113:34: error: 'OPDM_CURRENT_OUTPUT_TYPE' has no member named 'max_voltage'
  113 |                 CURRENT_OUTPUT[i].max_voltage = HC_MAX_VOLTAGE;
      |                                  ^
../Drivers/OPDM_Driver/Src/opdm_hal_io.c:113:49: error: 'HC_MAX_VOLTAGE' undeclared (first use in this function)
  113 |                 CURRENT_OUTPUT[i].max_voltage = HC_MAX_VOLTAGE;
      |                                                 ^~~~~~~~~~~~~~
../Drivers/OPDM_Driver/Src/opdm_hal_io.c: At top level:
../Drivers/OPDM_Driver/Src/opdm_hal_io.c:117:6: warning: conflicting types for 'initialize_low_current_outputs'
  117 | void initialize_low_current_outputs(){
      |      ^~~~~~~~~~~~~~~~~~~~~~~~~~~~~~
../Drivers/OPDM_Driver/Src/opdm_hal_io.c:100:9: note: previous implicit declaration of 'initialize_low_current_outputs' was here
  100 |         initialize_low_current_outputs();
      |         ^~~~~~~~~~~~~~~~~~~~~~~~~~~~~~
../Drivers/OPDM_Driver/Src/opdm_hal_io.c: In function 'initialize_low_current_outputs':
../Drivers/OPDM_Driver/Src/opdm_hal_io.c:119:34: error: 'OPDM_CURRENT_OUTPUT_TYPE' has no member named 'port_n_pin'
  119 |                 CURRENT_OUTPUT[i].port_n_pin = CURRENT_OUTPUT_GPIO[i];
      |                                  ^
../Drivers/OPDM_Driver/Src/opdm_hal_io.c:120:34: error: 'OPDM_CURRENT_OUTPUT_TYPE' has no member named 'enable'
  120 |                 CURRENT_OUTPUT[i].enable = CURRENT_OUTPUT_ENABLE[i];
      |                                  ^
../Drivers/OPDM_Driver/Src/opdm_hal_io.c:121:34: error: 'OPDM_CURRENT_OUTPUT_TYPE' has no member named 'fault'
  121 |                 CURRENT_OUTPUT[i].fault = FALSE;
      |                                  ^
../Drivers/OPDM_Driver/Src/opdm_hal_io.c:122:34: error: 'OPDM_CURRENT_OUTPUT_TYPE' has no member named 'current_reading'
  122 |                 CURRENT_OUTPUT[i].current_reading = 0.0;
      |                                  ^
../Drivers/OPDM_Driver/Src/opdm_hal_io.c:123:34: error: 'OPDM_CURRENT_OUTPUT_TYPE' has no member named 'voltage_reading'
  123 |                 CURRENT_OUTPUT[i].voltage_reading = 0.0;
      |                                  ^
../Drivers/OPDM_Driver/Src/opdm_hal_io.c:124:34: error: 'OPDM_CURRENT_OUTPUT_TYPE' has no member named 'current_setpoint'
  124 |                 CURRENT_OUTPUT[i].current_setpoint = 0.0;
      |                                  ^
../Drivers/OPDM_Driver/Src/opdm_hal_io.c:125:34: error: 'OPDM_CURRENT_OUTPUT_TYPE' has no member named 'max_current'
  125 |                 CURRENT_OUTPUT[i].max_current = LC_MAX_CURRENT;
      |                                  ^
../Drivers/OPDM_Driver/Src/opdm_hal_io.c:125:49: error: 'LC_MAX_CURRENT' undeclared (first use in this function)
  125 |                 CURRENT_OUTPUT[i].max_current = LC_MAX_CURRENT;
      |                                                 ^~~~~~~~~~~~~~
../Drivers/OPDM_Driver/Src/opdm_hal_io.c:126:34: error: 'OPDM_CURRENT_OUTPUT_TYPE' has no member named 'min_voltage'
  126 |                 CURRENT_OUTPUT[i].min_voltage = LC_MIN_VOLTAGE;
      |                                  ^
../Drivers/OPDM_Driver/Src/opdm_hal_io.c:126:49: error: 'LC_MIN_VOLTAGE' undeclared (first use in this function)
  126 |                 CURRENT_OUTPUT[i].min_voltage = LC_MIN_VOLTAGE;
      |                                                 ^~~~~~~~~~~~~~
../Drivers/OPDM_Driver/Src/opdm_hal_io.c:127:34: error: 'OPDM_CURRENT_OUTPUT_TYPE' has no member named 'max_voltage'
  127 |                 CURRENT_OUTPUT[i].max_voltage = LC_MAX_VOLTAGE;
      |                                  ^
../Drivers/OPDM_Driver/Src/opdm_hal_io.c:127:49: error: 'LC_MAX_VOLTAGE' undeclared (first use in this function)
  127 |                 CURRENT_OUTPUT[i].max_voltage = LC_MAX_VOLTAGE;
      |                                                 ^~~~~~~~~~~~~~
../Drivers/OPDM_Driver/Src/opdm_hal_io.c: In function 'PDM_SetCurrentOutput':
../Drivers/OPDM_Driver/Src/opdm_hal_io.c:134:49: error: 'OPDM_CURRENT_OUTPUT_TYPE' has no member named 'port'
  134 |         HAL_GPIO_WritePin(CURRENT_OUTPUT[output].port, CURRENT_OUTPUT[output].pin, GPIO_PIN_SET);
      |                                                 ^
../Drivers/OPDM_Driver/Src/opdm_hal_io.c:134:78: error: 'OPDM_CURRENT_OUTPUT_TYPE' has no member named 'pin'
  134 |         HAL_GPIO_WritePin(CURRENT_OUTPUT[output].port, CURRENT_OUTPUT[output].pin, GPIO_PIN_SET);
      |                                                                              ^
../Drivers/OPDM_Driver/Src/opdm_hal_io.c: In function 'PDM_ResetCurrentOutput':
../Drivers/OPDM_Driver/Src/opdm_hal_io.c:139:49: error: 'OPDM_CURRENT_OUTPUT_TYPE' has no member named 'port'
  139 |         HAL_GPIO_WritePin(CURRENT_OUTPUT[output].port, CURRENT_OUTPUT[output].pin, GPIO_PIN_RESET);
      |                                                 ^
../Drivers/OPDM_Driver/Src/opdm_hal_io.c:139:78: error: 'OPDM_CURRENT_OUTPUT_TYPE' has no member named 'pin'
  139 |         HAL_GPIO_WritePin(CURRENT_OUTPUT[output].port, CURRENT_OUTPUT[output].pin, GPIO_PIN_RESET);
      |                                                                              ^
make: *** [Drivers/OPDM_Driver/Src/subdir.mk:19: Drivers/OPDM_Driver/Src/opdm_hal_io.o] Error 1
"make -j8 all" terminated with exit code 2. Build might be incomplete.
